#
# A fatal error has been detected by the Java Runtime Environment:
#
#  SIGSEGV (0xb) at pc=0x70d3ad28, pid=3267, tid=3474
#
# JRE version: OpenJDK Runtime Environment (13.0+33) (build 13-BellSoft+33)
# Java VM: OpenJDK Server VM (13-BellSoft+33, mixed mode, g1 gc, linux-arm)
# Problematic frame:
# C  [libpigpio.so.1+0x21d28]
#
# No core dump will be written. Core dumps have been disabled. To enable core dumping, try "ulimit -c unlimited" before starting Java again
#
# If you would like to submit a bug report, please visit:
#   http://bugreport.java.com/bugreport/crash.jsp
# The crash happened outside the Java Virtual Machine in native code.
# See problematic frame for where to report the bug.
#

---------------  S U M M A R Y ------------

Command Line: -javaagent:/home/pi/Desktop/idea-IC-202.7660.26/lib/idea_rt.jar=37105:/home/pi/Desktop/idea-IC-202.7660.26/bin -Dfile.encoding=UTF-8 --module-path=/root/IdeaProjects/pi4j-example-minimal/target/classes:/root/.m2/repository/org/slf4j/slf4j-api/2.0.0-alpha0/slf4j-api-2.0.0-alpha0.jar:/root/.m2/repository/org/slf4j/slf4j-simple/2.0.0-alpha0/slf4j-simple-2.0.0-alpha0.jar:/root/.m2/repository/com/pi4j/pi4j-core/2.0-SNAPSHOT/pi4j-core-2.0-20210326.183037-28.jar:/root/.m2/repository/com/pi4j/pi4j-plugin-raspberrypi/2.0-SNAPSHOT/pi4j-plugin-raspberrypi-2.0-20210326.183059-37.jar:/root/.m2/repository/com/pi4j/pi4j-plugin-pigpio/2.0-SNAPSHOT/pi4j-plugin-pigpio-2.0-20210326.183053-37.jar:/root/.m2/repository/com/pi4j/pi4j-library-pigpio/2.0-SNAPSHOT/pi4j-library-pigpio-2.0-20210326.183020-46.jar -Djdk.module.main=com.pi4j.example com.pi4j.example/com.pi4j.example.Test

Host: rev 3 (v7l), 4 cores, 3G, Raspbian GNU/Linux 10 (buster)
Time: Wed Apr  7 20:03:43 2021 CEST elapsed time: 430 seconds (0d 0h 7m 10s)

---------------  T H R E A D  ---------------

Current thread (0x71172000):  JavaThread "pi4j-shutdown" [_thread_in_native, id=3474, stack(0x70110000,0x70160000)]

Stack: [0x70110000,0x70160000],  sp=0x7015e8b0,  free space=314k
Native frames: (J=compiled Java code, A=aot compiled Java code, j=interpreted, Vv=VM code, C=native code)
C  [libpigpio.so.1+0x21d28]
C  0x7015ea70

Java frames: (J=compiled Java code, j=interpreted, Vv=VM code)
j  com.pi4j.library.pigpio.internal.PIGPIO.gpioTerminate()V+0 com.pi4j.library.pigpio@2.0-SNAPSHOT
j  com.pi4j.library.pigpio.impl.PiGpioNativeImpl.gpioTerminate()V+22 com.pi4j.library.pigpio@2.0-SNAPSHOT
j  com.pi4j.library.pigpio.PiGpio.shutdown()V+1 com.pi4j.library.pigpio@2.0-SNAPSHOT
j  com.pi4j.plugin.pigpio.PiGpioPlugin.shutdown(Lcom/pi4j/context/Context;)V+23 com.pi4j.plugin.pigpio@2.0-SNAPSHOT
j  com.pi4j.runtime.impl.DefaultRuntime.shutdown()Lcom/pi4j/runtime/Runtime;+87 com.pi4j@2.0-SNAPSHOT
j  com.pi4j.runtime.impl.DefaultRuntime.lambda$new$2()V+8 com.pi4j@2.0-SNAPSHOT
j  com.pi4j.runtime.impl.DefaultRuntime$$Lambda$172.run()V+4 com.pi4j@2.0-SNAPSHOT
j  java.lang.Thread.run()V+11 java.base@13-BellSoft
v  ~StubRoutines::call_stub

siginfo: si_signo: 11 (SIGSEGV), si_code: 1 (SEGV_MAPERR), si_addr: 0xb6003950

Register to memory mapping:

  r0  = 0x00000000
0x0 is NULL

  r1  = 0x00001000
0x00001000 is an unknown value

  r2  = 0xffffffff
0xffffffff is an unknown value

  r3  = 0xb600334c
0xb600334c is an unknown value

  r4  = 0xb600394c
0xb600394c is an unknown value

  r5  = 0xb60043dc
0xb60043dc is an unknown value

  r6  = 0x00000014
0x00000014 is an unknown value

  r7  = 0xb6003000
0xb6003000 is an unknown value

  r8  = 0xb6f19968
0xb6f19968: __stack_chk_guard+0x00000000 in /lib/ld-linux-armhf.so.3 at 0xb6ee9000

  r9  = 0x7102b880
{method} {0x7102b880} 'gpioTerminate' '()V' in 'com/pi4j/library/pigpio/internal/PIGPIO'

  r10 = 0x71172000
0x71172000 is a thread

  fp  = 0x7015ea40
0x7015ea40 is pointing into the stack for thread: 0x71172000

  r12 = 0x70d662c4
0x70d662c4: <offset 0x0004d2c4> in /usr/lib/libpigpio.so.1 at 0x70d19000

  sp  = 0x7015e8b0
0x7015e8b0 is pointing into the stack for thread: 0x71172000

  lr  = 0x70d3ad34
0x70d3ad34: <offset 0x00021d34> in /usr/lib/libpigpio.so.1 at 0x70d19000

  pc  = 0x70d3ad28
0x70d3ad28: <offset 0x00021d28> in /usr/lib/libpigpio.so.1 at 0x70d19000



Registers:
  r0  = 0x00000000
  r1  = 0x00001000
  r2  = 0xffffffff
  r3  = 0xb600334c
  r4  = 0xb600394c
  r5  = 0xb60043dc
  r6  = 0x00000014
  r7  = 0xb6003000
  r8  = 0xb6f19968
  r9  = 0x7102b880
  r10 = 0x71172000
  fp  = 0x7015ea40
  r12 = 0x70d662c4
  sp  = 0x7015e8b0
  lr  = 0x70d3ad34
  pc  = 0x70d3ad28
  cpsr = 0x80000010

Top of Stack: (sp=0x7015e8b0)
0x7015e8b0:   7015e988 b6f19968 7015e8cc b6740670
0x7015e8c0:   71172000 741ecd78 7015e8fc b67471f8
0x7015e8d0:   712b33a2 00000001 7015e8d8 74cfba0a
0x7015e8e0:   7015e910 74d93f30 00000000 77e67928
0x7015e8f0:   74cfba58 00000000 7015e8f8 712b3e50
0x7015e900:   7015e924 712b6068 00000000 7aa30120
0x7015e910:   712b3e68 00000000 7015e924 7015e94c
0x7015e920:   b3d20334 7b49ca90 7015e928 710ad27c 

Instructions: (pc=0x70d3ad28)
0x70d3ac28:   0a000001 e3a01024 ebff89ff e59f368c
0x70d3ac38:   e08f3003 e5930074 e3700001 0a000001
0x70d3ac48:   e3a01028 ebff89f8 e59f3674 e79f0003
0x70d3ac58:   e3700001 0a000001 e3a0101c ebff89f2
0x70d3ac68:   e59f3660 e08f3003 e5930034 e3700001
0x70d3ac78:   0a000001 e3a01018 ebff89eb e59f3648
0x70d3ac88:   e3e02000 e08f3003 e59300c8 e583202c
0x70d3ac98:   e1500002 e583206c e5832064 e58320c4
0x70d3aca8:   e5832030 e5832078 e5832074 e5832000
0x70d3acb8:   e5832034 0a000006 e59f2610 e3a030d4
0x70d3acc8:   e08f2002 e5922004 e0030293 e2831e35
0x70d3acd8:   ebff89d5 e59f35f8 e3e02000 e08f3003
0x70d3ace8:   e59370cc e58320c8 e1570002 0a000015
0x70d3acf8:   e59f35e0 e08f3003 e5936004 e0863086
0x70d3ad08:   e0863103 e0863103 e37300d4 0a000008
0x70d3ad18:   e3a050d4 e2873fd3 e0253695 e2474004
0x70d3ad28:   e5b40004 e3a01a01 ebff89bf e1540005
0x70d3ad38:   1afffffa e3a010d4 e1a00007 e0010691
0x70d3ad48:   e2811e35 ebff89b8 e59f358c e3e02000
0x70d3ad58:   e08f3003 e59370d0 e58320cc e1570002
0x70d3ad68:   0a000010 e59f3574 e08f3003 e5933004
0x70d3ad78:   e3730004 0a000137 e1a06103 e0875006
0x70d3ad88:   e285500c e2474004 e5b40004 e3a01a35
0x70d3ad98:   ebff89a5 e1540005 1afffffa e2861010
0x70d3ada8:   e1a00007 ebff89a0 e59f3534 e3e01000
0x70d3adb8:   e08f3003 e59320d4 e58310d0 e1520001
0x70d3adc8:   0a000048 e59f051c e3a01000 e08f0000
0x70d3add8:   ebff88db e2507000 ba00010d e59f3508
0x70d3ade8:   e59f2508 e08f3003 e08f2002 e5934004
0x70d3adf8:   e58270d8 e3740004 0a00002f e59250d4
0x70d3ae08:   e59fb4ec e0854204 e2455040 ea000002
0x70d3ae18:   e2444010 e1550004 0a000027 e5943030 


Stack slot to memory mapping:
stack at sp + 0 slots: 0x7015e988 is pointing into the stack for thread: 0x71172000
stack at sp + 1 slots: 0xb6f19968: __stack_chk_guard+0x00000000 in /lib/ld-linux-armhf.so.3 at 0xb6ee9000
stack at sp + 2 slots: 0x7015e8cc is pointing into the stack for thread: 0x71172000
stack at sp + 3 slots: 0xb6740670: <offset 0x005b6670> in /usr/lib/jvm/bellsoft-java13-arm32-vfp-hflt/lib/server/libjvm.so at 0xb618a000
stack at sp + 4 slots: 0x71172000 is a thread
stack at sp + 5 slots: 0x741ecd78 points into unknown readable memory: d8 62 92 7b
stack at sp + 6 slots: 0x7015e8fc is pointing into the stack for thread: 0x71172000
stack at sp + 7 slots: 0xb67471f8: <offset 0x005bd1f8> in /usr/lib/jvm/bellsoft-java13-arm32-vfp-hflt/lib/server/libjvm.so at 0xb618a000


---------------  P R O C E S S  ---------------

Threads class SMR info:
_java_thread_list=0x73b560f0, length=38, elements={
0x74b61800, 0x74b63800, 0x74b72000, 0x74b73800,
0x74b75000, 0x74bce400, 0x75100c00, 0x7435a800,
0x7435bc00, 0x73b69c00, 0x73b6ac00, 0x73b6e400,
0x73b73000, 0xb5f13000, 0x749c0400, 0x749c1000,
0x749c2000, 0x749c3400, 0x749c4800, 0x749c5c00,
0x749c7000, 0x71157000, 0x71158400, 0x71159c00,
0x7115b400, 0x7115cc00, 0x71165400, 0x71166800,
0x71168000, 0x71169800, 0x7116ac00, 0x71170400,
0x71172000, 0x71174000, 0x71175000, 0x71176400,
0x71177800, 0x711b2c00
}

Java Threads: ( => current thread )
  0x74b61800 JavaThread "Reference Handler" daemon [_thread_blocked, id=3278, stack(0x7582e000,0x7587e000)]
  0x74b63800 JavaThread "Finalizer" daemon [_thread_blocked, id=3281, stack(0x7562e000,0x7567e000)]
  0x74b72000 JavaThread "Signal Dispatcher" daemon [_thread_blocked, id=3283, stack(0x7542e000,0x7547e000)]
  0x74b73800 JavaThread "C2 CompilerThread0" daemon [_thread_blocked, id=3284, stack(0x74a80000,0x74b00000)]
  0x74b75000 JavaThread "Sweeper thread" daemon [_thread_blocked, id=3285, stack(0x7522e000,0x7527e000)]
  0x74bce400 JavaThread "Common-Cleaner" daemon [_thread_blocked, id=3288, stack(0x74a30000,0x74a80000)]
  0x75100c00 JavaThread "Attach Listener" daemon [_thread_blocked, id=3290, stack(0x740b0000,0x74100000)]
  0x7435a800 JavaThread "Monitor Ctrl-Break" daemon [_thread_in_native, id=3291, stack(0x74060000,0x740b0000)]
  0x7435bc00 JavaThread "Service Thread" daemon [_thread_blocked, id=3292, stack(0x74010000,0x74060000)]
  0x73b69c00 JavaThread "Java2D Disposer" daemon [_thread_blocked, id=3298, stack(0x74406000,0x74486000)]
  0x73b6ac00 JavaThread "AWT-XAWT" daemon [_thread_in_native, id=3299, stack(0x717f1000,0x71841000)]
  0x73b6e400 JavaThread "AWT-Shutdown" [_thread_blocked, id=3300, stack(0x717a1000,0x717f1000)]
  0x73b73000 JavaThread "AWT-EventQueue-0" [_thread_blocked, id=3301, stack(0x71751000,0x717a1000)]
  0xb5f13000 JavaThread "DestroyJavaVM" [_thread_blocked, id=3268, stack(0xb60b8000,0xb6108000)]
  0x749c0400 JavaThread "pi4j-shutdown" [_thread_in_native, id=3455, stack(0x70f80000,0x71000000)]
  0x749c1000 JavaThread "pi4j-shutdown" [_thread_in_native, id=3456, stack(0x706b0000,0x70700000)]
  0x749c2000 JavaThread "pi4j-shutdown" [_thread_in_native, id=3457, stack(0x70660000,0x706b0000)]
  0x749c3400 JavaThread "pi4j-shutdown" [_thread_in_native, id=3458, stack(0x70610000,0x70660000)]
  0x749c4800 JavaThread "pi4j-shutdown" [_thread_in_native, id=3459, stack(0x705c0000,0x70610000)]
  0x749c5c00 JavaThread "pi4j-shutdown" [_thread_in_native, id=3460, stack(0x70570000,0x705c0000)]
  0x749c7000 JavaThread "pi4j-shutdown" [_thread_in_native, id=3461, stack(0x70520000,0x70570000)]
  0x71157000 JavaThread "pi4j-shutdown" [_thread_in_native, id=3462, stack(0x704d0000,0x70520000)]
  0x71158400 JavaThread "pi4j-shutdown" [_thread_in_native, id=3463, stack(0x70480000,0x704d0000)]
  0x71159c00 JavaThread "pi4j-shutdown" [_thread_in_native, id=3464, stack(0x70430000,0x70480000)]
  0x7115b400 JavaThread "pi4j-shutdown" [_thread_in_native, id=3465, stack(0x703e0000,0x70430000)]
  0x7115cc00 JavaThread "pi4j-shutdown" [_thread_in_native, id=3466, stack(0x70390000,0x703e0000)]
  0x71165400 JavaThread "pi4j-shutdown" [_thread_in_native, id=3468, stack(0x702f0000,0x70340000)]
  0x71166800 JavaThread "pi4j-shutdown" [_thread_in_native, id=3469, stack(0x702a0000,0x702f0000)]
  0x71168000 JavaThread "pi4j-shutdown" [_thread_in_native, id=3470, stack(0x70250000,0x702a0000)]
  0x71169800 JavaThread "pi4j-shutdown" [_thread_in_native, id=3471, stack(0x70200000,0x70250000)]
  0x7116ac00 JavaThread "pi4j-shutdown" [_thread_in_native, id=3472, stack(0x701b0000,0x70200000)]
  0x71170400 JavaThread "pi4j-shutdown" [_thread_in_native, id=3473, stack(0x70160000,0x701b0000)]
=>0x71172000 JavaThread "pi4j-shutdown" [_thread_in_native, id=3474, stack(0x70110000,0x70160000)]
  0x71174000 JavaThread "pi4j-shutdown" [_thread_in_native, id=3475, stack(0x700c0000,0x70110000)]
  0x71175000 JavaThread "pi4j-shutdown" [_thread_in_native, id=3476, stack(0x70070000,0x700c0000)]
  0x71176400 JavaThread "pi4j-shutdown" [_thread_in_native, id=3477, stack(0x70020000,0x70070000)]
  0x71177800 JavaThread "pi4j-shutdown" [_thread_in_native, id=3478, stack(0x6ffd0000,0x70020000)]
  0x711b2c00 JavaThread "pi4j-shutdown" [_thread_in_native, id=3479, stack(0x6ff80000,0x6ffd0000)]

Other Threads:
  0x74b5b800 VMThread "VM Thread" [stack: 0x74c34000,0x74cb4000] [id=3277]
  0x7435dc00 WatcherThread [stack: 0x73f90000,0x74010000] [id=3293]
  0xb5f7d400 GCTaskThread "GC Thread#0" [stack: 0xb3c5c000,0xb3cdc000] [id=3272]
  0x711aa800 GCTaskThread "GC Thread#1" [stack: 0x70f00000,0x70f80000] [id=3313]
  0x7119c000 GCTaskThread "GC Thread#2" [stack: 0x70e7e000,0x70efe000] [id=3314]
  0x711a6800 GCTaskThread "GC Thread#3" [stack: 0x70dfc000,0x70e7c000] [id=3315]
  0xb5f82c00 ConcurrentGCThread "G1 Main Marker" [stack: 0x75880000,0x75900000] [id=3273]
  0xb5f84000 ConcurrentGCThread "G1 Conc#0" [stack: 0x75680000,0x75700000] [id=3274]
  0xb5fea800 ConcurrentGCThread "G1 Refine#0" [stack: 0x75480000,0x75500000] [id=3275]
  0xb5febc00 ConcurrentGCThread "G1 Young RemSet Sampling" [stack: 0x75280000,0x75300000] [id=3276]

Threads with active compile tasks:

VM state:not at safepoint (normal execution)

VM Mutex/Monitor currently owned by a thread:  ([mutex/lock_event])
[0xb5f0f8a8] Service_lock - owner thread: 0x7435bc00

Heap:
 garbage-first heap   total 61440K, used 15988K [0x77e00000, 0xb3c00000)
  region size 1024K, 16 young (16384K), 2 survivors (2048K)
 Metaspace       used 12157K, capacity 12287K, committed 12312K, reserved 12592K
Heap Regions: E=young(eden), S=young(survivor), O=old, HS=humongous(starts), HC=humongous(continues), CS=collection set, F=free, A=archive, TAMS=top-at-mark-start (previous, next)
|   0|0x77e00000, 0x77e9d200, 0x77f00000| 61%| O|  |TAMS 0x77e00000, 0x77e00000| Untracked 
|   1|0x77f00000, 0x77f00000, 0x78000000|  0%| F|  |TAMS 0x77f00000, 0x77f00000| Untracked 
|   2|0x78000000, 0x78000000, 0x78100000|  0%| F|  |TAMS 0x78000000, 0x78000000| Untracked 
|   3|0x78100000, 0x78100000, 0x78200000|  0%| F|  |TAMS 0x78100000, 0x78100000| Untracked 
|   4|0x78200000, 0x78200000, 0x78300000|  0%| F|  |TAMS 0x78200000, 0x78200000| Untracked 
|   5|0x78300000, 0x78300000, 0x78400000|  0%| F|  |TAMS 0x78300000, 0x78300000| Untracked 
|   6|0x78400000, 0x78400000, 0x78500000|  0%| F|  |TAMS 0x78400000, 0x78400000| Untracked 
|   7|0x78500000, 0x78500000, 0x78600000|  0%| F|  |TAMS 0x78500000, 0x78500000| Untracked 
|   8|0x78600000, 0x78600000, 0x78700000|  0%| F|  |TAMS 0x78600000, 0x78600000| Untracked 
|   9|0x78700000, 0x78700000, 0x78800000|  0%| F|  |TAMS 0x78700000, 0x78700000| Untracked 
|  10|0x78800000, 0x78800000, 0x78900000|  0%| F|  |TAMS 0x78800000, 0x78800000| Untracked 
|  11|0x78900000, 0x78900000, 0x78a00000|  0%| F|  |TAMS 0x78900000, 0x78900000| Untracked 
|  12|0x78a00000, 0x78a00000, 0x78b00000|  0%| F|  |TAMS 0x78a00000, 0x78a00000| Untracked 
|  13|0x78b00000, 0x78b00000, 0x78c00000|  0%| F|  |TAMS 0x78b00000, 0x78b00000| Untracked 
|  14|0x78c00000, 0x78c00000, 0x78d00000|  0%| F|  |TAMS 0x78c00000, 0x78c00000| Untracked 
|  15|0x78d00000, 0x78d00000, 0x78e00000|  0%| F|  |TAMS 0x78d00000, 0x78d00000| Untracked 
|  16|0x78e00000, 0x78e00000, 0x78f00000|  0%| F|  |TAMS 0x78e00000, 0x78e00000| Untracked 
|  17|0x78f00000, 0x78f00000, 0x79000000|  0%| F|  |TAMS 0x78f00000, 0x78f00000| Untracked 
|  18|0x79000000, 0x79000000, 0x79100000|  0%| F|  |TAMS 0x79000000, 0x79000000| Untracked 
|  19|0x79100000, 0x79100000, 0x79200000|  0%| F|  |TAMS 0x79100000, 0x79100000| Untracked 
|  20|0x79200000, 0x79200000, 0x79300000|  0%| F|  |TAMS 0x79200000, 0x79200000| Untracked 
|  21|0x79300000, 0x79300000, 0x79400000|  0%| F|  |TAMS 0x79300000, 0x79300000| Untracked 
|  22|0x79400000, 0x79400000, 0x79500000|  0%| F|  |TAMS 0x79400000, 0x79400000| Untracked 
|  23|0x79500000, 0x79500000, 0x79600000|  0%| F|  |TAMS 0x79500000, 0x79500000| Untracked 
|  24|0x79600000, 0x79600000, 0x79700000|  0%| F|  |TAMS 0x79600000, 0x79600000| Untracked 
|  25|0x79700000, 0x79700000, 0x79800000|  0%| F|  |TAMS 0x79700000, 0x79700000| Untracked 
|  26|0x79800000, 0x79800000, 0x79900000|  0%| F|  |TAMS 0x79800000, 0x79800000| Untracked 
|  27|0x79900000, 0x79900000, 0x79a00000|  0%| F|  |TAMS 0x79900000, 0x79900000| Untracked 
|  28|0x79a00000, 0x79a00000, 0x79b00000|  0%| F|  |TAMS 0x79a00000, 0x79a00000| Untracked 
|  29|0x79b00000, 0x79b00000, 0x79c00000|  0%| F|  |TAMS 0x79b00000, 0x79b00000| Untracked 
|  30|0x79c00000, 0x79c00000, 0x79d00000|  0%| F|  |TAMS 0x79c00000, 0x79c00000| Untracked 
|  31|0x79d00000, 0x79d00000, 0x79e00000|  0%| F|  |TAMS 0x79d00000, 0x79d00000| Untracked 
|  32|0x79e00000, 0x79e00000, 0x79f00000|  0%| F|  |TAMS 0x79e00000, 0x79e00000| Untracked 
|  33|0x79f00000, 0x79f00000, 0x7a000000|  0%| F|  |TAMS 0x79f00000, 0x79f00000| Untracked 
|  34|0x7a000000, 0x7a000000, 0x7a100000|  0%| F|  |TAMS 0x7a000000, 0x7a000000| Untracked 
|  35|0x7a100000, 0x7a100000, 0x7a200000|  0%| F|  |TAMS 0x7a100000, 0x7a100000| Untracked 
|  36|0x7a200000, 0x7a200000, 0x7a300000|  0%| F|  |TAMS 0x7a200000, 0x7a200000| Untracked 
|  37|0x7a300000, 0x7a300000, 0x7a400000|  0%| F|  |TAMS 0x7a300000, 0x7a300000| Untracked 
|  38|0x7a400000, 0x7a400000, 0x7a500000|  0%| F|  |TAMS 0x7a400000, 0x7a400000| Untracked 
|  39|0x7a500000, 0x7a500000, 0x7a600000|  0%| F|  |TAMS 0x7a500000, 0x7a500000| Untracked 
|  40|0x7a600000, 0x7a600000, 0x7a700000|  0%| F|  |TAMS 0x7a600000, 0x7a600000| Untracked 
|  41|0x7a700000, 0x7a700000, 0x7a800000|  0%| F|  |TAMS 0x7a700000, 0x7a700000| Untracked 
|  42|0x7a800000, 0x7a800000, 0x7a900000|  0%| F|  |TAMS 0x7a800000, 0x7a800000| Untracked 
|  43|0x7a900000, 0x7a900000, 0x7aa00000|  0%| F|  |TAMS 0x7a900000, 0x7a900000| Untracked 
|  44|0x7aa00000, 0x7ab00000, 0x7ab00000|100%| S|CS|TAMS 0x7aa00000, 0x7aa00000| Complete 
|  45|0x7ab00000, 0x7ac00000, 0x7ac00000|100%| S|CS|TAMS 0x7ab00000, 0x7ab00000| Complete 
|  46|0x7ac00000, 0x7acaea00, 0x7ad00000| 68%| E|  |TAMS 0x7ac00000, 0x7ac00000| Complete 
|  47|0x7ad00000, 0x7ae00000, 0x7ae00000|100%| E|CS|TAMS 0x7ad00000, 0x7ad00000| Complete 
|  48|0x7ae00000, 0x7af00000, 0x7af00000|100%| E|CS|TAMS 0x7ae00000, 0x7ae00000| Complete 
|  49|0x7af00000, 0x7b000000, 0x7b000000|100%| E|CS|TAMS 0x7af00000, 0x7af00000| Complete 
|  50|0x7b000000, 0x7b100000, 0x7b100000|100%| E|CS|TAMS 0x7b000000, 0x7b000000| Complete 
|  51|0x7b100000, 0x7b200000, 0x7b200000|100%| E|CS|TAMS 0x7b100000, 0x7b100000| Complete 
|  52|0x7b200000, 0x7b300000, 0x7b300000|100%| E|CS|TAMS 0x7b200000, 0x7b200000| Complete 
|  53|0x7b300000, 0x7b400000, 0x7b400000|100%| E|CS|TAMS 0x7b300000, 0x7b300000| Complete 
|  54|0x7b400000, 0x7b500000, 0x7b500000|100%| E|CS|TAMS 0x7b400000, 0x7b400000| Complete 
|  55|0x7b500000, 0x7b600000, 0x7b600000|100%| E|CS|TAMS 0x7b500000, 0x7b500000| Complete 
|  56|0x7b600000, 0x7b700000, 0x7b700000|100%| E|CS|TAMS 0x7b600000, 0x7b600000| Complete 
|  57|0x7b700000, 0x7b800000, 0x7b800000|100%| E|CS|TAMS 0x7b700000, 0x7b700000| Complete 
|  58|0x7b800000, 0x7b900000, 0x7b900000|100%| E|CS|TAMS 0x7b800000, 0x7b800000| Complete 
|  59|0x7b900000, 0x7ba00000, 0x7ba00000|100%| E|CS|TAMS 0x7b900000, 0x7b900000| Complete 

Card table byte_map: [0x77a42000,0x77c21000] _byte_map_base: 0x77683000

Marking Bits (Prev, Next): (CMBitMap*) 0xb5f7e5c4, (CMBitMap*) 0xb5f7e5e4
 Prev Bits: [0x7696b000, 0x77863000)
 Next Bits: [0x75a73000, 0x7696b000)

Polling page: 0xb6f13000

Metaspace:

Usage:
   12,00 MB capacity,    11,87 MB ( 99%) used,    80,53 KB ( <1%) free+waste,    49,34 KB ( <1%) overhead. 

Virtual space:
     12,30 MB reserved,      12,02 MB ( 98%) committed 

Chunk freelists:
0 bytes

MaxMetaspaceSize: unlimited


CodeCache: size=32768Kb used=754Kb max_used=766Kb free=32013Kb
 bounds [0xb3d1c000, 0xb3e9c000, 0xb5d1c000]
 total_blobs=975 nmethods=307 adapters=215
 compilation: enabled
              stopped_count=0, restarted_count=0
 full_count=0

Compilation events (20 events):
Event: 22,745 Thread 0x741ec800  296             jdk.internal.misc.Unsafe::getFloat (7 bytes)
Event: 22,745 Thread 0x741ec800 nmethod 296 0xb3dd6a88 code [0xb3dd6b80, 0xb3dd6bdc]
Event: 22,810 Thread 0x74b73800  298             java.lang.String::indexOf (29 bytes)
Event: 22,810 Thread 0x741ec800  299             java.lang.StringUTF16::indexOf (43 bytes)
Event: 22,815 Thread 0x74b73800 nmethod 298 0xb3dd6388 code [0xb3dd6480, 0xb3dd665c]
Event: 22,815 Thread 0x741ec800 nmethod 299 0xb3dd5f88 code [0xb3dd6080, 0xb3dd624c]
Event: 22,980 Thread 0x741ec800  300             java.util.Objects::checkIndex (7 bytes)
Event: 22,981 Thread 0x741ec800 nmethod 300 0xb3dd5b88 code [0xb3dd5c80, 0xb3dd5cfc]
Event: 22,981 Thread 0x741ec800  301             jdk.internal.util.Preconditions::checkIndex (18 bytes)
Event: 22,982 Thread 0x741ec800 nmethod 301 0xb3dd9108 code [0xb3dd9200, 0xb3dd928c]
Event: 36,832 Thread 0x74b73800  302             java.util.ArrayList::elementData (7 bytes)
Event: 36,833 Thread 0x74b73800 nmethod 302 0xb3dd8e08 code [0xb3dd8f00, 0xb3dd8f9c]
Event: 36,836 Thread 0x74b73800  303             java.util.ArrayList::get (15 bytes)
Event: 36,839 Thread 0x74b73800 nmethod 303 0xb3dd8b08 code [0xb3dd8c00, 0xb3dd8cdc]
Event: 426,825 Thread 0x74b73800  304             java.awt.Toolkit$SelectiveAWTEventListener::eventDispatched (745 bytes)
Event: 426,847 Thread 0x74b73800 nmethod 304 0xb3dd7b88 code [0xb3dd7cd0, 0xb3dd8608]
Event: 426,897 Thread 0x74b73800  305             java.lang.StrictMath::floorOrCeil (128 bytes)
Event: 426,900 Thread 0x74b73800 nmethod 305 0xb3dda808 code [0xb3dda900, 0xb3ddaa0c]
Event: 430,345 Thread 0x74b73800  307             java.util.concurrent.ConcurrentHashMap$Traverser::advance (188 bytes)
Event: 430,353 Thread 0x74b73800 nmethod 307 0xb3dd9f88 code [0xb3dda090, 0xb3dda39c]

GC Heap History (2 events):
Event: 7,277 GC heap before
{Heap before GC invocations=0 (full 0):
 garbage-first heap   total 61440K, used 14336K [0x77e00000, 0xb3c00000)
  region size 1024K, 14 young (14336K), 0 survivors (0K)
 Metaspace       used 11499K, capacity 11621K, committed 11672K, reserved 12592K
}
Event: 7,296 GC heap after
{Heap after GC invocations=1 (full 0):
 garbage-first heap   total 61440K, used 2676K [0x77e00000, 0xb3c00000)
  region size 1024K, 2 young (2048K), 2 survivors (2048K)
 Metaspace       used 11499K, capacity 11621K, committed 11672K, reserved 12592K
}

Deoptimization events (20 events):
Event: 7,410 Thread 0x73b73000 Uncommon trap: trap_request=0xffffffc6 fr.pc=0xb3dae8dc relative=0x0000016c
Event: 7,410 Thread 0x73b73000 Uncommon trap: reason=bimorphic action=maybe_recompile pc=0xb3dae8dc method=java.util.HashMap.putVal(ILjava/lang/Object;Ljava/lang/Object;ZZ)Ljava/lang/Object; @ 253 c2
Event: 7,410 Thread 0x73b73000 DEOPT PACKING pc=0xb3dae8dc sp=0x7179df58
Event: 7,410 Thread 0x73b73000 DEOPT UNPACKING pc=0xb3d4bbfc sp=0x7179df20 mode 2
Event: 7,410 Thread 0x73b73000 Uncommon trap: trap_request=0xffffffc6 fr.pc=0xb3dae8dc relative=0x0000016c
Event: 7,410 Thread 0x73b73000 Uncommon trap: reason=bimorphic action=maybe_recompile pc=0xb3dae8dc method=java.util.HashMap.putVal(ILjava/lang/Object;Ljava/lang/Object;ZZ)Ljava/lang/Object; @ 253 c2
Event: 7,411 Thread 0x73b73000 DEOPT PACKING pc=0xb3dae8dc sp=0x7179df58
Event: 7,411 Thread 0x73b73000 DEOPT UNPACKING pc=0xb3d4bbfc sp=0x7179df20 mode 2
Event: 21,242 Thread 0x73b73000 Uncommon trap: trap_request=0xffffff45 fr.pc=0xb3dc62fc relative=0x0000016c
Event: 21,242 Thread 0x73b73000 Uncommon trap: reason=unstable_if action=reinterpret pc=0xb3dc62fc method=java.lang.Class.reflectionData()Ljava/lang/Class$ReflectionData; @ 11 c2
Event: 21,242 Thread 0x73b73000 DEOPT PACKING pc=0xb3dc62fc sp=0x7179ed90
Event: 21,242 Thread 0x73b73000 DEOPT UNPACKING pc=0xb3d4bbfc sp=0x7179ed74 mode 2
Event: 36,847 Thread 0x73b73000 Uncommon trap: trap_request=0xffffff45 fr.pc=0xb3dce5b8 relative=0x000000b8
Event: 36,847 Thread 0x73b73000 Uncommon trap: reason=unstable_if action=reinterpret pc=0xb3dce5b8 method=java.awt.Component.inside(II)Z @ 13 c2
Event: 36,847 Thread 0x73b73000 DEOPT PACKING pc=0xb3dce5b8 sp=0x7179f290
Event: 36,847 Thread 0x73b73000 DEOPT UNPACKING pc=0xb3d4bbfc sp=0x7179f1fc mode 2
Event: 36,848 Thread 0x73b73000 Uncommon trap: trap_request=0xffffff45 fr.pc=0xb3dc697c relative=0x0000007c
Event: 36,848 Thread 0x73b73000 Uncommon trap: reason=unstable_if action=reinterpret pc=0xb3dc697c method=java.awt.Component.inside(II)Z @ 13 c2
Event: 36,848 Thread 0x73b73000 DEOPT PACKING pc=0xb3dc697c sp=0x7179f338
Event: 36,848 Thread 0x73b73000 DEOPT UNPACKING pc=0xb3d4bbfc sp=0x7179f318 mode 2

Classes unloaded (0 events):
No events

Classes redefined (0 events):
No events

Internal exceptions (20 events):
Event: 2,381 Thread 0x73b73000 Exception <a 'java/lang/NoSuchMethodError'{0x7b3052d0}: 'java.lang.Object java.lang.invoke.DirectMethodHandle$Holder.invokeSpecial(java.lang.Object, java.lang.Object, int, java.lang.Object, java.lang.Object, java.lang.Object)'> (0x7b3052d0) 
thrown [/ws/workspace/jdk-13/label/linux-arm/type/b11/src/hotspot/share/interpreter/linkResolver.cpp, line 767]
Event: 2,418 Thread 0x73b73000 Exception <a 'java/lang/NoSuchMethodError'{0x7b31b5d8}: 'java.lang.Object java.lang.invoke.DirectMethodHandle$Holder.invokeStatic(java.lang.Object, int, java.lang.Object)'> (0x7b31b5d8) 
thrown [/ws/workspace/jdk-13/label/linux-arm/type/b11/src/hotspot/share/interpreter/linkResolver.cpp, line 767]
Event: 2,420 Thread 0x73b73000 Exception <a 'java/lang/NoSuchMethodError'{0x7b320798}: 'java.lang.Object java.lang.invoke.DirectMethodHandle$Holder.invokeStatic(java.lang.Object, int)'> (0x7b320798) 
thrown [/ws/workspace/jdk-13/label/linux-arm/type/b11/src/hotspot/share/interpreter/linkResolver.cpp, line 767]
Event: 2,566 Thread 0x73b73000 Exception <a 'java/lang/NoSuchMethodError'{0x7b3dab88}: 'java.lang.Object java.lang.invoke.Invokers$Holder.linkToTargetMethod(java.lang.Object, int, java.lang.Object)'> (0x7b3dab88) 
thrown [/ws/workspace/jdk-13/label/linux-arm/type/b11/src/hotspot/share/interpreter/linkResolver.cpp, line 767]
Event: 2,593 Thread 0x73b73000 Exception <a 'java/lang/ClassNotFoundException'{0x7b3e8c70}: com/sun/swing/internal/plaf/metal/resources/spi/metalProvider> (0x7b3e8c70) 
thrown [/ws/workspace/jdk-13/label/linux-arm/type/b11/src/hotspot/share/classfile/systemDictionary.cpp, line 232]
Event: 2,597 Thread 0x73b73000 Exception <a 'java/lang/ClassNotFoundException'{0x7b3ed6b8}: com/sun/swing/internal/plaf/basic/resources/spi/basicProvider> (0x7b3ed6b8) 
thrown [/ws/workspace/jdk-13/label/linux-arm/type/b11/src/hotspot/share/classfile/systemDictionary.cpp, line 232]
Event: 2,615 Thread 0x73b73000 Implicit null exception at 0xb3d6fcac to 0xb3d6fe24
Event: 2,664 Thread 0x73b73000 Exception <a 'java/lang/NoSuchMethodError'{0x7b210c48}: 'void java.lang.invoke.DirectMethodHandle$Holder.invokeStaticInit(java.lang.Object)'> (0x7b210c48) 
thrown [/ws/workspace/jdk-13/label/linux-arm/type/b11/src/hotspot/share/interpreter/linkResolver.cpp, line 767]
Event: 2,897 Thread 0x73b73000 Exception <a 'java/lang/NoSuchMethodError'{0x7b27e5b0}: 'java.lang.Object java.lang.invoke.DirectMethodHandle$Holder.invokeStatic(java.lang.Object, java.lang.Object, java.lang.Object, java.lang.Object, java.lang.Object, java.lang.Object, java.lang.Object, java.lang.Object, java.lang.Object, java.lang.Object, java.lang.Object, java.lang.Object, java.lang.Object, java.lang.Object, java.lang.Object)'> (0x7b27e5b0) 
thrown [/ws/workspace/jdk-13/label/linux-arm/type/b11/src/hotspot/share/interpreter/linkResolve
Event: 2,914 Thread 0x73b73000 Exception <a 'java/lang/NoSuchMethodError'{0x7b28b218}: 'java.lang.Object java.lang.invoke.DirectMethodHandle$Holder.invokeStatic(java.lang.Object, java.lang.Object, java.lang.Object, java.lang.Object, java.lang.Object, java.lang.Object, java.lang.Object, java.lang.Object, java.lang.Object, java.lang.Object, java.lang.Object, java.lang.Object, java.lang.Object, java.lang.Object, java.lang.Object, java.lang.Object)'> (0x7b28b218) 
thrown [/ws/workspace/jdk-13/label/linux-arm/type/b11/src/hotspot/share/inter
Event: 2,930 Thread 0x73b73000 Exception <a 'java/lang/NoSuchMethodError'{0x7b298a70}: 'java.lang.Object java.lang.invoke.Invokers$Holder.linkToTargetMethod(java.lang.Object, java.lang.Object, java.lang.Object, java.lang.Object, java.lang.Object, java.lang.Object)'> (0x7b298a70) 
thrown [/ws/workspace/jdk-13/label/linux-arm/type/b11/src/hotspot/share/interpreter/linkResolver.cpp, line 767]
Event: 3,210 Thread 0x73b73000 Exception <a 'sun/nio/fs/UnixException'{0x7b2e8438}> (0x7b2e8438) 
thrown [/ws/workspace/jdk-13/label/linux-arm/type/b11/src/hotspot/share/prims/jni.cpp, line 598]
Event: 6,781 Thread 0x73b73000 Exception <a 'sun/nio/fs/UnixException'{0x7b165800}> (0x7b165800) 
thrown [/ws/workspace/jdk-13/label/linux-arm/type/b11/src/hotspot/share/prims/jni.cpp, line 598]
Event: 6,802 Thread 0x73b73000 Exception <a 'sun/nio/fs/UnixException'{0x7b1a1790}> (0x7b1a1790) 
thrown [/ws/workspace/jdk-13/label/linux-arm/type/b11/src/hotspot/share/prims/jni.cpp, line 598]
Event: 6,850 Thread 0x73b73000 Exception <a 'sun/nio/fs/UnixException'{0x7b061068}> (0x7b061068) 
thrown [/ws/workspace/jdk-13/label/linux-arm/type/b11/src/hotspot/share/prims/jni.cpp, line 598]
Event: 6,856 Thread 0x73b73000 Exception <a 'java/lang/NoSuchMethodError'{0x7b0694f8}: 'void java.lang.invoke.DirectMethodHandle$Holder.invokeStatic(java.lang.Object, java.lang.Object, java.lang.Object, java.lang.Object, java.lang.Object)'> (0x7b0694f8) 
thrown [/ws/workspace/jdk-13/label/linux-arm/type/b11/src/hotspot/share/interpreter/linkResolver.cpp, line 767]
Event: 7,066 Thread 0x73b73000 Exception <a 'sun/nio/fs/UnixException'{0x7ad25190}> (0x7ad25190) 
thrown [/ws/workspace/jdk-13/label/linux-arm/type/b11/src/hotspot/share/prims/jni.cpp, line 598]
Event: 21,242 Thread 0x73b73000 Implicit null exception at 0xb3dc61d0 to 0xb3dc62e8
Event: 430,329 Thread 0x749c2000 Exception <a 'java/lang/NoSuchMethodError'{0x7b0df148}: 'void java.lang.invoke.DirectMethodHandle$Holder.invokeStatic(java.lang.Object, java.lang.Object, java.lang.Object, java.lang.Object)'> (0x7b0df148) 
thrown [/ws/workspace/jdk-13/label/linux-arm/type/b11/src/hotspot/share/interpreter/linkResolver.cpp, line 767]
Event: 430,329 Thread 0x749c5c00 Exception <a 'java/lang/NoSuchMethodError'{0x7af2ce00}: 'void java.lang.invoke.DirectMethodHandle$Holder.invokeStatic(java.lang.Object, java.lang.Object, java.lang.Object, java.lang.Object)'> (0x7af2ce00) 
thrown [/ws/workspace/jdk-13/label/linux-arm/type/b11/src/hotspot/share/interpreter/linkResolver.cpp, line 767]

Events (20 events):
Event: 430,357 loading class com/pi4j/library/pigpio/impl/PiGpioBase done
Event: 430,358 Thread 0x71177800 Thread added: 0x71177800
Event: 430,358 Protecting memory [0x6ffd0000,0x6ffd3000] with protection modes 0
Event: 430,358 Thread 0x711b2c00 Thread added: 0x711b2c00
Event: 430,358 Protecting memory [0x6ff80000,0x6ff83000] with protection modes 0
Event: 430,358 Protecting memory [0xb6f13000,0xb6f14000] with protection modes 0
Event: 430,359 Protecting memory [0xb6f13000,0xb6f14000] with protection modes 1
Event: 430,359 Executing VM operation: RevokeBias done
Event: 430,360 loading class com/pi4j/library/pigpio/impl/PiGpioBase
Event: 430,360 loading class com/pi4j/library/pigpio/impl/PiGpioBase done
Event: 430,361 loading class com/pi4j/library/pigpio/impl/PiGpioBase
Event: 430,361 loading class com/pi4j/library/pigpio/impl/PiGpioBase done
Event: 430,362 loading class com/pi4j/library/pigpio/impl/PiGpioBase
Event: 430,362 loading class com/pi4j/library/pigpio/impl/PiGpioBase done
Event: 430,362 loading class com/pi4j/library/pigpio/impl/PiGpioBase
Event: 430,362 loading class com/pi4j/library/pigpio/impl/PiGpioBase done
Event: 430,365 Executing VM operation: RevokeBias
Event: 430,365 Protecting memory [0xb6f13000,0xb6f14000] with protection modes 0
Event: 430,365 Protecting memory [0xb6f13000,0xb6f14000] with protection modes 1
Event: 430,366 Executing VM operation: RevokeBias done


Dynamic libraries:
00010000-00011000 r-xp 00000000 b3:02 904082     /usr/lib/jvm/bellsoft-java13-arm32-vfp-hflt/bin/java
00020000-00021000 r--p 00000000 b3:02 904082     /usr/lib/jvm/bellsoft-java13-arm32-vfp-hflt/bin/java
00021000-00022000 rw-p 00001000 b3:02 904082     /usr/lib/jvm/bellsoft-java13-arm32-vfp-hflt/bin/java
00591000-005fe000 rw-p 00000000 00:00 0          [heap]
6ff80000-6ff83000 ---p 00000000 00:00 0 
6ff83000-6ffd0000 rw-p 00000000 00:00 0 
6ffd0000-6ffd3000 ---p 00000000 00:00 0 
6ffd3000-70020000 rw-p 00000000 00:00 0 
70020000-70023000 ---p 00000000 00:00 0 
70023000-70070000 rw-p 00000000 00:00 0 
70070000-70073000 ---p 00000000 00:00 0 
70073000-700c0000 rw-p 00000000 00:00 0 
700c0000-700c3000 ---p 00000000 00:00 0 
700c3000-70110000 rw-p 00000000 00:00 0 
70110000-70113000 ---p 00000000 00:00 0 
70113000-70160000 rw-p 00000000 00:00 0 
70160000-70163000 ---p 00000000 00:00 0 
70163000-701b0000 rw-p 00000000 00:00 0 
701b0000-701b3000 ---p 00000000 00:00 0 
701b3000-70200000 rw-p 00000000 00:00 0 
70200000-70203000 ---p 00000000 00:00 0 
70203000-70250000 rw-p 00000000 00:00 0 
70250000-70253000 ---p 00000000 00:00 0 
70253000-702a0000 rw-p 00000000 00:00 0 
702a0000-702a3000 ---p 00000000 00:00 0 
702a3000-702f0000 rw-p 00000000 00:00 0 
702f0000-702f3000 ---p 00000000 00:00 0 
702f3000-70340000 rw-p 00000000 00:00 0 
70340000-70343000 ---p 00000000 00:00 0 
70343000-70390000 rw-p 00000000 00:00 0 
70390000-70393000 ---p 00000000 00:00 0 
70393000-703e0000 rw-p 00000000 00:00 0 
703e0000-703e3000 ---p 00000000 00:00 0 
703e3000-70430000 rw-p 00000000 00:00 0 
70430000-70433000 ---p 00000000 00:00 0 
70433000-70480000 rw-p 00000000 00:00 0 
70480000-70483000 ---p 00000000 00:00 0 
70483000-704d0000 rw-p 00000000 00:00 0 
704d0000-704d3000 ---p 00000000 00:00 0 
704d3000-70520000 rw-p 00000000 00:00 0 
70520000-70523000 ---p 00000000 00:00 0 
70523000-70570000 rw-p 00000000 00:00 0 
70570000-70573000 ---p 00000000 00:00 0 
70573000-705c0000 rw-p 00000000 00:00 0 
705c0000-705c3000 ---p 00000000 00:00 0 
705c3000-70610000 rw-p 00000000 00:00 0 
70610000-70613000 ---p 00000000 00:00 0 
70613000-70660000 rw-p 00000000 00:00 0 
70660000-70663000 ---p 00000000 00:00 0 
70663000-706b0000 rw-p 00000000 00:00 0 
706b0000-706b3000 ---p 00000000 00:00 0 
706b3000-70700000 rw-p 00000000 00:00 0 
70700000-70756000 rw-p 00000000 00:00 0 
70756000-70800000 ---p 00000000 00:00 0 
70815000-70816000 ---p 00000000 00:00 0 
70816000-70856000 rw-p 00000000 00:00 0 
70d19000-70d55000 r-xp 00000000 b3:02 10718      /usr/lib/libpigpio.so.1
70d55000-70d65000 ---p 0003c000 b3:02 10718      /usr/lib/libpigpio.so.1
70d65000-70d66000 r--p 0003c000 b3:02 10718      /usr/lib/libpigpio.so.1
70d66000-70d68000 rw-p 0003d000 b3:02 10718      /usr/lib/libpigpio.so.1
70d68000-70dfa000 rw-p 00000000 00:00 0 
70dfa000-70dfb000 ---p 00000000 00:00 0 
70dfb000-70e7c000 rw-p 00000000 00:00 0 
70e7c000-70e7d000 ---p 00000000 00:00 0 
70e7d000-70efe000 rw-p 00000000 00:00 0 
70efe000-70eff000 ---p 00000000 00:00 0 
70eff000-70f80000 rw-p 00000000 00:00 0 
70f80000-70f83000 ---p 00000000 00:00 0 
70f83000-710c0000 rw-p 00000000 00:00 0 
710c0000-71100000 ---p 00000000 00:00 0 
71100000-711ec000 rw-p 00000000 00:00 0 
711ec000-71200000 ---p 00000000 00:00 0 
71200000-71300000 rw-p 00000000 00:00 0 
71300000-713f3000 rw-p 00000000 00:00 0 
713f3000-71400000 ---p 00000000 00:00 0 
71451000-71551000 rw-p 00000000 00:00 0 
71551000-71651000 rw-p 00000000 00:00 0 
71651000-71751000 rw-p 00000000 00:00 0 
71751000-71754000 ---p 00000000 00:00 0 
71754000-717a1000 rw-p 00000000 00:00 0 
717a1000-717a4000 ---p 00000000 00:00 0 
717a4000-717f1000 rw-p 00000000 00:00 0 
717f1000-717f4000 ---p 00000000 00:00 0 
717f4000-71841000 rw-p 00000000 00:00 0 
71841000-71845000 r-xp 00000000 b3:02 10845      /usr/lib/arm-linux-gnueabihf/libXfixes.so.3.1.0
71845000-71854000 ---p 00004000 b3:02 10845      /usr/lib/arm-linux-gnueabihf/libXfixes.so.3.1.0
71854000-71855000 r--p 00003000 b3:02 10845      /usr/lib/arm-linux-gnueabihf/libXfixes.so.3.1.0
71855000-71856000 rw-p 00004000 b3:02 10845      /usr/lib/arm-linux-gnueabihf/libXfixes.so.3.1.0
71856000-7185e000 r-xp 00000000 b3:02 10841      /usr/lib/arm-linux-gnueabihf/libXcursor.so.1.0.2
7185e000-7186d000 ---p 00008000 b3:02 10841      /usr/lib/arm-linux-gnueabihf/libXcursor.so.1.0.2
7186d000-7186e000 r--p 00007000 b3:02 10841      /usr/lib/arm-linux-gnueabihf/libXcursor.so.1.0.2
7186e000-7186f000 rw-p 00008000 b3:02 10841      /usr/lib/arm-linux-gnueabihf/libXcursor.so.1.0.2
7186f000-71870000 ---p 00000000 00:00 0 
71870000-72070000 rw-p 00000000 00:00 0 
72070000-7219e000 r-xp 00000000 b3:02 11340      /usr/lib/arm-linux-gnueabihf/libstdc++.so.6.0.25
7219e000-721ae000 ---p 0012e000 b3:02 11340      /usr/lib/arm-linux-gnueabihf/libstdc++.so.6.0.25
721ae000-721b3000 r--p 0012e000 b3:02 11340      /usr/lib/arm-linux-gnueabihf/libstdc++.so.6.0.25
721b3000-721b5000 rw-p 00133000 b3:02 11340      /usr/lib/arm-linux-gnueabihf/libstdc++.so.6.0.25
721b5000-721b7000 rw-p 00000000 00:00 0 
721b7000-721cf000 r-xp 00000000 b3:02 1587       /usr/lib/arm-linux-gnueabihf/libproxy.so.1.0.0
721cf000-721de000 ---p 00018000 b3:02 1587       /usr/lib/arm-linux-gnueabihf/libproxy.so.1.0.0
721de000-721df000 r--p 00017000 b3:02 1587       /usr/lib/arm-linux-gnueabihf/libproxy.so.1.0.0
721df000-721e0000 rw-p 00018000 b3:02 1587       /usr/lib/arm-linux-gnueabihf/libproxy.so.1.0.0
72208000-72212000 r-xp 00000000 b3:02 11777      /usr/lib/arm-linux-gnueabihf/gio/modules/libdconfsettings.so
72212000-72222000 ---p 0000a000 b3:02 11777      /usr/lib/arm-linux-gnueabihf/gio/modules/libdconfsettings.so
72222000-72223000 r--p 0000a000 b3:02 11777      /usr/lib/arm-linux-gnueabihf/gio/modules/libdconfsettings.so
72223000-72224000 rw-p 0000b000 b3:02 11777      /usr/lib/arm-linux-gnueabihf/gio/modules/libdconfsettings.so
72224000-72225000 ---p 00000000 00:00 0 
72225000-72a25000 rw-p 00000000 00:00 0 
72a25000-72a26000 ---p 00000000 00:00 0 
72a26000-73226000 rw-p 00000000 00:00 0 
73226000-73239000 r-xp 00000000 b3:02 11781      /usr/lib/arm-linux-gnueabihf/gio/modules/libgioremote-volume-monitor.so
73239000-73248000 ---p 00013000 b3:02 11781      /usr/lib/arm-linux-gnueabihf/gio/modules/libgioremote-volume-monitor.so
73248000-7324a000 r--p 00012000 b3:02 11781      /usr/lib/arm-linux-gnueabihf/gio/modules/libgioremote-volume-monitor.so
7324a000-7324b000 rw-p 00014000 b3:02 11781      /usr/lib/arm-linux-gnueabihf/gio/modules/libgioremote-volume-monitor.so
7324b000-73274000 r-xp 00000000 b3:02 134222     /usr/lib/arm-linux-gnueabihf/gvfs/libgvfscommon.so
73274000-73283000 ---p 00029000 b3:02 134222     /usr/lib/arm-linux-gnueabihf/gvfs/libgvfscommon.so
73283000-73286000 r--p 00028000 b3:02 134222     /usr/lib/arm-linux-gnueabihf/gvfs/libgvfscommon.so
73286000-73287000 rw-p 0002b000 b3:02 134222     /usr/lib/arm-linux-gnueabihf/gvfs/libgvfscommon.so
73287000-732ae000 r-xp 00000000 b3:02 11782      /usr/lib/arm-linux-gnueabihf/gio/modules/libgvfsdbus.so
732ae000-732be000 ---p 00027000 b3:02 11782      /usr/lib/arm-linux-gnueabihf/gio/modules/libgvfsdbus.so
732be000-732bf000 r--p 00027000 b3:02 11782      /usr/lib/arm-linux-gnueabihf/gio/modules/libgvfsdbus.so
732bf000-732c0000 rw-p 00028000 b3:02 11782      /usr/lib/arm-linux-gnueabihf/gio/modules/libgvfsdbus.so
732c0000-732e1000 r--p 00000000 b3:02 37548      /usr/share/locale/pl/LC_MESSAGES/glib20.mo
732e1000-732e7000 r-xp 00000000 b3:02 2104       /lib/arm-linux-gnueabihf/libuuid.so.1.3.0
732e7000-732f6000 ---p 00006000 b3:02 2104       /lib/arm-linux-gnueabihf/libuuid.so.1.3.0
732f6000-732f7000 r--p 00005000 b3:02 2104       /lib/arm-linux-gnueabihf/libuuid.so.1.3.0
732f7000-732f8000 rw-p 00006000 b3:02 2104       /lib/arm-linux-gnueabihf/libuuid.so.1.3.0
732f8000-73314000 r-xp 00000000 b3:02 2036       /lib/arm-linux-gnueabihf/libgcc_s.so.1
73314000-73323000 ---p 0001c000 b3:02 2036       /lib/arm-linux-gnueabihf/libgcc_s.so.1
73323000-73324000 r--p 0001b000 b3:02 2036       /lib/arm-linux-gnueabihf/libgcc_s.so.1
73324000-73325000 rw-p 0001c000 b3:02 2036       /lib/arm-linux-gnueabihf/libgcc_s.so.1
73325000-73369000 r-xp 00000000 b3:02 1995       /lib/arm-linux-gnueabihf/libblkid.so.1.1.0
73369000-73379000 ---p 00044000 b3:02 1995       /lib/arm-linux-gnueabihf/libblkid.so.1.1.0
73379000-7337c000 r--p 00044000 b3:02 1995       /lib/arm-linux-gnueabihf/libblkid.so.1.1.0
7337c000-7337d000 rw-p 00047000 b3:02 1995       /lib/arm-linux-gnueabihf/libblkid.so.1.1.0
7337d000-73383000 r-xp 00000000 b3:02 10999      /usr/lib/arm-linux-gnueabihf/libffi.so.6.0.4
73383000-73393000 ---p 00006000 b3:02 10999      /usr/lib/arm-linux-gnueabihf/libffi.so.6.0.4
73393000-73394000 r--p 00006000 b3:02 10999      /usr/lib/arm-linux-gnueabihf/libffi.so.6.0.4
73394000-73395000 rw-p 00007000 b3:02 10999      /usr/lib/arm-linux-gnueabihf/libffi.so.6.0.4
73395000-733fb000 r-xp 00000000 b3:02 2077       /lib/arm-linux-gnueabihf/libpcre.so.3.13.3
733fb000-7340a000 ---p 00066000 b3:02 2077       /lib/arm-linux-gnueabihf/libpcre.so.3.13.3
7340a000-7340b000 r--p 00065000 b3:02 2077       /lib/arm-linux-gnueabihf/libpcre.so.3.13.3
7340b000-7340c000 rw-p 00066000 b3:02 2077       /lib/arm-linux-gnueabihf/libpcre.so.3.13.3
7340c000-7341d000 r-xp 00000000 b3:02 2086       /lib/arm-linux-gnueabihf/libresolv-2.28.so
7341d000-7342c000 ---p 00011000 b3:02 2086       /lib/arm-linux-gnueabihf/libresolv-2.28.so
7342c000-7342d000 r--p 00010000 b3:02 2086       /lib/arm-linux-gnueabihf/libresolv-2.28.so
7342d000-7342e000 rw-p 00011000 b3:02 2086       /lib/arm-linux-gnueabihf/libresolv-2.28.so
7342e000-73430000 rw-p 00000000 00:00 0 
73430000-73450000 r-xp 00000000 b3:02 2088       /lib/arm-linux-gnueabihf/libselinux.so.1
73450000-7345f000 ---p 00020000 b3:02 2088       /lib/arm-linux-gnueabihf/libselinux.so.1
7345f000-73460000 r--p 0001f000 b3:02 2088       /lib/arm-linux-gnueabihf/libselinux.so.1
73460000-73461000 rw-p 00020000 b3:02 2088       /lib/arm-linux-gnueabihf/libselinux.so.1
73461000-73462000 rw-p 00000000 00:00 0 
73462000-734b0000 r-xp 00000000 b3:02 2049       /lib/arm-linux-gnueabihf/libmount.so.1.1.0
734b0000-734c0000 ---p 0004e000 b3:02 2049       /lib/arm-linux-gnueabihf/libmount.so.1.1.0
734c0000-734c2000 r--p 0004e000 b3:02 2049       /lib/arm-linux-gnueabihf/libmount.so.1.1.0
734c2000-734c3000 rw-p 00050000 b3:02 2049       /lib/arm-linux-gnueabihf/libmount.so.1.1.0
734c3000-734c5000 r-xp 00000000 b3:02 11060      /usr/lib/arm-linux-gnueabihf/libgmodule-2.0.so.0.5800.3
734c5000-734d5000 ---p 00002000 b3:02 11060      /usr/lib/arm-linux-gnueabihf/libgmodule-2.0.so.0.5800.3
734d5000-734d6000 r--p 00002000 b3:02 11060      /usr/lib/arm-linux-gnueabihf/libgmodule-2.0.so.0.5800.3
734d6000-734d7000 rw-p 00003000 b3:02 11060      /usr/lib/arm-linux-gnueabihf/libgmodule-2.0.so.0.5800.3
734d7000-73523000 r-xp 00000000 b3:02 11065      /usr/lib/arm-linux-gnueabihf/libgobject-2.0.so.0.5800.3
73523000-73532000 ---p 0004c000 b3:02 11065      /usr/lib/arm-linux-gnueabihf/libgobject-2.0.so.0.5800.3
73532000-73533000 r--p 0004b000 b3:02 11065      /usr/lib/arm-linux-gnueabihf/libgobject-2.0.so.0.5800.3
73533000-73534000 rw-p 0004c000 b3:02 11065      /usr/lib/arm-linux-gnueabihf/libgobject-2.0.so.0.5800.3
73534000-73633000 r-xp 00000000 b3:02 11057      /usr/lib/arm-linux-gnueabihf/libglib-2.0.so.0.5800.3
73633000-73642000 ---p 000ff000 b3:02 11057      /usr/lib/arm-linux-gnueabihf/libglib-2.0.so.0.5800.3
73642000-73643000 r--p 000fe000 b3:02 11057      /usr/lib/arm-linux-gnueabihf/libglib-2.0.so.0.5800.3
73643000-73644000 rw-p 000ff000 b3:02 11057      /usr/lib/arm-linux-gnueabihf/libglib-2.0.so.0.5800.3
73644000-737aa000 r-xp 00000000 b3:02 11054      /usr/lib/arm-linux-gnueabihf/libgio-2.0.so.0.5800.3
737aa000-737ba000 ---p 00166000 b3:02 11054      /usr/lib/arm-linux-gnueabihf/libgio-2.0.so.0.5800.3
737ba000-737be000 r--p 00166000 b3:02 11054      /usr/lib/arm-linux-gnueabihf/libgio-2.0.so.0.5800.3
737be000-737bf000 rw-p 0016a000 b3:02 11054      /usr/lib/arm-linux-gnueabihf/libgio-2.0.so.0.5800.3
737bf000-737c0000 rw-p 00000000 00:00 0 
737c0000-737c8000 r-xp 00000000 b3:02 10854      /usr/lib/arm-linux-gnueabihf/libXrender.so.1.3.0
737c8000-737d7000 ---p 00008000 b3:02 10854      /usr/lib/arm-linux-gnueabihf/libXrender.so.1.3.0
737d7000-737d8000 r--p 00007000 b3:02 10854      /usr/lib/arm-linux-gnueabihf/libXrender.so.1.3.0
737d8000-737d9000 rw-p 00008000 b3:02 10854      /usr/lib/arm-linux-gnueabihf/libXrender.so.1.3.0
737d9000-73804000 r-xp 00000000 b3:02 11265      /usr/lib/arm-linux-gnueabihf/libpng16.so.16.36.0
73804000-73813000 ---p 0002b000 b3:02 11265      /usr/lib/arm-linux-gnueabihf/libpng16.so.16.36.0
73813000-73814000 r--p 0002a000 b3:02 11265      /usr/lib/arm-linux-gnueabihf/libpng16.so.16.36.0
73814000-73815000 rw-p 0002b000 b3:02 11265      /usr/lib/arm-linux-gnueabihf/libpng16.so.16.36.0
73815000-738a4000 r-xp 00000000 b3:02 2501       /usr/lib/arm-linux-gnueabihf/libfreetype.so.6.16.1
738a4000-738b3000 ---p 0008f000 b3:02 2501       /usr/lib/arm-linux-gnueabihf/libfreetype.so.6.16.1
738b3000-738b7000 r--p 0008e000 b3:02 2501       /usr/lib/arm-linux-gnueabihf/libfreetype.so.6.16.1
738b7000-738b8000 rw-p 00092000 b3:02 2501       /usr/lib/arm-linux-gnueabihf/libfreetype.so.6.16.1
738b8000-739eb000 r-xp 00000000 b3:02 903915     /usr/lib/jvm/bellsoft-java13-arm32-vfp-hflt/lib/libfontmanager.so
739eb000-739fb000 ---p 00133000 b3:02 903915     /usr/lib/jvm/bellsoft-java13-arm32-vfp-hflt/lib/libfontmanager.so
739fb000-739fc000 r--p 00133000 b3:02 903915     /usr/lib/jvm/bellsoft-java13-arm32-vfp-hflt/lib/libfontmanager.so
739fc000-739fd000 rw-p 00134000 b3:02 903915     /usr/lib/jvm/bellsoft-java13-arm32-vfp-hflt/lib/libfontmanager.so
739fd000-73b00000 rw-p 00000000 00:00 0 
73b00000-73b90000 rw-p 00000000 00:00 0 
73b90000-73c00000 ---p 00000000 00:00 0 
73c01000-73c1b000 r-xp 00000000 b3:02 2106       /lib/arm-linux-gnueabihf/libz.so.1.2.11
73c1b000-73c2a000 ---p 0001a000 b3:02 2106       /lib/arm-linux-gnueabihf/libz.so.1.2.11
73c2a000-73c2b000 r--p 00019000 b3:02 2106       /lib/arm-linux-gnueabihf/libz.so.1.2.11
73c2b000-73c2c000 rw-p 0001a000 b3:02 2106       /lib/arm-linux-gnueabihf/libz.so.1.2.11
73c2c000-73c3a000 r-xp 00000000 b3:02 10844      /usr/lib/arm-linux-gnueabihf/libXext.so.6.4.0
73c3a000-73c49000 ---p 0000e000 b3:02 10844      /usr/lib/arm-linux-gnueabihf/libXext.so.6.4.0
73c49000-73c4a000 r--p 0000d000 b3:02 10844      /usr/lib/arm-linux-gnueabihf/libXext.so.6.4.0
73c4a000-73c4b000 rw-p 0000e000 b3:02 10844      /usr/lib/arm-linux-gnueabihf/libXext.so.6.4.0
73c4b000-73d59000 r-xp 00000000 b3:02 24100      /usr/lib/arm-linux-gnueabihf/libX11.so.6.3.0
73d59000-73d69000 ---p 0010e000 b3:02 24100      /usr/lib/arm-linux-gnueabihf/libX11.so.6.3.0
73d69000-73d6a000 r--p 0010e000 b3:02 24100      /usr/lib/arm-linux-gnueabihf/libX11.so.6.3.0
73d6a000-73d6d000 rw-p 0010f000 b3:02 24100      /usr/lib/arm-linux-gnueabihf/libX11.so.6.3.0
73d6d000-73dc9000 r-xp 00000000 b3:02 903842     /usr/lib/jvm/bellsoft-java13-arm32-vfp-hflt/lib/libawt_xawt.so
73dc9000-73dd8000 ---p 0005c000 b3:02 903842     /usr/lib/jvm/bellsoft-java13-arm32-vfp-hflt/lib/libawt_xawt.so
73dd8000-73dd9000 r--p 0005b000 b3:02 903842     /usr/lib/jvm/bellsoft-java13-arm32-vfp-hflt/lib/libawt_xawt.so
73dd9000-73ddb000 rw-p 0005c000 b3:02 903842     /usr/lib/jvm/bellsoft-java13-arm32-vfp-hflt/lib/libawt_xawt.so
73ddb000-73ddd000 rw-p 00000000 00:00 0 
73ddd000-73e53000 r-xp 00000000 b3:02 903866     /usr/lib/jvm/bellsoft-java13-arm32-vfp-hflt/lib/libawt.so
73e53000-73e62000 ---p 00076000 b3:02 903866     /usr/lib/jvm/bellsoft-java13-arm32-vfp-hflt/lib/libawt.so
73e62000-73e63000 r--p 00075000 b3:02 903866     /usr/lib/jvm/bellsoft-java13-arm32-vfp-hflt/lib/libawt.so
73e63000-73e6a000 rw-p 00076000 b3:02 903866     /usr/lib/jvm/bellsoft-java13-arm32-vfp-hflt/lib/libawt.so
73e6a000-73f8e000 rw-p 00000000 00:00 0 
73f8e000-73f8f000 ---p 00000000 00:00 0 
73f8f000-74010000 rw-p 00000000 00:00 0 
74010000-74013000 ---p 00000000 00:00 0 
74013000-74060000 rw-p 00000000 00:00 0 
74060000-74063000 ---p 00000000 00:00 0 
74063000-740b0000 rw-p 00000000 00:00 0 
740b0000-740b3000 ---p 00000000 00:00 0 
740b3000-74100000 rw-p 00000000 00:00 0 
74100000-741f9000 rw-p 00000000 00:00 0 
741f9000-74200000 ---p 00000000 00:00 0 
74200000-74300000 rw-p 00000000 00:00 0 
74300000-74400000 rw-p 00000000 00:00 0 
74406000-74409000 ---p 00000000 00:00 0 
74409000-74486000 rw-p 00000000 00:00 0 
74486000-74700000 r--p 0006b000 b3:02 51535      /usr/lib/locale/locale-archive
74700000-74900000 r--p 00000000 b3:02 51535      /usr/lib/locale/locale-archive
74900000-749cb000 rw-p 00000000 00:00 0 
749cb000-74a00000 ---p 00000000 00:00 0 
74a04000-74a0c000 r-xp 00000000 b3:02 10853      /usr/lib/arm-linux-gnueabihf/libXrandr.so.2.2.0
74a0c000-74a1b000 ---p 00008000 b3:02 10853      /usr/lib/arm-linux-gnueabihf/libXrandr.so.2.2.0
74a1b000-74a1c000 r--p 00007000 b3:02 10853      /usr/lib/arm-linux-gnueabihf/libXrandr.so.2.2.0
74a1c000-74a1d000 rw-p 00008000 b3:02 10853      /usr/lib/arm-linux-gnueabihf/libXrandr.so.2.2.0
74a1d000-74a1f000 r-xp 00000000 b3:02 10849      /usr/lib/arm-linux-gnueabihf/libXinerama.so.1.0.0
74a1f000-74a2e000 ---p 00002000 b3:02 10849      /usr/lib/arm-linux-gnueabihf/libXinerama.so.1.0.0
74a2e000-74a2f000 r--p 00001000 b3:02 10849      /usr/lib/arm-linux-gnueabihf/libXinerama.so.1.0.0
74a2f000-74a30000 rw-p 00002000 b3:02 10849      /usr/lib/arm-linux-gnueabihf/libXinerama.so.1.0.0
74a30000-74a33000 ---p 00000000 00:00 0 
74a33000-74a80000 rw-p 00000000 00:00 0 
74a80000-74a83000 ---p 00000000 00:00 0 
74a83000-74b00000 rw-p 00000000 00:00 0 
74b00000-74bfb000 rw-p 00000000 00:00 0 
74bfb000-74c00000 ---p 00000000 00:00 0 
74c03000-74c21000 r-xp 00000000 b3:02 11429      /usr/lib/arm-linux-gnueabihf/libxcb.so.1.1.0
74c21000-74c30000 ---p 0001e000 b3:02 11429      /usr/lib/arm-linux-gnueabihf/libxcb.so.1.1.0
74c30000-74c31000 r--p 0001d000 b3:02 11429      /usr/lib/arm-linux-gnueabihf/libxcb.so.1.1.0
74c31000-74c32000 rw-p 0001e000 b3:02 11429      /usr/lib/arm-linux-gnueabihf/libxcb.so.1.1.0
74c32000-74c33000 ---p 00000000 00:00 0 
74c33000-750fa000 rw-p 00000000 00:00 0 
750fa000-75100000 ---p 00000000 00:00 0 
75100000-751d5000 rw-p 00000000 00:00 0 
751d5000-75200000 ---p 00000000 00:00 0 
75209000-7522e000 r--p 00000000 b3:02 37579      /usr/share/locale/pl/LC_MESSAGES/libc.mo
7522e000-75231000 ---p 00000000 00:00 0 
75231000-7527e000 rw-p 00000000 00:00 0 
7527e000-7527f000 ---p 00000000 00:00 0 
7527f000-75300000 rw-p 00000000 00:00 0 
75300000-75400000 rw-p 00000000 00:00 0 
75406000-7541d000 r-xp 00000000 b3:02 10926      /usr/lib/arm-linux-gnueabihf/libbsd.so.0.9.1
7541d000-7542c000 ---p 00017000 b3:02 10926      /usr/lib/arm-linux-gnueabihf/libbsd.so.0.9.1
7542c000-7542d000 r--p 00016000 b3:02 10926      /usr/lib/arm-linux-gnueabihf/libbsd.so.0.9.1
7542d000-7542e000 rw-p 00017000 b3:02 10926      /usr/lib/arm-linux-gnueabihf/libbsd.so.0.9.1
7542e000-75431000 ---p 00000000 00:00 0 
75431000-7547e000 rw-p 00000000 00:00 0 
7547e000-7547f000 ---p 00000000 00:00 0 
7547f000-75500000 rw-p 00000000 00:00 0 
75500000-75521000 rw-p 00000000 00:00 0 
75521000-75600000 ---p 00000000 00:00 0 
75602000-75608000 r-xp 00000000 b3:02 2087       /lib/arm-linux-gnueabihf/librt-2.28.so
75608000-75617000 ---p 00006000 b3:02 2087       /lib/arm-linux-gnueabihf/librt-2.28.so
75617000-75618000 r--p 00005000 b3:02 2087       /lib/arm-linux-gnueabihf/librt-2.28.so
75618000-75619000 rw-p 00006000 b3:02 2087       /lib/arm-linux-gnueabihf/librt-2.28.so
75619000-7561d000 r-xp 00000000 b3:02 10843      /usr/lib/arm-linux-gnueabihf/libXdmcp.so.6.0.0
7561d000-7562c000 ---p 00004000 b3:02 10843      /usr/lib/arm-linux-gnueabihf/libXdmcp.so.6.0.0
7562c000-7562d000 r--p 00003000 b3:02 10843      /usr/lib/arm-linux-gnueabihf/libXdmcp.so.6.0.0
7562d000-7562e000 rw-p 00004000 b3:02 10843      /usr/lib/arm-linux-gnueabihf/libXdmcp.so.6.0.0
7562e000-75631000 ---p 00000000 00:00 0 
75631000-7567e000 rw-p 00000000 00:00 0 
7567e000-7567f000 ---p 00000000 00:00 0 
7567f000-75700000 rw-p 00000000 00:00 0 
75700000-75721000 rw-p 00000000 00:00 0 
75721000-75800000 ---p 00000000 00:00 0 
7580a000-7581d000 r-xp 00000000 b3:02 903849     /usr/lib/jvm/bellsoft-java13-arm32-vfp-hflt/lib/libnet.so
7581d000-7582c000 ---p 00013000 b3:02 903849     /usr/lib/jvm/bellsoft-java13-arm32-vfp-hflt/lib/libnet.so
7582c000-7582d000 r--p 00012000 b3:02 903849     /usr/lib/jvm/bellsoft-java13-arm32-vfp-hflt/lib/libnet.so
7582d000-7582e000 rw-p 00013000 b3:02 903849     /usr/lib/jvm/bellsoft-java13-arm32-vfp-hflt/lib/libnet.so
7582e000-75831000 ---p 00000000 00:00 0 
75831000-7587e000 rw-p 00000000 00:00 0 
7587e000-7587f000 ---p 00000000 00:00 0 
7587f000-75900000 rw-p 00000000 00:00 0 
75900000-759ef000 rw-p 00000000 00:00 0 
759ef000-75a00000 ---p 00000000 00:00 0 
75a05000-75a07000 r-xp 00000000 b3:02 10838      /usr/lib/arm-linux-gnueabihf/libXau.so.6.0.0
75a07000-75a16000 ---p 00002000 b3:02 10838      /usr/lib/arm-linux-gnueabihf/libXau.so.6.0.0
75a16000-75a17000 r--p 00001000 b3:02 10838      /usr/lib/arm-linux-gnueabihf/libXau.so.6.0.0
75a17000-75a18000 rw-p 00002000 b3:02 10838      /usr/lib/arm-linux-gnueabihf/libXau.so.6.0.0
75a18000-75b63000 rw-p 00000000 00:00 0 
75b63000-7696b000 ---p 00000000 00:00 0 
7696b000-76a5b000 rw-p 00000000 00:00 0 
76a5b000-77863000 ---p 00000000 00:00 0 
77863000-77881000 rw-p 00000000 00:00 0 
77881000-77a42000 ---p 00000000 00:00 0 
77a42000-77a60000 rw-p 00000000 00:00 0 
77a60000-77c21000 ---p 00000000 00:00 0 
77c21000-77c3f000 rw-p 00000000 00:00 0 
77c3f000-77e00000 ---p 00000000 00:00 0 
77e00000-7ba00000 rw-p 00000000 00:00 0 
7ba00000-b3c00000 ---p 00000000 00:00 0 
b3c01000-b3c07000 r-xp 00000000 b3:02 4482       /tmp/libpi4j-pigpio15669996484972144030.so
b3c07000-b3c0f000 ---p 00006000 b3:02 4482       /tmp/libpi4j-pigpio15669996484972144030.so
b3c0f000-b3c10000 rw-p 00006000 b3:02 4482       /tmp/libpi4j-pigpio15669996484972144030.so
b3c10000-b3c1b000 r--p 00000000 b3:02 131400     /usr/share/glib-2.0/schemas/gschemas.compiled
b3c1b000-b3c28000 r-xp 00000000 b3:02 903840     /usr/lib/jvm/bellsoft-java13-arm32-vfp-hflt/lib/libnio.so
b3c28000-b3c38000 ---p 0000d000 b3:02 903840     /usr/lib/jvm/bellsoft-java13-arm32-vfp-hflt/lib/libnio.so
b3c38000-b3c39000 r--p 0000d000 b3:02 903840     /usr/lib/jvm/bellsoft-java13-arm32-vfp-hflt/lib/libnio.so
b3c39000-b3c3a000 rw-p 0000e000 b3:02 903840     /usr/lib/jvm/bellsoft-java13-arm32-vfp-hflt/lib/libnio.so
b3c3a000-b3c5a000 rw-p 00000000 00:00 0 
b3c5a000-b3c5b000 ---p 00000000 00:00 0 
b3c5b000-b3cdf000 rw-p 00000000 00:00 0 
b3cdf000-b3d1c000 ---p 00000000 00:00 0 
b3d1c000-b3e9c000 rwxp 00000000 00:00 0 
b3e9c000-b5d1c000 ---p 00000000 00:00 0 
b5d1c000-b5ee0000 r--s 00000000 b3:02 903900     /usr/lib/jvm/bellsoft-java13-arm32-vfp-hflt/lib/modules
b5ee0000-b5eee000 r-xp 00000000 b3:02 903921     /usr/lib/jvm/bellsoft-java13-arm32-vfp-hflt/lib/libjimage.so
b5eee000-b5efe000 ---p 0000e000 b3:02 903921     /usr/lib/jvm/bellsoft-java13-arm32-vfp-hflt/lib/libjimage.so
b5efe000-b5eff000 r--p 0000e000 b3:02 903921     /usr/lib/jvm/bellsoft-java13-arm32-vfp-hflt/lib/libjimage.so
b5eff000-b5f00000 rw-p 0000f000 b3:02 903921     /usr/lib/jvm/bellsoft-java13-arm32-vfp-hflt/lib/libjimage.so
b5f00000-b5ff3000 rw-p 00000000 00:00 0 
b5ff3000-b6000000 ---p 00000000 00:00 0 
b6006000-b6007000 rwxs fe100000 00:05 5          /dev/mem
b600a000-b6011000 r--s 00000000 b3:02 11747      /usr/lib/arm-linux-gnueabihf/gconv/gconv-modules.cache
b6011000-b6023000 r-xp 00000000 b3:02 903913     /usr/lib/jvm/bellsoft-java13-arm32-vfp-hflt/lib/libzip.so
b6023000-b6032000 ---p 00012000 b3:02 903913     /usr/lib/jvm/bellsoft-java13-arm32-vfp-hflt/lib/libzip.so
b6032000-b6033000 r--p 00011000 b3:02 903913     /usr/lib/jvm/bellsoft-java13-arm32-vfp-hflt/lib/libzip.so
b6033000-b6034000 rw-p 00012000 b3:02 903913     /usr/lib/jvm/bellsoft-java13-arm32-vfp-hflt/lib/libzip.so
b6034000-b603d000 r-xp 00000000 b3:02 2059       /lib/arm-linux-gnueabihf/libnss_files-2.28.so
b603d000-b604d000 ---p 00009000 b3:02 2059       /lib/arm-linux-gnueabihf/libnss_files-2.28.so
b604d000-b604e000 r--p 00009000 b3:02 2059       /lib/arm-linux-gnueabihf/libnss_files-2.28.so
b604e000-b604f000 rw-p 0000a000 b3:02 2059       /lib/arm-linux-gnueabihf/libnss_files-2.28.so
b604f000-b6055000 rw-p 00000000 00:00 0 
b6055000-b605e000 r-xp 00000000 b3:02 903841     /usr/lib/jvm/bellsoft-java13-arm32-vfp-hflt/lib/libinstrument.so
b605e000-b606d000 ---p 00009000 b3:02 903841     /usr/lib/jvm/bellsoft-java13-arm32-vfp-hflt/lib/libinstrument.so
b606d000-b606e000 r--p 00008000 b3:02 903841     /usr/lib/jvm/bellsoft-java13-arm32-vfp-hflt/lib/libinstrument.so
b606e000-b606f000 rw-p 00009000 b3:02 903841     /usr/lib/jvm/bellsoft-java13-arm32-vfp-hflt/lib/libinstrument.so
b606f000-b608c000 r-xp 00000000 b3:02 903874     /usr/lib/jvm/bellsoft-java13-arm32-vfp-hflt/lib/libjava.so
b608c000-b609b000 ---p 0001d000 b3:02 903874     /usr/lib/jvm/bellsoft-java13-arm32-vfp-hflt/lib/libjava.so
b609b000-b609c000 r--p 0001c000 b3:02 903874     /usr/lib/jvm/bellsoft-java13-arm32-vfp-hflt/lib/libjava.so
b609c000-b609d000 rw-p 0001d000 b3:02 903874     /usr/lib/jvm/bellsoft-java13-arm32-vfp-hflt/lib/libjava.so
b609d000-b60a7000 r-xp 00000000 b3:02 903909     /usr/lib/jvm/bellsoft-java13-arm32-vfp-hflt/lib/libverify.so
b60a7000-b60b6000 ---p 0000a000 b3:02 903909     /usr/lib/jvm/bellsoft-java13-arm32-vfp-hflt/lib/libverify.so
b60b6000-b60b7000 r--p 00009000 b3:02 903909     /usr/lib/jvm/bellsoft-java13-arm32-vfp-hflt/lib/libverify.so
b60b7000-b60b8000 rw-p 0000a000 b3:02 903909     /usr/lib/jvm/bellsoft-java13-arm32-vfp-hflt/lib/libverify.so
b60b8000-b60bb000 ---p 00000000 00:00 0 
b60bb000-b6108000 rw-p 00000000 00:00 0 
b6108000-b6179000 r-xp 00000000 b3:02 2046       /lib/arm-linux-gnueabihf/libm-2.28.so
b6179000-b6188000 ---p 00071000 b3:02 2046       /lib/arm-linux-gnueabihf/libm-2.28.so
b6188000-b6189000 r--p 00070000 b3:02 2046       /lib/arm-linux-gnueabihf/libm-2.28.so
b6189000-b618a000 rw-p 00071000 b3:02 2046       /lib/arm-linux-gnueabihf/libm-2.28.so
b618a000-b6c68000 r-xp 00000000 b3:02 903912     /usr/lib/jvm/bellsoft-java13-arm32-vfp-hflt/lib/server/libjvm.so
b6c68000-b6c78000 ---p 00ade000 b3:02 903912     /usr/lib/jvm/bellsoft-java13-arm32-vfp-hflt/lib/server/libjvm.so
b6c78000-b6cb3000 r--p 00ade000 b3:02 903912     /usr/lib/jvm/bellsoft-java13-arm32-vfp-hflt/lib/server/libjvm.so
b6cb3000-b6cd3000 rw-p 00b19000 b3:02 903912     /usr/lib/jvm/bellsoft-java13-arm32-vfp-hflt/lib/server/libjvm.so
b6cd3000-b6d0d000 rw-p 00000000 00:00 0 
b6d0d000-b6e45000 r-xp 00000000 b3:02 2020       /lib/arm-linux-gnueabihf/libc-2.28.so
b6e45000-b6e55000 ---p 00138000 b3:02 2020       /lib/arm-linux-gnueabihf/libc-2.28.so
b6e55000-b6e57000 r--p 00138000 b3:02 2020       /lib/arm-linux-gnueabihf/libc-2.28.so
b6e57000-b6e58000 rw-p 0013a000 b3:02 2020       /lib/arm-linux-gnueabihf/libc-2.28.so
b6e58000-b6e5b000 rw-p 00000000 00:00 0 
b6e5b000-b6e5d000 r-xp 00000000 b3:02 2029       /lib/arm-linux-gnueabihf/libdl-2.28.so
b6e5d000-b6e6c000 ---p 00002000 b3:02 2029       /lib/arm-linux-gnueabihf/libdl-2.28.so
b6e6c000-b6e6d000 r--p 00001000 b3:02 2029       /lib/arm-linux-gnueabihf/libdl-2.28.so
b6e6d000-b6e6e000 rw-p 00002000 b3:02 2029       /lib/arm-linux-gnueabihf/libdl-2.28.so
b6e6e000-b6e85000 r-xp 00000000 b3:02 2083       /lib/arm-linux-gnueabihf/libpthread-2.28.so
b6e85000-b6e94000 ---p 00017000 b3:02 2083       /lib/arm-linux-gnueabihf/libpthread-2.28.so
b6e94000-b6e95000 r--p 00016000 b3:02 2083       /lib/arm-linux-gnueabihf/libpthread-2.28.so
b6e95000-b6e96000 rw-p 00017000 b3:02 2083       /lib/arm-linux-gnueabihf/libpthread-2.28.so
b6e96000-b6e98000 rw-p 00000000 00:00 0 
b6e9d000-b6ead000 rw-p 00000000 00:00 0 
b6ead000-b6ec2000 r-xp 00000000 b3:02 903894     /usr/lib/jvm/bellsoft-java13-arm32-vfp-hflt/lib/libjli.so
b6ec2000-b6ed2000 ---p 00015000 b3:02 903894     /usr/lib/jvm/bellsoft-java13-arm32-vfp-hflt/lib/libjli.so
b6ed2000-b6ed3000 r--p 00015000 b3:02 903894     /usr/lib/jvm/bellsoft-java13-arm32-vfp-hflt/lib/libjli.so
b6ed3000-b6ed4000 rw-p 00016000 b3:02 903894     /usr/lib/jvm/bellsoft-java13-arm32-vfp-hflt/lib/libjli.so
b6ed4000-b6ed8000 r-xp 00000000 b3:02 10875      /usr/lib/arm-linux-gnueabihf/libarmmem-v7l.so
b6ed8000-b6ee7000 ---p 00004000 b3:02 10875      /usr/lib/arm-linux-gnueabihf/libarmmem-v7l.so
b6ee7000-b6ee8000 r--p 00003000 b3:02 10875      /usr/lib/arm-linux-gnueabihf/libarmmem-v7l.so
b6ee8000-b6ee9000 rw-p 00004000 b3:02 10875      /usr/lib/arm-linux-gnueabihf/libarmmem-v7l.so
b6ee9000-b6f09000 r-xp 00000000 b3:02 1944       /lib/arm-linux-gnueabihf/ld-2.28.so
b6f09000-b6f0a000 r--p 00000000 b3:02 515364     /home/pi/.config/dconf/user
b6f0a000-b6f0b000 r--s 00000000 00:28 26         /run/user/1000/dconf/user
b6f0b000-b6f13000 rw-s 00000000 b3:02 901566     /tmp/hsperfdata_root/3267
b6f13000-b6f14000 r--p 00000000 00:00 0 
b6f14000-b6f15000 ---p 00000000 00:00 0 
b6f15000-b6f19000 rw-p 00000000 00:00 0 
b6f19000-b6f1a000 r--p 00020000 b3:02 1944       /lib/arm-linux-gnueabihf/ld-2.28.so
b6f1a000-b6f1b000 rw-p 00021000 b3:02 1944       /lib/arm-linux-gnueabihf/ld-2.28.so
bee5f000-bee80000 rw-p 00000000 00:00 0          [stack]
bef80000-bef81000 r-xp 00000000 00:00 0          [sigpage]
bef81000-bef82000 r--p 00000000 00:00 0          [vvar]
bef82000-bef83000 r-xp 00000000 00:00 0          [vdso]
ffff0000-ffff1000 r-xp 00000000 00:00 0          [vectors]


VM Arguments:
jvm_args: -javaagent:/home/pi/Desktop/idea-IC-202.7660.26/lib/idea_rt.jar=37105:/home/pi/Desktop/idea-IC-202.7660.26/bin -Dfile.encoding=UTF-8 --module-path=/root/IdeaProjects/pi4j-example-minimal/target/classes:/root/.m2/repository/org/slf4j/slf4j-api/2.0.0-alpha0/slf4j-api-2.0.0-alpha0.jar:/root/.m2/repository/org/slf4j/slf4j-simple/2.0.0-alpha0/slf4j-simple-2.0.0-alpha0.jar:/root/.m2/repository/com/pi4j/pi4j-core/2.0-SNAPSHOT/pi4j-core-2.0-20210326.183037-28.jar:/root/.m2/repository/com/pi4j/pi4j-plugin-raspberrypi/2.0-SNAPSHOT/pi4j-plugin-raspberrypi-2.0-20210326.183059-37.jar:/root/.m2/repository/com/pi4j/pi4j-plugin-pigpio/2.0-SNAPSHOT/pi4j-plugin-pigpio-2.0-20210326.183053-37.jar:/root/.m2/repository/com/pi4j/pi4j-library-pigpio/2.0-SNAPSHOT/pi4j-library-pigpio-2.0-20210326.183020-46.jar -Djdk.module.main=com.pi4j.example 
java_command: com.pi4j.example/com.pi4j.example.Test
java_class_path (initial): <not set>
Launcher Type: SUN_STANDARD

[Global flags]
     uint ConcGCThreads                            = 1                                         {product} {ergonomic}
     uint G1ConcRefinementThreads                  = 4                                         {product} {ergonomic}
   size_t G1HeapRegionSize                         = 1048576                                   {product} {ergonomic}
    uintx GCDrainStackTargetSize                   = 64                                        {product} {ergonomic}
   size_t InitialHeapSize                          = 62914560                                  {product} {ergonomic}
   size_t MarkStackSize                            = 32768                                     {product} {ergonomic}
   size_t MaxHeapSize                              = 1004535808                                {product} {ergonomic}
   size_t MaxNewSize                               = 601882624                                 {product} {ergonomic}
   size_t MinHeapDeltaBytes                        = 1048576                                   {product} {ergonomic}
   size_t MinHeapSize                              = 6291456                                   {product} {ergonomic}
    uintx NonProfiledCodeHeapSize                  = 0                                      {pd product} {ergonomic}
    uintx ProfiledCodeHeapSize                     = 0                                      {pd product} {ergonomic}
   size_t SoftMaxHeapSize                          = 1004535808                             {manageable} {ergonomic}
     bool UseAOT                                   = false                                     {product} {ergonomic}
     bool UseG1GC                                  = true                                      {product} {ergonomic}

Logging:
Log output configuration:
 #0: stdout all=warning uptime,level,tags
 #1: stderr all=off uptime,level,tags

Environment Variables:
PATH=/usr/local/sbin:/usr/local/bin:/usr/sbin:/usr/bin:/sbin:/bin:/usr/local/games:/usr/games:/opt/apache-maven-3.6.3/bin
SHELL=/bin/bash
DISPLAY=:0.0

Signal Handlers:
SIGSEGV: [libjvm.so+0xa2a368], sa_mask[0]=11111111011111111101111111111110, sa_flags=SA_RESTART|SA_SIGINFO
SIGBUS: [libjvm.so+0xa2a368], sa_mask[0]=11111111011111111101111111111110, sa_flags=SA_RESTART|SA_SIGINFO
SIGFPE: [libjvm.so+0xa2a368], sa_mask[0]=11111111011111111101111111111110, sa_flags=SA_RESTART|SA_SIGINFO
SIGPIPE: SIG_IGN, sa_mask[0]=00000000000010000000000000000000, sa_flags=SA_RESTART
SIGXFSZ: [libjvm.so+0x823ebc], sa_mask[0]=11111111011111111101111111111110, sa_flags=SA_RESTART|SA_SIGINFO
SIGILL: [libjvm.so+0xa2a368], sa_mask[0]=11111111011111111101111111111110, sa_flags=SA_RESTART|SA_SIGINFO
SIGUSR2: [libjvm.so+0x823d50], sa_mask[0]=00100000000000000000000000000000, sa_flags=SA_RESTART|SA_SIGINFO
SIGHUP: [libjvm.so+0x824600], sa_mask[0]=11111111011111111101111111111110, sa_flags=SA_RESTART|SA_SIGINFO
SIGINT: [libjvm.so+0x824600], sa_mask[0]=11111111011111111101111111111110, sa_flags=SA_RESTART|SA_SIGINFO
SIGTERM: [libjvm.so+0x824600], sa_mask[0]=11111111011111111101111111111110, sa_flags=SA_RESTART|SA_SIGINFO
SIGQUIT: [libjvm.so+0x824600], sa_mask[0]=11111111011111111101111111111110, sa_flags=SA_RESTART|SA_SIGINFO


---------------  S Y S T E M  ---------------

OS:PRETTY_NAME="Raspbian GNU/Linux 10 (buster)"
NAME="Raspbian GNU/Linux"
VERSION_ID="10"
VERSION="10 (buster)"
VERSION_CODENAME=buster
ID=raspbian
ID_LIKE=debian
HOME_URL="http://www.raspbian.org/"
SUPPORT_URL="http://www.raspbian.org/RaspbianForums"
BUG_REPORT_URL="http://www.raspbian.org/RaspbianBugs"
uname:Linux 5.10.17-v7l+ #1403 SMP Mon Feb 22 11:33:35 GMT 2021 armv7l
libc:glibc 2.28 NPTL 2.28 
rlimit: STACK 8192k, CORE 0k, NPROC 28554, NOFILE 1048576, AS infinity, DATA infinity, FSIZE infinity
load average:2,16 2,12 2,13

/proc/meminfo:
MemTotal:        3919128 kB
MemFree:         1946068 kB
MemAvailable:    2631364 kB
Buffers:           39544 kB
Cached:           807780 kB
SwapCached:            0 kB
Active:           322088 kB
Inactive:        1533836 kB
Active(anon):        928 kB
Inactive(anon):  1061024 kB
Active(file):     321160 kB
Inactive(file):   472812 kB
Unevictable:       37004 kB
Mlocked:              36 kB
HighTotal:       3264512 kB
HighFree:        1395176 kB
LowTotal:         654616 kB
LowFree:          550892 kB
SwapTotal:        102396 kB
SwapFree:         102396 kB
Dirty:                44 kB
Writeback:             0 kB
AnonPages:       1045756 kB
Mapped:           157948 kB
Shmem:             53208 kB
KReclaimable:      23112 kB
Slab:              42896 kB
SReclaimable:      23112 kB
SUnreclaim:        19784 kB
KernelStack:        2816 kB
PageTables:         7640 kB
NFS_Unstable:          0 kB
Bounce:                0 kB
WritebackTmp:          0 kB
CommitLimit:     2061960 kB
Committed_AS:    2179924 kB
VmallocTotal:     245760 kB
VmallocUsed:        5320 kB
VmallocChunk:          0 kB
Percpu:              512 kB
CmaTotal:         262144 kB
CmaFree:          249648 kB


/proc/sys/kernel/threads-max (system-wide limit on the number of threads):
57108


/proc/sys/vm/max_map_count (maximum number of memory map areas a process may have):
65530


/proc/sys/kernel/pid_max (system-wide limit on number of process identifiers):
32768



/etc/ld.so.preload:
/usr/lib/arm-linux-gnueabihf/libarmmem-${PLATFORM}.so

Steal ticks since vm start: 0
Steal ticks percentage since vm start:  0,000

CPU:total 4 (initial active 4) (ARMv7), vfp, vfp3-32, simd, mp_ext

/proc/cpuinfo:
processor	: 0
model name	: ARMv7 Processor rev 3 (v7l)
BogoMIPS	: 270.00
Features	: half thumb fastmult vfp edsp neon vfpv3 tls vfpv4 idiva idivt vfpd32 lpae evtstrm crc32 
CPU implementer	: 0x41
CPU architecture: 7
CPU variant	: 0x0
CPU part	: 0xd08
CPU revision	: 3

processor	: 1
model name	: ARMv7 Processor rev 3 (v7l)
BogoMIPS	: 270.00
Features	: half thumb fastmult vfp edsp neon vfpv3 tls vfpv4 idiva idivt vfpd32 lpae evtstrm crc32 
CPU implementer	: 0x41
CPU architecture: 7
CPU variant	: 0x0
CPU part	: 0xd08
CPU revision	: 3

processor	: 2
model name	: ARMv7 Processor rev 3 (v7l)
BogoMIPS	: 270.00
Features	: half thumb fastmult vfp edsp neon vfpv3 tls vfpv4 idiva idivt vfpd32 lpae evtstrm crc32 
CPU implementer	: 0x41
CPU architecture: 7
CPU variant	: 0x0
CPU part	: 0xd08
CPU revision	: 3

processor	: 3
model name	: ARMv7 Processor rev 3 (v7l)
BogoMIPS	: 270.00
Features	: half thumb fastmult vfp edsp neon vfpv3 tls vfpv4 idiva idivt vfpd32 lpae evtstrm crc32 
CPU implementer	: 0x41
CPU architecture: 7
CPU variant	: 0x0
CPU part	: 0xd08
CPU revision	: 3

Hardware	: BCM2711
Revision	: c03112
Serial		: 1000000022737370
Model		: Raspberry Pi 4 Model B Rev 1.2

Memory: 4k page, physical 3919128k(1946068k free), swap 102396k(102396k free)

vm_info: OpenJDK Server VM (13-BellSoft+33) for linux-arm-vfp-hflt JRE (13-BellSoft+33), built on Sep 19 2019 13:58:59 by "bellsoft" with gcc 7.3.1 20180425 [linaro-7.3-2018.05 revision d29120a424ecfbc167ef90065c0eeb7f91977701]

END.
