#
# A fatal error has been detected by the Java Runtime Environment:
#
#  SIGSEGV (0xb) at pc=0x70d40d28, pid=1694, tid=1772
#
# JRE version: OpenJDK Runtime Environment (13.0+33) (build 13-BellSoft+33)
# Java VM: OpenJDK Server VM (13-BellSoft+33, mixed mode, g1 gc, linux-arm)
# Problematic frame:
# C  [libpigpio.so.1+0x21d28]
#
# No core dump will be written. Core dumps have been disabled. To enable core dumping, try "ulimit -c unlimited" before starting Java again
#
# If you would like to submit a bug report, please visit:
#   http://bugreport.java.com/bugreport/crash.jsp
# The crash happened outside the Java Virtual Machine in native code.
# See problematic frame for where to report the bug.
#

---------------  S U M M A R Y ------------

Command Line: -javaagent:/home/pi/Desktop/idea-IC-202.7660.26/lib/idea_rt.jar=39749:/home/pi/Desktop/idea-IC-202.7660.26/bin -Dfile.encoding=UTF-8 --module-path=/root/IdeaProjects/pi4j-example-minimal/target/classes:/root/.m2/repository/org/slf4j/slf4j-api/2.0.0-alpha0/slf4j-api-2.0.0-alpha0.jar:/root/.m2/repository/org/slf4j/slf4j-simple/2.0.0-alpha0/slf4j-simple-2.0.0-alpha0.jar:/root/.m2/repository/com/pi4j/pi4j-core/2.0-SNAPSHOT/pi4j-core-2.0-20210326.183037-28.jar:/root/.m2/repository/com/pi4j/pi4j-plugin-raspberrypi/2.0-SNAPSHOT/pi4j-plugin-raspberrypi-2.0-20210326.183059-37.jar:/root/.m2/repository/com/pi4j/pi4j-plugin-pigpio/2.0-SNAPSHOT/pi4j-plugin-pigpio-2.0-20210326.183053-37.jar:/root/.m2/repository/com/pi4j/pi4j-library-pigpio/2.0-SNAPSHOT/pi4j-library-pigpio-2.0-20210326.183020-46.jar -Djdk.module.main=com.pi4j.example com.pi4j.example/com.pi4j.example.Test

Host: rev 3 (v7l), 4 cores, 3G, Raspbian GNU/Linux 10 (buster)
Time: Wed Apr  7 19:04:49 2021 CEST elapsed time: 50 seconds (0d 0h 0m 50s)

---------------  T H R E A D  ---------------

Current thread (0x00bf6800):  JavaThread "pi4j-shutdown" [_thread_in_native, id=1772, stack(0x70800000,0x70850000)]

Stack: [0x70800000,0x70850000],  sp=0x7084e8b0,  free space=314k
Native frames: (J=compiled Java code, A=aot compiled Java code, j=interpreted, Vv=VM code, C=native code)
C  [libpigpio.so.1+0x21d28]
C  0x7084ea70

Java frames: (J=compiled Java code, j=interpreted, Vv=VM code)
j  com.pi4j.library.pigpio.internal.PIGPIO.gpioTerminate()V+0 com.pi4j.library.pigpio@2.0-SNAPSHOT
j  com.pi4j.library.pigpio.impl.PiGpioNativeImpl.gpioTerminate()V+22 com.pi4j.library.pigpio@2.0-SNAPSHOT
j  com.pi4j.library.pigpio.PiGpio.shutdown()V+1 com.pi4j.library.pigpio@2.0-SNAPSHOT
j  com.pi4j.plugin.pigpio.PiGpioPlugin.shutdown(Lcom/pi4j/context/Context;)V+23 com.pi4j.plugin.pigpio@2.0-SNAPSHOT
j  com.pi4j.runtime.impl.DefaultRuntime.shutdown()Lcom/pi4j/runtime/Runtime;+87 com.pi4j@2.0-SNAPSHOT
j  com.pi4j.runtime.impl.DefaultRuntime.lambda$new$2()V+8 com.pi4j@2.0-SNAPSHOT
j  com.pi4j.runtime.impl.DefaultRuntime$$Lambda$182.run()V+4 com.pi4j@2.0-SNAPSHOT
j  java.lang.Thread.run()V+11 java.base@13-BellSoft
v  ~StubRoutines::call_stub

siginfo: si_signo: 11 (SIGSEGV), si_code: 1 (SEGV_MAPERR), si_addr: 0xb3c0139c

Register to memory mapping:

  r0  = 0x00000000
0x0 is NULL

  r1  = 0x00001000
0x00001000 is an unknown value

  r2  = 0xffffffff
0xffffffff is an unknown value

  r3  = 0xb3c0134c
0xb3c0134c is an unknown value

  r4  = 0xb3c01398
0xb3c01398 is an unknown value

  r5  = 0xb3c023dc
0xb3c023dc is an unknown value

  r6  = 0x00000014
0x00000014 is an unknown value

  r7  = 0xb3c01000
0xb3c01000 is an unknown value

  r8  = 0xb6f07968
0xb6f07968: __stack_chk_guard+0x00000000 in /lib/ld-linux-armhf.so.3 at 0xb6ed7000

  r9  = 0x7129b958
{method} {0x7129b958} 'gpioTerminate' '()V' in 'com/pi4j/library/pigpio/internal/PIGPIO'

  r10 = 0x00bf6800
0x00bf6800 is a thread

  fp  = 0x7084ea40
0x7084ea40 is pointing into the stack for thread: 0x00bf6800

  r12 = 0x70d6c2c4
0x70d6c2c4: <offset 0x0004d2c4> in /usr/lib/libpigpio.so.1 at 0x70d1f000

  sp  = 0x7084e8b0
0x7084e8b0 is pointing into the stack for thread: 0x00bf6800

  lr  = 0x70d40d34
0x70d40d34: <offset 0x00021d34> in /usr/lib/libpigpio.so.1 at 0x70d1f000

  pc  = 0x70d40d28
0x70d40d28: <offset 0x00021d28> in /usr/lib/libpigpio.so.1 at 0x70d1f000



Registers:
  r0  = 0x00000000
  r1  = 0x00001000
  r2  = 0xffffffff
  r3  = 0xb3c0134c
  r4  = 0xb3c01398
  r5  = 0xb3c023dc
  r6  = 0x00000014
  r7  = 0xb3c01000
  r8  = 0xb6f07968
  r9  = 0x7129b958
  r10 = 0x00bf6800
  fp  = 0x7084ea40
  r12 = 0x70d6c2c4
  sp  = 0x7084e8b0
  lr  = 0x70d40d34
  pc  = 0x70d40d28
  cpsr = 0x80000010

Top of Stack: (sp=0x7084e8b0)
0x7084e8b0:   7126fa54 b6f07968 74d91478 00000000
0x7084e8c0:   7084e8cc 7084e8f4 b3d1d3f0 7b6c3b68
0x7084e8d0:   7084e8d0 74da3799 7084e8fc 74da3f88
0x7084e8e0:   712ee64c 77ebdd38 74da37b0 00000000
0x7084e8f0:   7084e928 b3d1d3f0 b3d1d3f0 7b7bd470
0x7084e900:   7b6c3b78 7084e904 74efcc1f 7084e934
0x7084e910:   74efce90 00000000 77e8c720 74efcc48
0x7084e920:   00000000 7084e930 7084e960 b3d1d3f0 

Instructions: (pc=0x70d40d28)
0x70d40c28:   0a000001 e3a01024 ebff89ff e59f368c
0x70d40c38:   e08f3003 e5930074 e3700001 0a000001
0x70d40c48:   e3a01028 ebff89f8 e59f3674 e79f0003
0x70d40c58:   e3700001 0a000001 e3a0101c ebff89f2
0x70d40c68:   e59f3660 e08f3003 e5930034 e3700001
0x70d40c78:   0a000001 e3a01018 ebff89eb e59f3648
0x70d40c88:   e3e02000 e08f3003 e59300c8 e583202c
0x70d40c98:   e1500002 e583206c e5832064 e58320c4
0x70d40ca8:   e5832030 e5832078 e5832074 e5832000
0x70d40cb8:   e5832034 0a000006 e59f2610 e3a030d4
0x70d40cc8:   e08f2002 e5922004 e0030293 e2831e35
0x70d40cd8:   ebff89d5 e59f35f8 e3e02000 e08f3003
0x70d40ce8:   e59370cc e58320c8 e1570002 0a000015
0x70d40cf8:   e59f35e0 e08f3003 e5936004 e0863086
0x70d40d08:   e0863103 e0863103 e37300d4 0a000008
0x70d40d18:   e3a050d4 e2873fd3 e0253695 e2474004
0x70d40d28:   e5b40004 e3a01a01 ebff89bf e1540005
0x70d40d38:   1afffffa e3a010d4 e1a00007 e0010691
0x70d40d48:   e2811e35 ebff89b8 e59f358c e3e02000
0x70d40d58:   e08f3003 e59370d0 e58320cc e1570002
0x70d40d68:   0a000010 e59f3574 e08f3003 e5933004
0x70d40d78:   e3730004 0a000137 e1a06103 e0875006
0x70d40d88:   e285500c e2474004 e5b40004 e3a01a35
0x70d40d98:   ebff89a5 e1540005 1afffffa e2861010
0x70d40da8:   e1a00007 ebff89a0 e59f3534 e3e01000
0x70d40db8:   e08f3003 e59320d4 e58310d0 e1520001
0x70d40dc8:   0a000048 e59f051c e3a01000 e08f0000
0x70d40dd8:   ebff88db e2507000 ba00010d e59f3508
0x70d40de8:   e59f2508 e08f3003 e08f2002 e5934004
0x70d40df8:   e58270d8 e3740004 0a00002f e59250d4
0x70d40e08:   e59fb4ec e0854204 e2455040 ea000002
0x70d40e18:   e2444010 e1550004 0a000027 e5943030 


Stack slot to memory mapping:
stack at sp + 0 slots: 0x7126fa54 is pointing into metadata
stack at sp + 1 slots: 0xb6f07968: __stack_chk_guard+0x00000000 in /lib/ld-linux-armhf.so.3 at 0xb6ed7000
stack at sp + 2 slots: {method} {0x74d91478} '<init>' '()V' in 'java/util/AbstractCollection'
stack at sp + 3 slots: 0x0 is NULL
stack at sp + 4 slots: 0x7084e8cc is pointing into the stack for thread: 0x00bf6800
stack at sp + 5 slots: 0x7084e8f4 is pointing into the stack for thread: 0x00bf6800
stack at sp + 6 slots: 0xb3d1d3f0 is at code_begin+2448 in an Interpreter codelet
invoke return entry points  [0xb3d1ca60, 0xb3d1d500]  2720 bytes
stack at sp + 7 slots: 0x7b6c3b68 is an oop: java.util.HashMap$KeySet 
{0x7b6c3b68} - klass: 'java/util/HashMap$KeySet'


---------------  P R O C E S S  ---------------

Threads class SMR info:
_java_thread_list=0x75919e90, length=17, elements={
0x74b61800, 0x74b63800, 0x74b72000, 0x74b73800,
0x74b75000, 0x74bd6400, 0x74352400, 0x74353800,
0x75106000, 0x73334c00, 0x73338c00, 0x7333b400,
0x7333c800, 0xb5f13000, 0x00bf6800, 0x00b27400,
0x00b29000
}

Java Threads: ( => current thread )
  0x74b61800 JavaThread "Reference Handler" daemon [_thread_blocked, id=1707, stack(0x7582e000,0x7587e000)]
  0x74b63800 JavaThread "Finalizer" daemon [_thread_blocked, id=1708, stack(0x7562e000,0x7567e000)]
  0x74b72000 JavaThread "Signal Dispatcher" daemon [_thread_blocked, id=1710, stack(0x7542e000,0x7547e000)]
  0x74b73800 JavaThread "C2 CompilerThread0" daemon [_thread_blocked, id=1711, stack(0x74a80000,0x74b00000)]
  0x74b75000 JavaThread "Sweeper thread" daemon [_thread_blocked, id=1712, stack(0x7522e000,0x7527e000)]
  0x74bd6400 JavaThread "Common-Cleaner" daemon [_thread_blocked, id=1715, stack(0x74a30000,0x74a80000)]
  0x74352400 JavaThread "Monitor Ctrl-Break" daemon [_thread_in_native, id=1729, stack(0x74436000,0x74486000)]
  0x74353800 JavaThread "Service Thread" daemon [_thread_blocked, id=1730, stack(0x740b0000,0x74100000)]
  0x75106000 JavaThread "Attach Listener" daemon [_thread_blocked, id=1736, stack(0x718ce000,0x7191e000)]
  0x73334c00 JavaThread "Java2D Disposer" daemon [_thread_blocked, id=1737, stack(0x7187e000,0x718ce000)]
  0x73338c00 JavaThread "AWT-XAWT" daemon [_thread_in_native, id=1738, stack(0x7182e000,0x7187e000)]
  0x7333b400 JavaThread "AWT-Shutdown" [_thread_blocked, id=1739, stack(0x717de000,0x7182e000)]
  0x7333c800 JavaThread "AWT-EventQueue-0" [_thread_blocked, id=1740, stack(0x7178e000,0x717de000)]
  0xb5f13000 JavaThread "DestroyJavaVM" [_thread_blocked, id=1697, stack(0xb60a6000,0xb60f6000)]
=>0x00bf6800 JavaThread "pi4j-shutdown" [_thread_in_native, id=1772, stack(0x70800000,0x70850000)]
  0x00b27400 JavaThread "pi4j-shutdown" [_thread_in_native, id=1774, stack(0x70760000,0x707b0000)]
  0x00b29000 JavaThread "pi4j-shutdown" [_thread_in_native, id=1775, stack(0x70710000,0x70760000)]

Other Threads:
  0x74b5b800 VMThread "VM Thread" [stack: 0x74c34000,0x74cb4000] [id=1706]
  0x74355800 WatcherThread [stack: 0x74030000,0x740b0000] [id=1731]
  0xb5f7d400 GCTaskThread "GC Thread#0" [stack: 0xb3c59000,0xb3cd9000] [id=1700]
  0x74905c00 GCTaskThread "GC Thread#1" [stack: 0x71080000,0x71100000] [id=1753]
  0x74906800 GCTaskThread "GC Thread#2" [stack: 0x70ffe000,0x7107e000] [id=1754]
  0x74907c00 GCTaskThread "GC Thread#3" [stack: 0x70f7c000,0x70ffc000] [id=1755]
  0xb5f82c00 ConcurrentGCThread "G1 Main Marker" [stack: 0x75880000,0x75900000] [id=1701]
  0xb5f84000 ConcurrentGCThread "G1 Conc#0" [stack: 0x75680000,0x75700000] [id=1702]
  0xb5fea800 ConcurrentGCThread "G1 Refine#0" [stack: 0x75480000,0x75500000] [id=1703]
  0xb5febc00 ConcurrentGCThread "G1 Young RemSet Sampling" [stack: 0x75280000,0x75300000] [id=1704]

Threads with active compile tasks:

VM state:not at safepoint (normal execution)

VM Mutex/Monitor currently owned by a thread: None

Heap:
 garbage-first heap   total 61440K, used 6959K [0x77e00000, 0xb3c00000)
  region size 1024K, 7 young (7168K), 2 survivors (2048K)
 Metaspace       used 12410K, capacity 12561K, committed 12568K, reserved 12592K
Heap Regions: E=young(eden), S=young(survivor), O=old, HS=humongous(starts), HC=humongous(continues), CS=collection set, F=free, A=archive, TAMS=top-at-mark-start (previous, next)
|   0|0x77e00000, 0x77ecbc00, 0x77f00000| 79%| O|  |TAMS 0x77e00000, 0x77e00000| Untracked 
|   1|0x77f00000, 0x77f00000, 0x78000000|  0%| F|  |TAMS 0x77f00000, 0x77f00000| Untracked 
|   2|0x78000000, 0x78000000, 0x78100000|  0%| F|  |TAMS 0x78000000, 0x78000000| Untracked 
|   3|0x78100000, 0x78100000, 0x78200000|  0%| F|  |TAMS 0x78100000, 0x78100000| Untracked 
|   4|0x78200000, 0x78200000, 0x78300000|  0%| F|  |TAMS 0x78200000, 0x78200000| Untracked 
|   5|0x78300000, 0x78300000, 0x78400000|  0%| F|  |TAMS 0x78300000, 0x78300000| Untracked 
|   6|0x78400000, 0x78400000, 0x78500000|  0%| F|  |TAMS 0x78400000, 0x78400000| Untracked 
|   7|0x78500000, 0x78500000, 0x78600000|  0%| F|  |TAMS 0x78500000, 0x78500000| Untracked 
|   8|0x78600000, 0x78600000, 0x78700000|  0%| F|  |TAMS 0x78600000, 0x78600000| Untracked 
|   9|0x78700000, 0x78700000, 0x78800000|  0%| F|  |TAMS 0x78700000, 0x78700000| Untracked 
|  10|0x78800000, 0x78800000, 0x78900000|  0%| F|  |TAMS 0x78800000, 0x78800000| Untracked 
|  11|0x78900000, 0x78900000, 0x78a00000|  0%| F|  |TAMS 0x78900000, 0x78900000| Untracked 
|  12|0x78a00000, 0x78a00000, 0x78b00000|  0%| F|  |TAMS 0x78a00000, 0x78a00000| Untracked 
|  13|0x78b00000, 0x78b00000, 0x78c00000|  0%| F|  |TAMS 0x78b00000, 0x78b00000| Untracked 
|  14|0x78c00000, 0x78c00000, 0x78d00000|  0%| F|  |TAMS 0x78c00000, 0x78c00000| Untracked 
|  15|0x78d00000, 0x78d00000, 0x78e00000|  0%| F|  |TAMS 0x78d00000, 0x78d00000| Untracked 
|  16|0x78e00000, 0x78e00000, 0x78f00000|  0%| F|  |TAMS 0x78e00000, 0x78e00000| Untracked 
|  17|0x78f00000, 0x78f00000, 0x79000000|  0%| F|  |TAMS 0x78f00000, 0x78f00000| Untracked 
|  18|0x79000000, 0x79000000, 0x79100000|  0%| F|  |TAMS 0x79000000, 0x79000000| Untracked 
|  19|0x79100000, 0x79100000, 0x79200000|  0%| F|  |TAMS 0x79100000, 0x79100000| Untracked 
|  20|0x79200000, 0x79200000, 0x79300000|  0%| F|  |TAMS 0x79200000, 0x79200000| Untracked 
|  21|0x79300000, 0x79300000, 0x79400000|  0%| F|  |TAMS 0x79300000, 0x79300000| Untracked 
|  22|0x79400000, 0x79400000, 0x79500000|  0%| F|  |TAMS 0x79400000, 0x79400000| Untracked 
|  23|0x79500000, 0x79500000, 0x79600000|  0%| F|  |TAMS 0x79500000, 0x79500000| Untracked 
|  24|0x79600000, 0x79600000, 0x79700000|  0%| F|  |TAMS 0x79600000, 0x79600000| Untracked 
|  25|0x79700000, 0x79700000, 0x79800000|  0%| F|  |TAMS 0x79700000, 0x79700000| Untracked 
|  26|0x79800000, 0x79800000, 0x79900000|  0%| F|  |TAMS 0x79800000, 0x79800000| Untracked 
|  27|0x79900000, 0x79900000, 0x79a00000|  0%| F|  |TAMS 0x79900000, 0x79900000| Untracked 
|  28|0x79a00000, 0x79a00000, 0x79b00000|  0%| F|  |TAMS 0x79a00000, 0x79a00000| Untracked 
|  29|0x79b00000, 0x79b00000, 0x79c00000|  0%| F|  |TAMS 0x79b00000, 0x79b00000| Untracked 
|  30|0x79c00000, 0x79c00000, 0x79d00000|  0%| F|  |TAMS 0x79c00000, 0x79c00000| Untracked 
|  31|0x79d00000, 0x79d00000, 0x79e00000|  0%| F|  |TAMS 0x79d00000, 0x79d00000| Untracked 
|  32|0x79e00000, 0x79e00000, 0x79f00000|  0%| F|  |TAMS 0x79e00000, 0x79e00000| Untracked 
|  33|0x79f00000, 0x79f00000, 0x7a000000|  0%| F|  |TAMS 0x79f00000, 0x79f00000| Untracked 
|  34|0x7a000000, 0x7a000000, 0x7a100000|  0%| F|  |TAMS 0x7a000000, 0x7a000000| Untracked 
|  35|0x7a100000, 0x7a100000, 0x7a200000|  0%| F|  |TAMS 0x7a100000, 0x7a100000| Untracked 
|  36|0x7a200000, 0x7a200000, 0x7a300000|  0%| F|  |TAMS 0x7a200000, 0x7a200000| Untracked 
|  37|0x7a300000, 0x7a300000, 0x7a400000|  0%| F|  |TAMS 0x7a300000, 0x7a300000| Untracked 
|  38|0x7a400000, 0x7a400000, 0x7a500000|  0%| F|  |TAMS 0x7a400000, 0x7a400000| Untracked 
|  39|0x7a500000, 0x7a500000, 0x7a600000|  0%| F|  |TAMS 0x7a500000, 0x7a500000| Untracked 
|  40|0x7a600000, 0x7a600000, 0x7a700000|  0%| F|  |TAMS 0x7a600000, 0x7a600000| Untracked 
|  41|0x7a700000, 0x7a700000, 0x7a800000|  0%| F|  |TAMS 0x7a700000, 0x7a700000| Untracked 
|  42|0x7a800000, 0x7a800000, 0x7a900000|  0%| F|  |TAMS 0x7a800000, 0x7a800000| Untracked 
|  43|0x7a900000, 0x7a900000, 0x7aa00000|  0%| F|  |TAMS 0x7a900000, 0x7a900000| Untracked 
|  44|0x7aa00000, 0x7ab00000, 0x7ab00000|100%| S|CS|TAMS 0x7aa00000, 0x7aa00000| Complete 
|  45|0x7ab00000, 0x7ac00000, 0x7ac00000|100%| S|CS|TAMS 0x7ab00000, 0x7ab00000| Complete 
|  46|0x7ac00000, 0x7ac00000, 0x7ad00000|  0%| F|  |TAMS 0x7ac00000, 0x7ac00000| Untracked 
|  47|0x7ad00000, 0x7ad00000, 0x7ae00000|  0%| F|  |TAMS 0x7ad00000, 0x7ad00000| Untracked 
|  48|0x7ae00000, 0x7ae00000, 0x7af00000|  0%| F|  |TAMS 0x7ae00000, 0x7ae00000| Untracked 
|  49|0x7af00000, 0x7af00000, 0x7b000000|  0%| F|  |TAMS 0x7af00000, 0x7af00000| Untracked 
|  50|0x7b000000, 0x7b000000, 0x7b100000|  0%| F|  |TAMS 0x7b000000, 0x7b000000| Untracked 
|  51|0x7b100000, 0x7b100000, 0x7b200000|  0%| F|  |TAMS 0x7b100000, 0x7b100000| Untracked 
|  52|0x7b200000, 0x7b200000, 0x7b300000|  0%| F|  |TAMS 0x7b200000, 0x7b200000| Untracked 
|  53|0x7b300000, 0x7b300000, 0x7b400000|  0%| F|  |TAMS 0x7b300000, 0x7b300000| Untracked 
|  54|0x7b400000, 0x7b400000, 0x7b500000|  0%| F|  |TAMS 0x7b400000, 0x7b400000| Untracked 
|  55|0x7b500000, 0x7b5578c8, 0x7b600000| 34%| E|  |TAMS 0x7b500000, 0x7b500000| Complete 
|  56|0x7b600000, 0x7b700000, 0x7b700000|100%| E|CS|TAMS 0x7b600000, 0x7b600000| Complete 
|  57|0x7b700000, 0x7b800000, 0x7b800000|100%| E|CS|TAMS 0x7b700000, 0x7b700000| Complete 
|  58|0x7b800000, 0x7b900000, 0x7b900000|100%| E|CS|TAMS 0x7b800000, 0x7b800000| Complete 
|  59|0x7b900000, 0x7ba00000, 0x7ba00000|100%| E|CS|TAMS 0x7b900000, 0x7b900000| Complete 

Card table byte_map: [0x77a42000,0x77c21000] _byte_map_base: 0x77683000

Marking Bits (Prev, Next): (CMBitMap*) 0xb5f7e5c4, (CMBitMap*) 0xb5f7e5e4
 Prev Bits: [0x7696b000, 0x77863000)
 Next Bits: [0x75a73000, 0x7696b000)

Polling page: 0xb6f01000

Metaspace:

Usage:
   12,27 MB capacity,    12,12 MB ( 99%) used,   100,37 KB ( <1%) free+waste,    50,12 KB ( <1%) overhead. 

Virtual space:
     12,30 MB reserved,      12,27 MB (>99%) committed 

Chunk freelists:
0 bytes

MaxMetaspaceSize: unlimited


CodeCache: size=32768Kb used=666Kb max_used=679Kb free=32101Kb
 bounds [0xb3d19000, 0xb3e99000, 0xb5d19000]
 total_blobs=800 nmethods=249 adapters=216
 compilation: enabled
              stopped_count=0, restarted_count=0
 full_count=0

Compilation events (20 events):
Event: 35,763 Thread 0x74b73800  239             java.util.concurrent.locks.ReentrantLock::unlock (10 bytes)
Event: 35,770 Thread 0x74b73800 nmethod 239 0xb3db5488 code [0xb3db5590, 0xb3db57d8]
Event: 38,342 Thread 0x74b73800  240             java.awt.Component::inside (30 bytes)
Event: 38,344 Thread 0x74b73800 nmethod 240 0xb3dbe608 code [0xb3dbe700, 0xb3dbe79c]
Event: 38,406 Thread 0x74b73800  241             java.awt.AWTEvent::getID (5 bytes)
Event: 38,407 Thread 0x74b73800 nmethod 241 0xb3dbe308 code [0xb3dbe400, 0xb3dbe45c]
Event: 38,428 Thread 0x74b73800  242             javax.swing.JComponent::contains (27 bytes)
Event: 38,431 Thread 0x74b73800 nmethod 242 0xb3dbe008 code [0xb3dbe100, 0xb3dbe1ec]
Event: 38,832 Thread 0x74b73800  243             java.util.HashMap$HashIterator::<init> (79 bytes)
Event: 38,841 Thread 0x74b73800 nmethod 243 0xb3dbda08 code [0xb3dbdb10, 0xb3dbdebc]
Event: 40,414 Thread 0x74b73800  244             sun.awt.AWTAccessor::getComponentAccessor (18 bytes)
Event: 40,415 Thread 0x74b73800 nmethod 244 0xb3dbd508 code [0xb3dbd600, 0xb3dbd66c]
Event: 40,993 Thread 0x74b73800  245             sun.awt.SunToolkit::awtLock (7 bytes)
Event: 40,999 Thread 0x74b73800 nmethod 245 0xb3dbfd08 code [0xb3dbfe20, 0xb3dc0050]
Event: 40,999 Thread 0x74b73800  246             sun.awt.SunToolkit::awtUnlock (7 bytes)
Event: 41,007 Thread 0x74b73800 nmethod 246 0xb3dbf888 code [0xb3dbf990, 0xb3dbfbc8]
Event: 43,255 Thread 0x74b73800  247             sun.util.logging.PlatformLogger::isLoggable (23 bytes)
Event: 43,275 Thread 0x74b73800 nmethod 247 0xb3dbe908 code [0xb3dbea60, 0xb3dbf2dc]
Event: 43,275 Thread 0x74b73800  248             jdk.internal.logger.AbstractLoggerWrapper::isLoggable (26 bytes)
Event: 43,296 Thread 0x74b73800 nmethod 248 0xb3dc0f08 code [0xb3dc1050, 0xb3dc185c]

GC Heap History (2 events):
Event: 22,454 GC heap before
{Heap before GC invocations=0 (full 0):
 garbage-first heap   total 61440K, used 14336K [0x77e00000, 0xb3c00000)
  region size 1024K, 14 young (14336K), 0 survivors (0K)
 Metaspace       used 11833K, capacity 11993K, committed 12056K, reserved 12592K
}
Event: 22,476 GC heap after
{Heap after GC invocations=1 (full 0):
 garbage-first heap   total 61440K, used 2863K [0x77e00000, 0xb3c00000)
  region size 1024K, 2 young (2048K), 2 survivors (2048K)
 Metaspace       used 11833K, capacity 11993K, committed 12056K, reserved 12592K
}

Deoptimization events (20 events):
Event: 3,131 Thread 0x7333c800 Uncommon trap: trap_request=0xffffffde fr.pc=0xb3d8b98c relative=0x0000049c
Event: 3,131 Thread 0x7333c800 Uncommon trap: reason=class_check action=maybe_recompile pc=0xb3d8b98c method=java.util.HashMap.putVal(ILjava/lang/Object;Ljava/lang/Object;ZZ)Ljava/lang/Object; @ 253 c2
Event: 3,131 Thread 0x7333c800 DEOPT PACKING pc=0xb3d8b98c sp=0x717dc328
Event: 3,131 Thread 0x7333c800 DEOPT UNPACKING pc=0xb3d48bfc sp=0x717dc308 mode 2
Event: 3,135 Thread 0x7333c800 Uncommon trap: trap_request=0xffffff45 fr.pc=0xb3d8bc4c relative=0x0000075c
Event: 3,135 Thread 0x7333c800 Uncommon trap: reason=unstable_if action=reinterpret pc=0xb3d8bc4c method=java.util.HashMap.putVal(ILjava/lang/Object;Ljava/lang/Object;ZZ)Ljava/lang/Object; @ 181 c2
Event: 3,135 Thread 0x7333c800 DEOPT PACKING pc=0xb3d8bc4c sp=0x717dc420
Event: 3,135 Thread 0x7333c800 DEOPT UNPACKING pc=0xb3d48bfc sp=0x717dc400 mode 2
Event: 23,872 Thread 0x7333c800 Uncommon trap: trap_request=0xffffff45 fr.pc=0xb3d9a584 relative=0x00000084
Event: 23,872 Thread 0x7333c800 Uncommon trap: reason=unstable_if action=reinterpret pc=0xb3d9a584 method=jdk.internal.logger.LazyLoggers$LazyLoggerAccessor.platform()Lsun/util/logging/PlatformLogger$Bridge; @ 6 c2
Event: 23,872 Thread 0x7333c800 DEOPT PACKING pc=0xb3d9a584 sp=0x717dc350
Event: 23,872 Thread 0x7333c800 DEOPT UNPACKING pc=0xb3d48bfc sp=0x717dc2f0 mode 2
Event: 49,365 Thread 0x7333c800 Uncommon trap: trap_request=0xffffff45 fr.pc=0xb3dbe1b8 relative=0x000000b8
Event: 49,365 Thread 0x7333c800 Uncommon trap: reason=unstable_if action=reinterpret pc=0xb3dbe1b8 method=java.awt.Component.inside(II)Z @ 13 c2
Event: 49,365 Thread 0x7333c800 DEOPT PACKING pc=0xb3dbe1b8 sp=0x717dc290
Event: 49,365 Thread 0x7333c800 DEOPT UNPACKING pc=0xb3d48bfc sp=0x717dc1fc mode 2
Event: 49,366 Thread 0x7333c800 Uncommon trap: trap_request=0xffffff45 fr.pc=0xb3dbe77c relative=0x0000007c
Event: 49,366 Thread 0x7333c800 Uncommon trap: reason=unstable_if action=reinterpret pc=0xb3dbe77c method=java.awt.Component.inside(II)Z @ 13 c2
Event: 49,366 Thread 0x7333c800 DEOPT PACKING pc=0xb3dbe77c sp=0x717dc1f0
Event: 49,366 Thread 0x7333c800 DEOPT UNPACKING pc=0xb3d48bfc sp=0x717dc1d0 mode 2

Classes unloaded (0 events):
No events

Classes redefined (0 events):
No events

Internal exceptions (20 events):
Event: 2,751 Thread 0x7333c800 Exception <a 'java/lang/NoSuchMethodError'{0x7b4de038}: 'java.lang.Object java.lang.invoke.DirectMethodHandle$Holder.invokeSpecial(java.lang.Object, java.lang.Object, int, java.lang.Object, java.lang.Object, java.lang.Object)'> (0x7b4de038) 
thrown [/ws/workspace/jdk-13/label/linux-arm/type/b11/src/hotspot/share/interpreter/linkResolver.cpp, line 767]
Event: 2,769 Thread 0x7333c800 Exception <a 'java/lang/NoSuchMethodError'{0x7b4f4340}: 'java.lang.Object java.lang.invoke.DirectMethodHandle$Holder.invokeStatic(java.lang.Object, int, java.lang.Object)'> (0x7b4f4340) 
thrown [/ws/workspace/jdk-13/label/linux-arm/type/b11/src/hotspot/share/interpreter/linkResolver.cpp, line 767]
Event: 2,771 Thread 0x7333c800 Exception <a 'java/lang/NoSuchMethodError'{0x7b4f9500}: 'java.lang.Object java.lang.invoke.DirectMethodHandle$Holder.invokeStatic(java.lang.Object, int)'> (0x7b4f9500) 
thrown [/ws/workspace/jdk-13/label/linux-arm/type/b11/src/hotspot/share/interpreter/linkResolver.cpp, line 767]
Event: 2,899 Thread 0x7333c800 Exception <a 'java/lang/NoSuchMethodError'{0x7b3b3ba8}: 'java.lang.Object java.lang.invoke.Invokers$Holder.linkToTargetMethod(java.lang.Object, int, java.lang.Object)'> (0x7b3b3ba8) 
thrown [/ws/workspace/jdk-13/label/linux-arm/type/b11/src/hotspot/share/interpreter/linkResolver.cpp, line 767]
Event: 2,923 Thread 0x7333c800 Exception <a 'java/lang/ClassNotFoundException'{0x7b3c1c90}: com/sun/swing/internal/plaf/metal/resources/spi/metalProvider> (0x7b3c1c90) 
thrown [/ws/workspace/jdk-13/label/linux-arm/type/b11/src/hotspot/share/classfile/systemDictionary.cpp, line 232]
Event: 2,927 Thread 0x7333c800 Exception <a 'java/lang/ClassNotFoundException'{0x7b3c66d8}: com/sun/swing/internal/plaf/basic/resources/spi/basicProvider> (0x7b3c66d8) 
thrown [/ws/workspace/jdk-13/label/linux-arm/type/b11/src/hotspot/share/classfile/systemDictionary.cpp, line 232]
Event: 2,984 Thread 0x7333c800 Implicit null exception at 0xb3d7d82c to 0xb3d7d9a4
Event: 3,127 Thread 0x7333c800 Exception <a 'java/lang/NoSuchMethodError'{0x7b3e9b90}: 'void java.lang.invoke.DirectMethodHandle$Holder.invokeStaticInit(java.lang.Object)'> (0x7b3e9b90) 
thrown [/ws/workspace/jdk-13/label/linux-arm/type/b11/src/hotspot/share/interpreter/linkResolver.cpp, line 767]
Event: 3,454 Thread 0x7333c800 Exception <a 'java/lang/NoSuchMethodError'{0x7b2575f8}: 'java.lang.Object java.lang.invoke.DirectMethodHandle$Holder.invokeStatic(java.lang.Object, java.lang.Object, java.lang.Object, java.lang.Object, java.lang.Object, java.lang.Object, java.lang.Object, java.lang.Object, java.lang.Object, java.lang.Object, java.lang.Object, java.lang.Object, java.lang.Object, java.lang.Object, java.lang.Object)'> (0x7b2575f8) 
thrown [/ws/workspace/jdk-13/label/linux-arm/type/b11/src/hotspot/share/interpreter/linkResolve
Event: 3,462 Thread 0x7333c800 Exception <a 'java/lang/NoSuchMethodError'{0x7b264260}: 'java.lang.Object java.lang.invoke.DirectMethodHandle$Holder.invokeStatic(java.lang.Object, java.lang.Object, java.lang.Object, java.lang.Object, java.lang.Object, java.lang.Object, java.lang.Object, java.lang.Object, java.lang.Object, java.lang.Object, java.lang.Object, java.lang.Object, java.lang.Object, java.lang.Object, java.lang.Object, java.lang.Object)'> (0x7b264260) 
thrown [/ws/workspace/jdk-13/label/linux-arm/type/b11/src/hotspot/share/inter
Event: 3,469 Thread 0x7333c800 Exception <a 'java/lang/NoSuchMethodError'{0x7b2719d8}: 'java.lang.Object java.lang.invoke.Invokers$Holder.linkToTargetMethod(java.lang.Object, java.lang.Object, java.lang.Object, java.lang.Object, java.lang.Object, java.lang.Object)'> (0x7b2719d8) 
thrown [/ws/workspace/jdk-13/label/linux-arm/type/b11/src/hotspot/share/interpreter/linkResolver.cpp, line 767]
Event: 3,854 Thread 0x7333c800 Exception <a 'sun/nio/fs/UnixException'{0x7b2c1430}> (0x7b2c1430) 
thrown [/ws/workspace/jdk-13/label/linux-arm/type/b11/src/hotspot/share/prims/jni.cpp, line 598]
Event: 21,875 Thread 0x7333c800 Exception <a 'sun/nio/fs/UnixException'{0x7b1524e0}> (0x7b1524e0) 
thrown [/ws/workspace/jdk-13/label/linux-arm/type/b11/src/hotspot/share/prims/jni.cpp, line 598]
Event: 21,896 Thread 0x7333c800 Exception <a 'sun/nio/fs/UnixException'{0x7b18e3a0}> (0x7b18e3a0) 
thrown [/ws/workspace/jdk-13/label/linux-arm/type/b11/src/hotspot/share/prims/jni.cpp, line 598]
Event: 21,918 Thread 0x7333c800 Exception <a 'java/lang/NoSuchMethodError'{0x7b1b02b0}: 'int java.lang.invoke.DirectMethodHandle$Holder.invokeStatic(java.lang.Object, int, int, int)'> (0x7b1b02b0) 
thrown [/ws/workspace/jdk-13/label/linux-arm/type/b11/src/hotspot/share/interpreter/linkResolver.cpp, line 767]
Event: 21,920 Thread 0x7333c800 Exception <a 'java/lang/NoSuchMethodError'{0x7b1b6188}: 'int java.lang.invoke.DirectMethodHandle$Holder.invokeSpecialIFC(java.lang.Object, java.lang.Object, java.lang.Object, int)'> (0x7b1b6188) 
thrown [/ws/workspace/jdk-13/label/linux-arm/type/b11/src/hotspot/share/interpreter/linkResolver.cpp, line 767]
Event: 22,031 Thread 0x7333c800 Exception <a 'sun/nio/fs/UnixException'{0x7b0a6b38}> (0x7b0a6b38) 
thrown [/ws/workspace/jdk-13/label/linux-arm/type/b11/src/hotspot/share/prims/jni.cpp, line 598]
Event: 22,036 Thread 0x7333c800 Exception <a 'java/lang/NoSuchMethodError'{0x7b0ae940}: 'void java.lang.invoke.DirectMethodHandle$Holder.invokeStatic(java.lang.Object, java.lang.Object, java.lang.Object, java.lang.Object, java.lang.Object)'> (0x7b0ae940) 
thrown [/ws/workspace/jdk-13/label/linux-arm/type/b11/src/hotspot/share/interpreter/linkResolver.cpp, line 767]
Event: 22,257 Thread 0x7333c800 Exception <a 'sun/nio/fs/UnixException'{0x7ad69c08}> (0x7ad69c08) 
thrown [/ws/workspace/jdk-13/label/linux-arm/type/b11/src/hotspot/share/prims/jni.cpp, line 598]
Event: 50,704 Thread 0x00bf6800 Exception <a 'java/lang/NoSuchMethodError'{0x7b6b4b38}: 'void java.lang.invoke.DirectMethodHandle$Holder.invokeStatic(java.lang.Object, java.lang.Object, java.lang.Object, java.lang.Object)'> (0x7b6b4b38) 
thrown [/ws/workspace/jdk-13/label/linux-arm/type/b11/src/hotspot/share/interpreter/linkResolver.cpp, line 767]

Events (20 events):
Event: 50,730 Executing VM operation: RevokeBias
Event: 50,730 Protecting memory [0xb6f01000,0xb6f02000] with protection modes 0
Event: 50,730 Protecting memory [0xb6f01000,0xb6f02000] with protection modes 1
Event: 50,730 Executing VM operation: RevokeBias done
Event: 50,731 loading class com/pi4j/library/pigpio/impl/PiGpioBase
Event: 50,731 loading class com/pi4j/library/pigpio/impl/PiGpioBase done
Event: 50,731 Executing VM operation: RevokeBias
Event: 50,731 loading class com/pi4j/library/pigpio/impl/PiGpioBase
Event: 50,731 Protecting memory [0xb6f01000,0xb6f02000] with protection modes 0
Event: 50,731 loading class com/pi4j/library/pigpio/impl/PiGpioBase done
Event: 50,732 Protecting memory [0xb6f01000,0xb6f02000] with protection modes 1
Event: 50,732 Executing VM operation: RevokeBias done
Event: 50,732 Executing VM operation: RevokeBias
Event: 50,732 Protecting memory [0xb6f01000,0xb6f02000] with protection modes 0
Event: 50,733 Protecting memory [0xb6f01000,0xb6f02000] with protection modes 1
Event: 50,733 Executing VM operation: RevokeBias done
Event: 50,734 Executing VM operation: BulkRevokeBias
Event: 50,734 Protecting memory [0xb6f01000,0xb6f02000] with protection modes 0
Event: 50,734 Protecting memory [0xb6f01000,0xb6f02000] with protection modes 1
Event: 50,734 Executing VM operation: BulkRevokeBias done


Dynamic libraries:
00010000-00011000 r-xp 00000000 b3:02 904082     /usr/lib/jvm/bellsoft-java13-arm32-vfp-hflt/bin/java
00020000-00021000 r--p 00000000 b3:02 904082     /usr/lib/jvm/bellsoft-java13-arm32-vfp-hflt/bin/java
00021000-00022000 rw-p 00001000 b3:02 904082     /usr/lib/jvm/bellsoft-java13-arm32-vfp-hflt/bin/java
00a23000-00c24000 rw-p 00000000 00:00 0          [heap]
70710000-70713000 ---p 00000000 00:00 0 
70713000-70760000 rw-p 00000000 00:00 0 
70760000-70763000 ---p 00000000 00:00 0 
70763000-707b0000 rw-p 00000000 00:00 0 
707b0000-707b3000 ---p 00000000 00:00 0 
707b3000-70800000 rw-p 00000000 00:00 0 
70800000-70803000 ---p 00000000 00:00 0 
70803000-70850000 rw-p 00000000 00:00 0 
70850000-70851000 ---p 00000000 00:00 0 
70851000-70891000 rw-p 00000000 00:00 0 
70d1f000-70d5b000 r-xp 00000000 b3:02 10718      /usr/lib/libpigpio.so.1
70d5b000-70d6b000 ---p 0003c000 b3:02 10718      /usr/lib/libpigpio.so.1
70d6b000-70d6c000 r--p 0003c000 b3:02 10718      /usr/lib/libpigpio.so.1
70d6c000-70d6e000 rw-p 0003d000 b3:02 10718      /usr/lib/libpigpio.so.1
70d6e000-70e00000 rw-p 00000000 00:00 0 
70e00000-70e63000 rw-p 00000000 00:00 0 
70e63000-70f00000 ---p 00000000 00:00 0 
70f7a000-70f7b000 ---p 00000000 00:00 0 
70f7b000-70ffc000 rw-p 00000000 00:00 0 
70ffc000-70ffd000 ---p 00000000 00:00 0 
70ffd000-7107e000 rw-p 00000000 00:00 0 
7107e000-7107f000 ---p 00000000 00:00 0 
7107f000-71100000 rw-p 00000000 00:00 0 
71100000-711a3000 rw-p 00000000 00:00 0 
711a3000-71200000 ---p 00000000 00:00 0 
7120e000-7130e000 rw-p 00000000 00:00 0 
7130e000-7140e000 rw-p 00000000 00:00 0 
7140e000-71411000 ---p 00000000 00:00 0 
71411000-7158e000 rw-p 00000000 00:00 0 
7158e000-7168e000 rw-p 00000000 00:00 0 
7168e000-7178e000 rw-p 00000000 00:00 0 
7178e000-71791000 ---p 00000000 00:00 0 
71791000-717de000 rw-p 00000000 00:00 0 
717de000-717e1000 ---p 00000000 00:00 0 
717e1000-7182e000 rw-p 00000000 00:00 0 
7182e000-71831000 ---p 00000000 00:00 0 
71831000-7187e000 rw-p 00000000 00:00 0 
7187e000-71881000 ---p 00000000 00:00 0 
71881000-718ce000 rw-p 00000000 00:00 0 
718ce000-718d1000 ---p 00000000 00:00 0 
718d1000-7191e000 rw-p 00000000 00:00 0 
7191e000-71926000 r-xp 00000000 b3:02 10841      /usr/lib/arm-linux-gnueabihf/libXcursor.so.1.0.2
71926000-71935000 ---p 00008000 b3:02 10841      /usr/lib/arm-linux-gnueabihf/libXcursor.so.1.0.2
71935000-71936000 r--p 00007000 b3:02 10841      /usr/lib/arm-linux-gnueabihf/libXcursor.so.1.0.2
71936000-71937000 rw-p 00008000 b3:02 10841      /usr/lib/arm-linux-gnueabihf/libXcursor.so.1.0.2
71937000-71938000 ---p 00000000 00:00 0 
71938000-72138000 rw-p 00000000 00:00 0 
72138000-72266000 r-xp 00000000 b3:02 11340      /usr/lib/arm-linux-gnueabihf/libstdc++.so.6.0.25
72266000-72276000 ---p 0012e000 b3:02 11340      /usr/lib/arm-linux-gnueabihf/libstdc++.so.6.0.25
72276000-7227b000 r--p 0012e000 b3:02 11340      /usr/lib/arm-linux-gnueabihf/libstdc++.so.6.0.25
7227b000-7227d000 rw-p 00133000 b3:02 11340      /usr/lib/arm-linux-gnueabihf/libstdc++.so.6.0.25
7227d000-7227f000 rw-p 00000000 00:00 0 
7227f000-72297000 r-xp 00000000 b3:02 1587       /usr/lib/arm-linux-gnueabihf/libproxy.so.1.0.0
72297000-722a6000 ---p 00018000 b3:02 1587       /usr/lib/arm-linux-gnueabihf/libproxy.so.1.0.0
722a6000-722a7000 r--p 00017000 b3:02 1587       /usr/lib/arm-linux-gnueabihf/libproxy.so.1.0.0
722a7000-722a8000 rw-p 00018000 b3:02 1587       /usr/lib/arm-linux-gnueabihf/libproxy.so.1.0.0
722a8000-722ac000 r-xp 00000000 b3:02 10845      /usr/lib/arm-linux-gnueabihf/libXfixes.so.3.1.0
722ac000-722bb000 ---p 00004000 b3:02 10845      /usr/lib/arm-linux-gnueabihf/libXfixes.so.3.1.0
722bb000-722bc000 r--p 00003000 b3:02 10845      /usr/lib/arm-linux-gnueabihf/libXfixes.so.3.1.0
722bc000-722bd000 rw-p 00004000 b3:02 10845      /usr/lib/arm-linux-gnueabihf/libXfixes.so.3.1.0
722bd000-722c7000 r-xp 00000000 b3:02 11777      /usr/lib/arm-linux-gnueabihf/gio/modules/libdconfsettings.so
722c7000-722d7000 ---p 0000a000 b3:02 11777      /usr/lib/arm-linux-gnueabihf/gio/modules/libdconfsettings.so
722d7000-722d8000 r--p 0000a000 b3:02 11777      /usr/lib/arm-linux-gnueabihf/gio/modules/libdconfsettings.so
722d8000-722d9000 rw-p 0000b000 b3:02 11777      /usr/lib/arm-linux-gnueabihf/gio/modules/libdconfsettings.so
722d9000-722da000 ---p 00000000 00:00 0 
722da000-72ada000 rw-p 00000000 00:00 0 
72ada000-72adb000 ---p 00000000 00:00 0 
72adb000-732db000 rw-p 00000000 00:00 0 
732db000-732ee000 r-xp 00000000 b3:02 11781      /usr/lib/arm-linux-gnueabihf/gio/modules/libgioremote-volume-monitor.so
732ee000-732fd000 ---p 00013000 b3:02 11781      /usr/lib/arm-linux-gnueabihf/gio/modules/libgioremote-volume-monitor.so
732fd000-732ff000 r--p 00012000 b3:02 11781      /usr/lib/arm-linux-gnueabihf/gio/modules/libgioremote-volume-monitor.so
732ff000-73300000 rw-p 00014000 b3:02 11781      /usr/lib/arm-linux-gnueabihf/gio/modules/libgioremote-volume-monitor.so
73300000-7335a000 rw-p 00000000 00:00 0 
7335a000-73400000 ---p 00000000 00:00 0 
73406000-7342f000 r-xp 00000000 b3:02 134222     /usr/lib/arm-linux-gnueabihf/gvfs/libgvfscommon.so
7342f000-7343e000 ---p 00029000 b3:02 134222     /usr/lib/arm-linux-gnueabihf/gvfs/libgvfscommon.so
7343e000-73441000 r--p 00028000 b3:02 134222     /usr/lib/arm-linux-gnueabihf/gvfs/libgvfscommon.so
73441000-73442000 rw-p 0002b000 b3:02 134222     /usr/lib/arm-linux-gnueabihf/gvfs/libgvfscommon.so
73442000-73469000 r-xp 00000000 b3:02 11782      /usr/lib/arm-linux-gnueabihf/gio/modules/libgvfsdbus.so
73469000-73479000 ---p 00027000 b3:02 11782      /usr/lib/arm-linux-gnueabihf/gio/modules/libgvfsdbus.so
73479000-7347a000 r--p 00027000 b3:02 11782      /usr/lib/arm-linux-gnueabihf/gio/modules/libgvfsdbus.so
7347a000-7347b000 rw-p 00028000 b3:02 11782      /usr/lib/arm-linux-gnueabihf/gio/modules/libgvfsdbus.so
7347b000-7349c000 r--p 00000000 b3:02 37548      /usr/share/locale/pl/LC_MESSAGES/glib20.mo
7349c000-734a2000 r-xp 00000000 b3:02 2104       /lib/arm-linux-gnueabihf/libuuid.so.1.3.0
734a2000-734b1000 ---p 00006000 b3:02 2104       /lib/arm-linux-gnueabihf/libuuid.so.1.3.0
734b1000-734b2000 r--p 00005000 b3:02 2104       /lib/arm-linux-gnueabihf/libuuid.so.1.3.0
734b2000-734b3000 rw-p 00006000 b3:02 2104       /lib/arm-linux-gnueabihf/libuuid.so.1.3.0
734b3000-734cf000 r-xp 00000000 b3:02 2036       /lib/arm-linux-gnueabihf/libgcc_s.so.1
734cf000-734de000 ---p 0001c000 b3:02 2036       /lib/arm-linux-gnueabihf/libgcc_s.so.1
734de000-734df000 r--p 0001b000 b3:02 2036       /lib/arm-linux-gnueabihf/libgcc_s.so.1
734df000-734e0000 rw-p 0001c000 b3:02 2036       /lib/arm-linux-gnueabihf/libgcc_s.so.1
734e0000-73524000 r-xp 00000000 b3:02 1995       /lib/arm-linux-gnueabihf/libblkid.so.1.1.0
73524000-73534000 ---p 00044000 b3:02 1995       /lib/arm-linux-gnueabihf/libblkid.so.1.1.0
73534000-73537000 r--p 00044000 b3:02 1995       /lib/arm-linux-gnueabihf/libblkid.so.1.1.0
73537000-73538000 rw-p 00047000 b3:02 1995       /lib/arm-linux-gnueabihf/libblkid.so.1.1.0
73538000-7353e000 r-xp 00000000 b3:02 10999      /usr/lib/arm-linux-gnueabihf/libffi.so.6.0.4
7353e000-7354e000 ---p 00006000 b3:02 10999      /usr/lib/arm-linux-gnueabihf/libffi.so.6.0.4
7354e000-7354f000 r--p 00006000 b3:02 10999      /usr/lib/arm-linux-gnueabihf/libffi.so.6.0.4
7354f000-73550000 rw-p 00007000 b3:02 10999      /usr/lib/arm-linux-gnueabihf/libffi.so.6.0.4
73550000-735b6000 r-xp 00000000 b3:02 2077       /lib/arm-linux-gnueabihf/libpcre.so.3.13.3
735b6000-735c5000 ---p 00066000 b3:02 2077       /lib/arm-linux-gnueabihf/libpcre.so.3.13.3
735c5000-735c6000 r--p 00065000 b3:02 2077       /lib/arm-linux-gnueabihf/libpcre.so.3.13.3
735c6000-735c7000 rw-p 00066000 b3:02 2077       /lib/arm-linux-gnueabihf/libpcre.so.3.13.3
735c7000-735d8000 r-xp 00000000 b3:02 2086       /lib/arm-linux-gnueabihf/libresolv-2.28.so
735d8000-735e7000 ---p 00011000 b3:02 2086       /lib/arm-linux-gnueabihf/libresolv-2.28.so
735e7000-735e8000 r--p 00010000 b3:02 2086       /lib/arm-linux-gnueabihf/libresolv-2.28.so
735e8000-735e9000 rw-p 00011000 b3:02 2086       /lib/arm-linux-gnueabihf/libresolv-2.28.so
735e9000-735eb000 rw-p 00000000 00:00 0 
735eb000-7360b000 r-xp 00000000 b3:02 2088       /lib/arm-linux-gnueabihf/libselinux.so.1
7360b000-7361a000 ---p 00020000 b3:02 2088       /lib/arm-linux-gnueabihf/libselinux.so.1
7361a000-7361b000 r--p 0001f000 b3:02 2088       /lib/arm-linux-gnueabihf/libselinux.so.1
7361b000-7361c000 rw-p 00020000 b3:02 2088       /lib/arm-linux-gnueabihf/libselinux.so.1
7361c000-7361d000 rw-p 00000000 00:00 0 
7361d000-7366b000 r-xp 00000000 b3:02 2049       /lib/arm-linux-gnueabihf/libmount.so.1.1.0
7366b000-7367b000 ---p 0004e000 b3:02 2049       /lib/arm-linux-gnueabihf/libmount.so.1.1.0
7367b000-7367d000 r--p 0004e000 b3:02 2049       /lib/arm-linux-gnueabihf/libmount.so.1.1.0
7367d000-7367e000 rw-p 00050000 b3:02 2049       /lib/arm-linux-gnueabihf/libmount.so.1.1.0
7367e000-736ca000 r-xp 00000000 b3:02 11065      /usr/lib/arm-linux-gnueabihf/libgobject-2.0.so.0.5800.3
736ca000-736d9000 ---p 0004c000 b3:02 11065      /usr/lib/arm-linux-gnueabihf/libgobject-2.0.so.0.5800.3
736d9000-736da000 r--p 0004b000 b3:02 11065      /usr/lib/arm-linux-gnueabihf/libgobject-2.0.so.0.5800.3
736da000-736db000 rw-p 0004c000 b3:02 11065      /usr/lib/arm-linux-gnueabihf/libgobject-2.0.so.0.5800.3
736db000-737da000 r-xp 00000000 b3:02 11057      /usr/lib/arm-linux-gnueabihf/libglib-2.0.so.0.5800.3
737da000-737e9000 ---p 000ff000 b3:02 11057      /usr/lib/arm-linux-gnueabihf/libglib-2.0.so.0.5800.3
737e9000-737ea000 r--p 000fe000 b3:02 11057      /usr/lib/arm-linux-gnueabihf/libglib-2.0.so.0.5800.3
737ea000-737eb000 rw-p 000ff000 b3:02 11057      /usr/lib/arm-linux-gnueabihf/libglib-2.0.so.0.5800.3
737eb000-73951000 r-xp 00000000 b3:02 11054      /usr/lib/arm-linux-gnueabihf/libgio-2.0.so.0.5800.3
73951000-73961000 ---p 00166000 b3:02 11054      /usr/lib/arm-linux-gnueabihf/libgio-2.0.so.0.5800.3
73961000-73965000 r--p 00166000 b3:02 11054      /usr/lib/arm-linux-gnueabihf/libgio-2.0.so.0.5800.3
73965000-73966000 rw-p 0016a000 b3:02 11054      /usr/lib/arm-linux-gnueabihf/libgio-2.0.so.0.5800.3
73966000-73967000 rw-p 00000000 00:00 0 
73967000-7396f000 r-xp 00000000 b3:02 10854      /usr/lib/arm-linux-gnueabihf/libXrender.so.1.3.0
7396f000-7397e000 ---p 00008000 b3:02 10854      /usr/lib/arm-linux-gnueabihf/libXrender.so.1.3.0
7397e000-7397f000 r--p 00007000 b3:02 10854      /usr/lib/arm-linux-gnueabihf/libXrender.so.1.3.0
7397f000-73980000 rw-p 00008000 b3:02 10854      /usr/lib/arm-linux-gnueabihf/libXrender.so.1.3.0
73980000-73988000 r-xp 00000000 b3:02 10853      /usr/lib/arm-linux-gnueabihf/libXrandr.so.2.2.0
73988000-73997000 ---p 00008000 b3:02 10853      /usr/lib/arm-linux-gnueabihf/libXrandr.so.2.2.0
73997000-73998000 r--p 00007000 b3:02 10853      /usr/lib/arm-linux-gnueabihf/libXrandr.so.2.2.0
73998000-73999000 rw-p 00008000 b3:02 10853      /usr/lib/arm-linux-gnueabihf/libXrandr.so.2.2.0
73999000-73a99000 rw-p 00000000 00:00 0 
73a99000-73ab3000 r-xp 00000000 b3:02 2106       /lib/arm-linux-gnueabihf/libz.so.1.2.11
73ab3000-73ac2000 ---p 0001a000 b3:02 2106       /lib/arm-linux-gnueabihf/libz.so.1.2.11
73ac2000-73ac3000 r--p 00019000 b3:02 2106       /lib/arm-linux-gnueabihf/libz.so.1.2.11
73ac3000-73ac4000 rw-p 0001a000 b3:02 2106       /lib/arm-linux-gnueabihf/libz.so.1.2.11
73ac4000-73aef000 r-xp 00000000 b3:02 11265      /usr/lib/arm-linux-gnueabihf/libpng16.so.16.36.0
73aef000-73afe000 ---p 0002b000 b3:02 11265      /usr/lib/arm-linux-gnueabihf/libpng16.so.16.36.0
73afe000-73aff000 r--p 0002a000 b3:02 11265      /usr/lib/arm-linux-gnueabihf/libpng16.so.16.36.0
73aff000-73b00000 rw-p 0002b000 b3:02 11265      /usr/lib/arm-linux-gnueabihf/libpng16.so.16.36.0
73b00000-73b8f000 r-xp 00000000 b3:02 2501       /usr/lib/arm-linux-gnueabihf/libfreetype.so.6.16.1
73b8f000-73b9e000 ---p 0008f000 b3:02 2501       /usr/lib/arm-linux-gnueabihf/libfreetype.so.6.16.1
73b9e000-73ba2000 r--p 0008e000 b3:02 2501       /usr/lib/arm-linux-gnueabihf/libfreetype.so.6.16.1
73ba2000-73ba3000 rw-p 00092000 b3:02 2501       /usr/lib/arm-linux-gnueabihf/libfreetype.so.6.16.1
73ba3000-73cd6000 r-xp 00000000 b3:02 903915     /usr/lib/jvm/bellsoft-java13-arm32-vfp-hflt/lib/libfontmanager.so
73cd6000-73ce6000 ---p 00133000 b3:02 903915     /usr/lib/jvm/bellsoft-java13-arm32-vfp-hflt/lib/libfontmanager.so
73ce6000-73ce7000 r--p 00133000 b3:02 903915     /usr/lib/jvm/bellsoft-java13-arm32-vfp-hflt/lib/libfontmanager.so
73ce7000-73ce8000 rw-p 00134000 b3:02 903915     /usr/lib/jvm/bellsoft-java13-arm32-vfp-hflt/lib/libfontmanager.so
73ce8000-73deb000 rw-p 00000000 00:00 0 
73deb000-73ef9000 r-xp 00000000 b3:02 24100      /usr/lib/arm-linux-gnueabihf/libX11.so.6.3.0
73ef9000-73f09000 ---p 0010e000 b3:02 24100      /usr/lib/arm-linux-gnueabihf/libX11.so.6.3.0
73f09000-73f0a000 r--p 0010e000 b3:02 24100      /usr/lib/arm-linux-gnueabihf/libX11.so.6.3.0
73f0a000-73f0d000 rw-p 0010f000 b3:02 24100      /usr/lib/arm-linux-gnueabihf/libX11.so.6.3.0
73f0d000-73f69000 r-xp 00000000 b3:02 903842     /usr/lib/jvm/bellsoft-java13-arm32-vfp-hflt/lib/libawt_xawt.so
73f69000-73f78000 ---p 0005c000 b3:02 903842     /usr/lib/jvm/bellsoft-java13-arm32-vfp-hflt/lib/libawt_xawt.so
73f78000-73f79000 r--p 0005b000 b3:02 903842     /usr/lib/jvm/bellsoft-java13-arm32-vfp-hflt/lib/libawt_xawt.so
73f79000-73f7b000 rw-p 0005c000 b3:02 903842     /usr/lib/jvm/bellsoft-java13-arm32-vfp-hflt/lib/libawt_xawt.so
73f7b000-73f7d000 rw-p 00000000 00:00 0 
73f7d000-73ff3000 r-xp 00000000 b3:02 903866     /usr/lib/jvm/bellsoft-java13-arm32-vfp-hflt/lib/libawt.so
73ff3000-74002000 ---p 00076000 b3:02 903866     /usr/lib/jvm/bellsoft-java13-arm32-vfp-hflt/lib/libawt.so
74002000-74003000 r--p 00075000 b3:02 903866     /usr/lib/jvm/bellsoft-java13-arm32-vfp-hflt/lib/libawt.so
74003000-7400a000 rw-p 00076000 b3:02 903866     /usr/lib/jvm/bellsoft-java13-arm32-vfp-hflt/lib/libawt.so
7400a000-7402e000 rw-p 00000000 00:00 0 
7402e000-7402f000 ---p 00000000 00:00 0 
7402f000-740b0000 rw-p 00000000 00:00 0 
740b0000-740b3000 ---p 00000000 00:00 0 
740b3000-74100000 rw-p 00000000 00:00 0 
74100000-741ff000 rw-p 00000000 00:00 0 
741ff000-74200000 ---p 00000000 00:00 0 
74200000-74300000 rw-p 00000000 00:00 0 
74300000-743fb000 rw-p 00000000 00:00 0 
743fb000-74400000 ---p 00000000 00:00 0 
74403000-74405000 r-xp 00000000 b3:02 11060      /usr/lib/arm-linux-gnueabihf/libgmodule-2.0.so.0.5800.3
74405000-74415000 ---p 00002000 b3:02 11060      /usr/lib/arm-linux-gnueabihf/libgmodule-2.0.so.0.5800.3
74415000-74416000 r--p 00002000 b3:02 11060      /usr/lib/arm-linux-gnueabihf/libgmodule-2.0.so.0.5800.3
74416000-74417000 rw-p 00003000 b3:02 11060      /usr/lib/arm-linux-gnueabihf/libgmodule-2.0.so.0.5800.3
74417000-74425000 r-xp 00000000 b3:02 10844      /usr/lib/arm-linux-gnueabihf/libXext.so.6.4.0
74425000-74434000 ---p 0000e000 b3:02 10844      /usr/lib/arm-linux-gnueabihf/libXext.so.6.4.0
74434000-74435000 r--p 0000d000 b3:02 10844      /usr/lib/arm-linux-gnueabihf/libXext.so.6.4.0
74435000-74436000 rw-p 0000e000 b3:02 10844      /usr/lib/arm-linux-gnueabihf/libXext.so.6.4.0
74436000-74439000 ---p 00000000 00:00 0 
74439000-74486000 rw-p 00000000 00:00 0 
74486000-74700000 r--p 0006b000 b3:02 51535      /usr/lib/locale/locale-archive
74700000-74900000 r--p 00000000 b3:02 51535      /usr/lib/locale/locale-archive
74900000-749ba000 rw-p 00000000 00:00 0 
749ba000-74a00000 ---p 00000000 00:00 0 
74a08000-74a0a000 r-xp 00000000 b3:02 10849      /usr/lib/arm-linux-gnueabihf/libXinerama.so.1.0.0
74a0a000-74a19000 ---p 00002000 b3:02 10849      /usr/lib/arm-linux-gnueabihf/libXinerama.so.1.0.0
74a19000-74a1a000 r--p 00001000 b3:02 10849      /usr/lib/arm-linux-gnueabihf/libXinerama.so.1.0.0
74a1a000-74a1b000 rw-p 00002000 b3:02 10849      /usr/lib/arm-linux-gnueabihf/libXinerama.so.1.0.0
74a21000-74a27000 r-xp 00000000 b3:02 4440       /tmp/libpi4j-pigpio5677613558045856954.so
74a27000-74a2f000 ---p 00006000 b3:02 4440       /tmp/libpi4j-pigpio5677613558045856954.so
74a2f000-74a30000 rw-p 00006000 b3:02 4440       /tmp/libpi4j-pigpio5677613558045856954.so
74a30000-74a33000 ---p 00000000 00:00 0 
74a33000-74a80000 rw-p 00000000 00:00 0 
74a80000-74a83000 ---p 00000000 00:00 0 
74a83000-74b00000 rw-p 00000000 00:00 0 
74b00000-74bfb000 rw-p 00000000 00:00 0 
74bfb000-74c00000 ---p 00000000 00:00 0 
74c03000-74c21000 r-xp 00000000 b3:02 11429      /usr/lib/arm-linux-gnueabihf/libxcb.so.1.1.0
74c21000-74c30000 ---p 0001e000 b3:02 11429      /usr/lib/arm-linux-gnueabihf/libxcb.so.1.1.0
74c30000-74c31000 r--p 0001d000 b3:02 11429      /usr/lib/arm-linux-gnueabihf/libxcb.so.1.1.0
74c31000-74c32000 rw-p 0001e000 b3:02 11429      /usr/lib/arm-linux-gnueabihf/libxcb.so.1.1.0
74c32000-74c33000 ---p 00000000 00:00 0 
74c33000-750fa000 rw-p 00000000 00:00 0 
750fa000-75100000 ---p 00000000 00:00 0 
75100000-751fb000 rw-p 00000000 00:00 0 
751fb000-75200000 ---p 00000000 00:00 0 
75209000-7522e000 r--p 00000000 b3:02 37579      /usr/share/locale/pl/LC_MESSAGES/libc.mo
7522e000-75231000 ---p 00000000 00:00 0 
75231000-7527e000 rw-p 00000000 00:00 0 
7527e000-7527f000 ---p 00000000 00:00 0 
7527f000-75300000 rw-p 00000000 00:00 0 
75300000-75400000 rw-p 00000000 00:00 0 
75406000-7541d000 r-xp 00000000 b3:02 10926      /usr/lib/arm-linux-gnueabihf/libbsd.so.0.9.1
7541d000-7542c000 ---p 00017000 b3:02 10926      /usr/lib/arm-linux-gnueabihf/libbsd.so.0.9.1
7542c000-7542d000 r--p 00016000 b3:02 10926      /usr/lib/arm-linux-gnueabihf/libbsd.so.0.9.1
7542d000-7542e000 rw-p 00017000 b3:02 10926      /usr/lib/arm-linux-gnueabihf/libbsd.so.0.9.1
7542e000-75431000 ---p 00000000 00:00 0 
75431000-7547e000 rw-p 00000000 00:00 0 
7547e000-7547f000 ---p 00000000 00:00 0 
7547f000-75500000 rw-p 00000000 00:00 0 
75500000-7552e000 rw-p 00000000 00:00 0 
7552e000-75600000 ---p 00000000 00:00 0 
75602000-75608000 r-xp 00000000 b3:02 2087       /lib/arm-linux-gnueabihf/librt-2.28.so
75608000-75617000 ---p 00006000 b3:02 2087       /lib/arm-linux-gnueabihf/librt-2.28.so
75617000-75618000 r--p 00005000 b3:02 2087       /lib/arm-linux-gnueabihf/librt-2.28.so
75618000-75619000 rw-p 00006000 b3:02 2087       /lib/arm-linux-gnueabihf/librt-2.28.so
75619000-7561d000 r-xp 00000000 b3:02 10843      /usr/lib/arm-linux-gnueabihf/libXdmcp.so.6.0.0
7561d000-7562c000 ---p 00004000 b3:02 10843      /usr/lib/arm-linux-gnueabihf/libXdmcp.so.6.0.0
7562c000-7562d000 r--p 00003000 b3:02 10843      /usr/lib/arm-linux-gnueabihf/libXdmcp.so.6.0.0
7562d000-7562e000 rw-p 00004000 b3:02 10843      /usr/lib/arm-linux-gnueabihf/libXdmcp.so.6.0.0
7562e000-75631000 ---p 00000000 00:00 0 
75631000-7567e000 rw-p 00000000 00:00 0 
7567e000-7567f000 ---p 00000000 00:00 0 
7567f000-75700000 rw-p 00000000 00:00 0 
75700000-75721000 rw-p 00000000 00:00 0 
75721000-75800000 ---p 00000000 00:00 0 
7580a000-7581d000 r-xp 00000000 b3:02 903849     /usr/lib/jvm/bellsoft-java13-arm32-vfp-hflt/lib/libnet.so
7581d000-7582c000 ---p 00013000 b3:02 903849     /usr/lib/jvm/bellsoft-java13-arm32-vfp-hflt/lib/libnet.so
7582c000-7582d000 r--p 00012000 b3:02 903849     /usr/lib/jvm/bellsoft-java13-arm32-vfp-hflt/lib/libnet.so
7582d000-7582e000 rw-p 00013000 b3:02 903849     /usr/lib/jvm/bellsoft-java13-arm32-vfp-hflt/lib/libnet.so
7582e000-75831000 ---p 00000000 00:00 0 
75831000-7587e000 rw-p 00000000 00:00 0 
7587e000-7587f000 ---p 00000000 00:00 0 
7587f000-75900000 rw-p 00000000 00:00 0 
75900000-75921000 rw-p 00000000 00:00 0 
75921000-75a00000 ---p 00000000 00:00 0 
75a05000-75a07000 r-xp 00000000 b3:02 10838      /usr/lib/arm-linux-gnueabihf/libXau.so.6.0.0
75a07000-75a16000 ---p 00002000 b3:02 10838      /usr/lib/arm-linux-gnueabihf/libXau.so.6.0.0
75a16000-75a17000 r--p 00001000 b3:02 10838      /usr/lib/arm-linux-gnueabihf/libXau.so.6.0.0
75a17000-75a18000 rw-p 00002000 b3:02 10838      /usr/lib/arm-linux-gnueabihf/libXau.so.6.0.0
75a18000-75b63000 rw-p 00000000 00:00 0 
75b63000-7696b000 ---p 00000000 00:00 0 
7696b000-76a5b000 rw-p 00000000 00:00 0 
76a5b000-77863000 ---p 00000000 00:00 0 
77863000-77881000 rw-p 00000000 00:00 0 
77881000-77a42000 ---p 00000000 00:00 0 
77a42000-77a60000 rw-p 00000000 00:00 0 
77a60000-77c21000 ---p 00000000 00:00 0 
77c21000-77c3f000 rw-p 00000000 00:00 0 
77c3f000-77e00000 ---p 00000000 00:00 0 
77e00000-7ba00000 rw-p 00000000 00:00 0 
7ba00000-b3c00000 ---p 00000000 00:00 0 
b3c04000-b3c05000 rwxs fe100000 00:05 5          /dev/mem
b3c06000-b3c11000 r--p 00000000 b3:02 131400     /usr/share/glib-2.0/schemas/gschemas.compiled
b3c11000-b3c18000 r--s 00000000 b3:02 11747      /usr/lib/arm-linux-gnueabihf/gconv/gconv-modules.cache
b3c18000-b3c25000 r-xp 00000000 b3:02 903840     /usr/lib/jvm/bellsoft-java13-arm32-vfp-hflt/lib/libnio.so
b3c25000-b3c35000 ---p 0000d000 b3:02 903840     /usr/lib/jvm/bellsoft-java13-arm32-vfp-hflt/lib/libnio.so
b3c35000-b3c36000 r--p 0000d000 b3:02 903840     /usr/lib/jvm/bellsoft-java13-arm32-vfp-hflt/lib/libnio.so
b3c36000-b3c37000 rw-p 0000e000 b3:02 903840     /usr/lib/jvm/bellsoft-java13-arm32-vfp-hflt/lib/libnio.so
b3c37000-b3c57000 rw-p 00000000 00:00 0 
b3c57000-b3c58000 ---p 00000000 00:00 0 
b3c58000-b3cdc000 rw-p 00000000 00:00 0 
b3cdc000-b3d19000 ---p 00000000 00:00 0 
b3d19000-b3e99000 rwxp 00000000 00:00 0 
b3e99000-b5d19000 ---p 00000000 00:00 0 
b5d19000-b5edd000 r--s 00000000 b3:02 903900     /usr/lib/jvm/bellsoft-java13-arm32-vfp-hflt/lib/modules
b5edd000-b5eef000 r-xp 00000000 b3:02 903913     /usr/lib/jvm/bellsoft-java13-arm32-vfp-hflt/lib/libzip.so
b5eef000-b5efe000 ---p 00012000 b3:02 903913     /usr/lib/jvm/bellsoft-java13-arm32-vfp-hflt/lib/libzip.so
b5efe000-b5eff000 r--p 00011000 b3:02 903913     /usr/lib/jvm/bellsoft-java13-arm32-vfp-hflt/lib/libzip.so
b5eff000-b5f00000 rw-p 00012000 b3:02 903913     /usr/lib/jvm/bellsoft-java13-arm32-vfp-hflt/lib/libzip.so
b5f00000-b5ff3000 rw-p 00000000 00:00 0 
b5ff3000-b6000000 ---p 00000000 00:00 0 
b6002000-b6010000 r-xp 00000000 b3:02 903921     /usr/lib/jvm/bellsoft-java13-arm32-vfp-hflt/lib/libjimage.so
b6010000-b6020000 ---p 0000e000 b3:02 903921     /usr/lib/jvm/bellsoft-java13-arm32-vfp-hflt/lib/libjimage.so
b6020000-b6021000 r--p 0000e000 b3:02 903921     /usr/lib/jvm/bellsoft-java13-arm32-vfp-hflt/lib/libjimage.so
b6021000-b6022000 rw-p 0000f000 b3:02 903921     /usr/lib/jvm/bellsoft-java13-arm32-vfp-hflt/lib/libjimage.so
b6022000-b602b000 r-xp 00000000 b3:02 2059       /lib/arm-linux-gnueabihf/libnss_files-2.28.so
b602b000-b603b000 ---p 00009000 b3:02 2059       /lib/arm-linux-gnueabihf/libnss_files-2.28.so
b603b000-b603c000 r--p 00009000 b3:02 2059       /lib/arm-linux-gnueabihf/libnss_files-2.28.so
b603c000-b603d000 rw-p 0000a000 b3:02 2059       /lib/arm-linux-gnueabihf/libnss_files-2.28.so
b603d000-b6043000 rw-p 00000000 00:00 0 
b6043000-b604c000 r-xp 00000000 b3:02 903841     /usr/lib/jvm/bellsoft-java13-arm32-vfp-hflt/lib/libinstrument.so
b604c000-b605b000 ---p 00009000 b3:02 903841     /usr/lib/jvm/bellsoft-java13-arm32-vfp-hflt/lib/libinstrument.so
b605b000-b605c000 r--p 00008000 b3:02 903841     /usr/lib/jvm/bellsoft-java13-arm32-vfp-hflt/lib/libinstrument.so
b605c000-b605d000 rw-p 00009000 b3:02 903841     /usr/lib/jvm/bellsoft-java13-arm32-vfp-hflt/lib/libinstrument.so
b605d000-b607a000 r-xp 00000000 b3:02 903874     /usr/lib/jvm/bellsoft-java13-arm32-vfp-hflt/lib/libjava.so
b607a000-b6089000 ---p 0001d000 b3:02 903874     /usr/lib/jvm/bellsoft-java13-arm32-vfp-hflt/lib/libjava.so
b6089000-b608a000 r--p 0001c000 b3:02 903874     /usr/lib/jvm/bellsoft-java13-arm32-vfp-hflt/lib/libjava.so
b608a000-b608b000 rw-p 0001d000 b3:02 903874     /usr/lib/jvm/bellsoft-java13-arm32-vfp-hflt/lib/libjava.so
b608b000-b6095000 r-xp 00000000 b3:02 903909     /usr/lib/jvm/bellsoft-java13-arm32-vfp-hflt/lib/libverify.so
b6095000-b60a4000 ---p 0000a000 b3:02 903909     /usr/lib/jvm/bellsoft-java13-arm32-vfp-hflt/lib/libverify.so
b60a4000-b60a5000 r--p 00009000 b3:02 903909     /usr/lib/jvm/bellsoft-java13-arm32-vfp-hflt/lib/libverify.so
b60a5000-b60a6000 rw-p 0000a000 b3:02 903909     /usr/lib/jvm/bellsoft-java13-arm32-vfp-hflt/lib/libverify.so
b60a6000-b60a9000 ---p 00000000 00:00 0 
b60a9000-b60f6000 rw-p 00000000 00:00 0 
b60f6000-b6167000 r-xp 00000000 b3:02 2046       /lib/arm-linux-gnueabihf/libm-2.28.so
b6167000-b6176000 ---p 00071000 b3:02 2046       /lib/arm-linux-gnueabihf/libm-2.28.so
b6176000-b6177000 r--p 00070000 b3:02 2046       /lib/arm-linux-gnueabihf/libm-2.28.so
b6177000-b6178000 rw-p 00071000 b3:02 2046       /lib/arm-linux-gnueabihf/libm-2.28.so
b6178000-b6c56000 r-xp 00000000 b3:02 903912     /usr/lib/jvm/bellsoft-java13-arm32-vfp-hflt/lib/server/libjvm.so
b6c56000-b6c66000 ---p 00ade000 b3:02 903912     /usr/lib/jvm/bellsoft-java13-arm32-vfp-hflt/lib/server/libjvm.so
b6c66000-b6ca1000 r--p 00ade000 b3:02 903912     /usr/lib/jvm/bellsoft-java13-arm32-vfp-hflt/lib/server/libjvm.so
b6ca1000-b6cc1000 rw-p 00b19000 b3:02 903912     /usr/lib/jvm/bellsoft-java13-arm32-vfp-hflt/lib/server/libjvm.so
b6cc1000-b6cfb000 rw-p 00000000 00:00 0 
b6cfb000-b6e33000 r-xp 00000000 b3:02 2020       /lib/arm-linux-gnueabihf/libc-2.28.so
b6e33000-b6e43000 ---p 00138000 b3:02 2020       /lib/arm-linux-gnueabihf/libc-2.28.so
b6e43000-b6e45000 r--p 00138000 b3:02 2020       /lib/arm-linux-gnueabihf/libc-2.28.so
b6e45000-b6e46000 rw-p 0013a000 b3:02 2020       /lib/arm-linux-gnueabihf/libc-2.28.so
b6e46000-b6e49000 rw-p 00000000 00:00 0 
b6e49000-b6e4b000 r-xp 00000000 b3:02 2029       /lib/arm-linux-gnueabihf/libdl-2.28.so
b6e4b000-b6e5a000 ---p 00002000 b3:02 2029       /lib/arm-linux-gnueabihf/libdl-2.28.so
b6e5a000-b6e5b000 r--p 00001000 b3:02 2029       /lib/arm-linux-gnueabihf/libdl-2.28.so
b6e5b000-b6e5c000 rw-p 00002000 b3:02 2029       /lib/arm-linux-gnueabihf/libdl-2.28.so
b6e5c000-b6e73000 r-xp 00000000 b3:02 2083       /lib/arm-linux-gnueabihf/libpthread-2.28.so
b6e73000-b6e82000 ---p 00017000 b3:02 2083       /lib/arm-linux-gnueabihf/libpthread-2.28.so
b6e82000-b6e83000 r--p 00016000 b3:02 2083       /lib/arm-linux-gnueabihf/libpthread-2.28.so
b6e83000-b6e84000 rw-p 00017000 b3:02 2083       /lib/arm-linux-gnueabihf/libpthread-2.28.so
b6e84000-b6e86000 rw-p 00000000 00:00 0 
b6e8b000-b6e9b000 rw-p 00000000 00:00 0 
b6e9b000-b6eb0000 r-xp 00000000 b3:02 903894     /usr/lib/jvm/bellsoft-java13-arm32-vfp-hflt/lib/libjli.so
b6eb0000-b6ec0000 ---p 00015000 b3:02 903894     /usr/lib/jvm/bellsoft-java13-arm32-vfp-hflt/lib/libjli.so
b6ec0000-b6ec1000 r--p 00015000 b3:02 903894     /usr/lib/jvm/bellsoft-java13-arm32-vfp-hflt/lib/libjli.so
b6ec1000-b6ec2000 rw-p 00016000 b3:02 903894     /usr/lib/jvm/bellsoft-java13-arm32-vfp-hflt/lib/libjli.so
b6ec2000-b6ec6000 r-xp 00000000 b3:02 10875      /usr/lib/arm-linux-gnueabihf/libarmmem-v7l.so
b6ec6000-b6ed5000 ---p 00004000 b3:02 10875      /usr/lib/arm-linux-gnueabihf/libarmmem-v7l.so
b6ed5000-b6ed6000 r--p 00003000 b3:02 10875      /usr/lib/arm-linux-gnueabihf/libarmmem-v7l.so
b6ed6000-b6ed7000 rw-p 00004000 b3:02 10875      /usr/lib/arm-linux-gnueabihf/libarmmem-v7l.so
b6ed7000-b6ef7000 r-xp 00000000 b3:02 1944       /lib/arm-linux-gnueabihf/ld-2.28.so
b6ef7000-b6ef8000 r--p 00000000 b3:02 515364     /home/pi/.config/dconf/user
b6ef8000-b6ef9000 r--s 00000000 00:28 26         /run/user/1000/dconf/user
b6ef9000-b6f01000 rw-s 00000000 b3:02 901567     /tmp/hsperfdata_root/1694
b6f01000-b6f02000 r--p 00000000 00:00 0 
b6f02000-b6f03000 ---p 00000000 00:00 0 
b6f03000-b6f07000 rw-p 00000000 00:00 0 
b6f07000-b6f08000 r--p 00020000 b3:02 1944       /lib/arm-linux-gnueabihf/ld-2.28.so
b6f08000-b6f09000 rw-p 00021000 b3:02 1944       /lib/arm-linux-gnueabihf/ld-2.28.so
beb29000-beb4a000 rw-p 00000000 00:00 0          [stack]
bedd0000-bedd1000 r-xp 00000000 00:00 0          [sigpage]
bedd1000-bedd2000 r--p 00000000 00:00 0          [vvar]
bedd2000-bedd3000 r-xp 00000000 00:00 0          [vdso]
ffff0000-ffff1000 r-xp 00000000 00:00 0          [vectors]


VM Arguments:
jvm_args: -javaagent:/home/pi/Desktop/idea-IC-202.7660.26/lib/idea_rt.jar=39749:/home/pi/Desktop/idea-IC-202.7660.26/bin -Dfile.encoding=UTF-8 --module-path=/root/IdeaProjects/pi4j-example-minimal/target/classes:/root/.m2/repository/org/slf4j/slf4j-api/2.0.0-alpha0/slf4j-api-2.0.0-alpha0.jar:/root/.m2/repository/org/slf4j/slf4j-simple/2.0.0-alpha0/slf4j-simple-2.0.0-alpha0.jar:/root/.m2/repository/com/pi4j/pi4j-core/2.0-SNAPSHOT/pi4j-core-2.0-20210326.183037-28.jar:/root/.m2/repository/com/pi4j/pi4j-plugin-raspberrypi/2.0-SNAPSHOT/pi4j-plugin-raspberrypi-2.0-20210326.183059-37.jar:/root/.m2/repository/com/pi4j/pi4j-plugin-pigpio/2.0-SNAPSHOT/pi4j-plugin-pigpio-2.0-20210326.183053-37.jar:/root/.m2/repository/com/pi4j/pi4j-library-pigpio/2.0-SNAPSHOT/pi4j-library-pigpio-2.0-20210326.183020-46.jar -Djdk.module.main=com.pi4j.example 
java_command: com.pi4j.example/com.pi4j.example.Test
java_class_path (initial): <not set>
Launcher Type: SUN_STANDARD

[Global flags]
     uint ConcGCThreads                            = 1                                         {product} {ergonomic}
     uint G1ConcRefinementThreads                  = 4                                         {product} {ergonomic}
   size_t G1HeapRegionSize                         = 1048576                                   {product} {ergonomic}
    uintx GCDrainStackTargetSize                   = 64                                        {product} {ergonomic}
   size_t InitialHeapSize                          = 62914560                                  {product} {ergonomic}
   size_t MarkStackSize                            = 32768                                     {product} {ergonomic}
   size_t MaxHeapSize                              = 1004535808                                {product} {ergonomic}
   size_t MaxNewSize                               = 601882624                                 {product} {ergonomic}
   size_t MinHeapDeltaBytes                        = 1048576                                   {product} {ergonomic}
   size_t MinHeapSize                              = 6291456                                   {product} {ergonomic}
    uintx NonProfiledCodeHeapSize                  = 0                                      {pd product} {ergonomic}
    uintx ProfiledCodeHeapSize                     = 0                                      {pd product} {ergonomic}
   size_t SoftMaxHeapSize                          = 1004535808                             {manageable} {ergonomic}
     bool UseAOT                                   = false                                     {product} {ergonomic}
     bool UseG1GC                                  = true                                      {product} {ergonomic}

Logging:
Log output configuration:
 #0: stdout all=warning uptime,level,tags
 #1: stderr all=off uptime,level,tags

Environment Variables:
PATH=/usr/local/sbin:/usr/local/bin:/usr/sbin:/usr/bin:/sbin:/bin:/usr/local/games:/usr/games:/opt/apache-maven-3.6.3/bin
SHELL=/bin/bash
DISPLAY=:0.0

Signal Handlers:
SIGSEGV: [libjvm.so+0xa2a368], sa_mask[0]=11111111011111111101111111111110, sa_flags=SA_RESTART|SA_SIGINFO
SIGBUS: [libjvm.so+0xa2a368], sa_mask[0]=11111111011111111101111111111110, sa_flags=SA_RESTART|SA_SIGINFO
SIGFPE: [libjvm.so+0xa2a368], sa_mask[0]=11111111011111111101111111111110, sa_flags=SA_RESTART|SA_SIGINFO
SIGPIPE: SIG_IGN, sa_mask[0]=00000000000010000000000000000000, sa_flags=SA_RESTART
SIGXFSZ: [libjvm.so+0x823ebc], sa_mask[0]=11111111011111111101111111111110, sa_flags=SA_RESTART|SA_SIGINFO
SIGILL: [libjvm.so+0xa2a368], sa_mask[0]=11111111011111111101111111111110, sa_flags=SA_RESTART|SA_SIGINFO
SIGUSR2: [libjvm.so+0x823d50], sa_mask[0]=00100000000000000000000000000000, sa_flags=SA_RESTART|SA_SIGINFO
SIGHUP: [libjvm.so+0x824600], sa_mask[0]=11111111011111111101111111111110, sa_flags=SA_RESTART|SA_SIGINFO
SIGINT: [libjvm.so+0x824600], sa_mask[0]=11111111011111111101111111111110, sa_flags=SA_RESTART|SA_SIGINFO
SIGTERM: [libjvm.so+0x824600], sa_mask[0]=11111111011111111101111111111110, sa_flags=SA_RESTART|SA_SIGINFO
SIGQUIT: [libjvm.so+0x824600], sa_mask[0]=11111111011111111101111111111110, sa_flags=SA_RESTART|SA_SIGINFO


---------------  S Y S T E M  ---------------

OS:PRETTY_NAME="Raspbian GNU/Linux 10 (buster)"
NAME="Raspbian GNU/Linux"
VERSION_ID="10"
VERSION="10 (buster)"
VERSION_CODENAME=buster
ID=raspbian
ID_LIKE=debian
HOME_URL="http://www.raspbian.org/"
SUPPORT_URL="http://www.raspbian.org/RaspbianForums"
BUG_REPORT_URL="http://www.raspbian.org/RaspbianBugs"
uname:Linux 5.10.17-v7l+ #1403 SMP Mon Feb 22 11:33:35 GMT 2021 armv7l
libc:glibc 2.28 NPTL 2.28 
rlimit: STACK 8192k, CORE 0k, NPROC 28554, NOFILE 1048576, AS infinity, DATA infinity, FSIZE infinity
load average:3,15 2,40 1,07

/proc/meminfo:
MemTotal:        3919128 kB
MemFree:         1980304 kB
MemAvailable:    2624456 kB
Buffers:           36492 kB
Cached:           770380 kB
SwapCached:            0 kB
Active:           273276 kB
Inactive:        1549040 kB
Active(anon):        860 kB
Inactive(anon):  1068452 kB
Active(file):     272416 kB
Inactive(file):   480588 kB
Unevictable:       37640 kB
Mlocked:              28 kB
HighTotal:       3264512 kB
HighFree:        1425416 kB
LowTotal:         654616 kB
LowFree:          554888 kB
SwapTotal:        102396 kB
SwapFree:         102396 kB
Dirty:               112 kB
Writeback:             0 kB
AnonPages:       1053104 kB
Mapped:           159112 kB
Shmem:             53872 kB
KReclaimable:      22760 kB
Slab:              41944 kB
SReclaimable:      22760 kB
SUnreclaim:        19184 kB
KernelStack:        3000 kB
PageTables:         7756 kB
NFS_Unstable:          0 kB
Bounce:                0 kB
WritebackTmp:          0 kB
CommitLimit:     2061960 kB
Committed_AS:    2236296 kB
VmallocTotal:     245760 kB
VmallocUsed:        5320 kB
VmallocChunk:          0 kB
Percpu:              512 kB
CmaTotal:         262144 kB
CmaFree:          249648 kB


/proc/sys/kernel/threads-max (system-wide limit on the number of threads):
57108


/proc/sys/vm/max_map_count (maximum number of memory map areas a process may have):
65530


/proc/sys/kernel/pid_max (system-wide limit on number of process identifiers):
32768



/etc/ld.so.preload:
/usr/lib/arm-linux-gnueabihf/libarmmem-${PLATFORM}.so

Steal ticks since vm start: 0
Steal ticks percentage since vm start:  0,000

CPU:total 4 (initial active 4) (ARMv7), vfp, vfp3-32, simd, mp_ext

/proc/cpuinfo:
processor	: 0
model name	: ARMv7 Processor rev 3 (v7l)
BogoMIPS	: 270.00
Features	: half thumb fastmult vfp edsp neon vfpv3 tls vfpv4 idiva idivt vfpd32 lpae evtstrm crc32 
CPU implementer	: 0x41
CPU architecture: 7
CPU variant	: 0x0
CPU part	: 0xd08
CPU revision	: 3

processor	: 1
model name	: ARMv7 Processor rev 3 (v7l)
BogoMIPS	: 270.00
Features	: half thumb fastmult vfp edsp neon vfpv3 tls vfpv4 idiva idivt vfpd32 lpae evtstrm crc32 
CPU implementer	: 0x41
CPU architecture: 7
CPU variant	: 0x0
CPU part	: 0xd08
CPU revision	: 3

processor	: 2
model name	: ARMv7 Processor rev 3 (v7l)
BogoMIPS	: 270.00
Features	: half thumb fastmult vfp edsp neon vfpv3 tls vfpv4 idiva idivt vfpd32 lpae evtstrm crc32 
CPU implementer	: 0x41
CPU architecture: 7
CPU variant	: 0x0
CPU part	: 0xd08
CPU revision	: 3

processor	: 3
model name	: ARMv7 Processor rev 3 (v7l)
BogoMIPS	: 270.00
Features	: half thumb fastmult vfp edsp neon vfpv3 tls vfpv4 idiva idivt vfpd32 lpae evtstrm crc32 
CPU implementer	: 0x41
CPU architecture: 7
CPU variant	: 0x0
CPU part	: 0xd08
CPU revision	: 3

Hardware	: BCM2711
Revision	: c03112
Serial		: 1000000022737370
Model		: Raspberry Pi 4 Model B Rev 1.2

Memory: 4k page, physical 3919128k(1980304k free), swap 102396k(102396k free)

vm_info: OpenJDK Server VM (13-BellSoft+33) for linux-arm-vfp-hflt JRE (13-BellSoft+33), built on Sep 19 2019 13:58:59 by "bellsoft" with gcc 7.3.1 20180425 [linaro-7.3-2018.05 revision d29120a424ecfbc167ef90065c0eeb7f91977701]

END.
