#
# A fatal error has been detected by the Java Runtime Environment:
#
#  SIGSEGV (0xb) at pc=0x70f3cd28, pid=1900, tid=2015
#
# JRE version: OpenJDK Runtime Environment (13.0+33) (build 13-BellSoft+33)
# Java VM: OpenJDK Server VM (13-BellSoft+33, mixed mode, g1 gc, linux-arm)
# Problematic frame:
# C  [libpigpio.so.1+0x21d28]
#
# No core dump will be written. Core dumps have been disabled. To enable core dumping, try "ulimit -c unlimited" before starting Java again
#
# If you would like to submit a bug report, please visit:
#   http://bugreport.java.com/bugreport/crash.jsp
# The crash happened outside the Java Virtual Machine in native code.
# See problematic frame for where to report the bug.
#

---------------  S U M M A R Y ------------

Command Line: -javaagent:/home/pi/Desktop/idea-IC-202.7660.26/lib/idea_rt.jar=34107:/home/pi/Desktop/idea-IC-202.7660.26/bin -Dfile.encoding=UTF-8 --module-path=/root/IdeaProjects/pi4j-example-minimal/target/classes:/root/.m2/repository/org/slf4j/slf4j-api/2.0.0-alpha0/slf4j-api-2.0.0-alpha0.jar:/root/.m2/repository/org/slf4j/slf4j-simple/2.0.0-alpha0/slf4j-simple-2.0.0-alpha0.jar:/root/.m2/repository/com/pi4j/pi4j-core/2.0-SNAPSHOT/pi4j-core-2.0-20210326.183037-28.jar:/root/.m2/repository/com/pi4j/pi4j-plugin-raspberrypi/2.0-SNAPSHOT/pi4j-plugin-raspberrypi-2.0-20210326.183059-37.jar:/root/.m2/repository/com/pi4j/pi4j-plugin-pigpio/2.0-SNAPSHOT/pi4j-plugin-pigpio-2.0-20210326.183053-37.jar:/root/.m2/repository/com/pi4j/pi4j-library-pigpio/2.0-SNAPSHOT/pi4j-library-pigpio-2.0-20210326.183020-46.jar -Djdk.module.main=com.pi4j.example com.pi4j.example/com.pi4j.example.Test

Host: rev 3 (v7l), 4 cores, 3G, Raspbian GNU/Linux 10 (buster)
Time: Wed Apr  7 19:09:31 2021 CEST elapsed time: 60 seconds (0d 0h 1m 0s)

---------------  T H R E A D  ---------------

Current thread (0x0113c800):  JavaThread "pi4j-shutdown" [_thread_in_native, id=2015, stack(0x709fc000,0x70a4c000)]

Stack: [0x709fc000,0x70a4c000],  sp=0x70a4a8b0,  free space=314k
Native frames: (J=compiled Java code, A=aot compiled Java code, j=interpreted, Vv=VM code, C=native code)
C  [libpigpio.so.1+0x21d28]
C  0x70a4aa70

Java frames: (J=compiled Java code, j=interpreted, Vv=VM code)
j  com.pi4j.library.pigpio.internal.PIGPIO.gpioTerminate()V+0 com.pi4j.library.pigpio@2.0-SNAPSHOT
j  com.pi4j.library.pigpio.impl.PiGpioNativeImpl.gpioTerminate()V+22 com.pi4j.library.pigpio@2.0-SNAPSHOT
j  com.pi4j.library.pigpio.PiGpio.shutdown()V+1 com.pi4j.library.pigpio@2.0-SNAPSHOT
j  com.pi4j.plugin.pigpio.PiGpioPlugin.shutdown(Lcom/pi4j/context/Context;)V+23 com.pi4j.plugin.pigpio@2.0-SNAPSHOT
j  com.pi4j.runtime.impl.DefaultRuntime.shutdown()Lcom/pi4j/runtime/Runtime;+87 com.pi4j@2.0-SNAPSHOT
j  com.pi4j.runtime.impl.DefaultRuntime.lambda$new$2()V+8 com.pi4j@2.0-SNAPSHOT
j  com.pi4j.runtime.impl.DefaultRuntime$$Lambda$172.run()V+4 com.pi4j@2.0-SNAPSHOT
j  java.lang.Thread.run()V+11 java.base@13-BellSoft
v  ~StubRoutines::call_stub

siginfo: si_signo: 11 (SIGSEGV), si_code: 1 (SEGV_MAPERR), si_addr: 0x75a033d0

Register to memory mapping:

  r0  = 0x00000000
0x0 is NULL

  r1  = 0x00001000
0x00001000 is an unknown value

  r2  = 0xffffffff
0xffffffff is an unknown value

  r3  = 0x75a0334c
0x75a0334c is an unknown value

  r4  = 0x75a033cc
0x75a033cc is an unknown value

  r5  = 0x75a043dc
0x75a043dc is an unknown value

  r6  = 0x00000014
0x00000014 is an unknown value

  r7  = 0x75a03000
0x75a03000 is an unknown value

  r8  = 0xb6ff8968
0xb6ff8968: __stack_chk_guard+0x00000000 in /lib/ld-linux-armhf.so.3 at 0xb6fc8000

  r9  = 0x7112b850
{method} {0x7112b850} 'gpioTerminate' '()V' in 'com/pi4j/library/pigpio/internal/PIGPIO'

  r10 = 0x0113c800
0x0113c800 is a thread

  fp  = 0x70a4aa40
0x70a4aa40 is pointing into the stack for thread: 0x0113c800

  r12 = 0x70f682c4
0x70f682c4: <offset 0x0004d2c4> in /usr/lib/libpigpio.so.1 at 0x70f1b000

  sp  = 0x70a4a8b0
0x70a4a8b0 is pointing into the stack for thread: 0x0113c800

  lr  = 0x70f3cd34
0x70f3cd34: <offset 0x00021d34> in /usr/lib/libpigpio.so.1 at 0x70f1b000

  pc  = 0x70f3cd28
0x70f3cd28: <offset 0x00021d28> in /usr/lib/libpigpio.so.1 at 0x70f1b000



Registers:
  r0  = 0x00000000
  r1  = 0x00001000
  r2  = 0xffffffff
  r3  = 0x75a0334c
  r4  = 0x75a033cc
  r5  = 0x75a043dc
  r6  = 0x00000014
  r7  = 0x75a03000
  r8  = 0xb6ff8968
  r9  = 0x7112b850
  r10 = 0x0113c800
  fp  = 0x70a4aa40
  r12 = 0x70f682c4
  sp  = 0x70a4a8b0
  lr  = 0x70f3cd34
  pc  = 0x70f3cd28
  cpsr = 0x80000010

Top of Stack: (sp=0x70a4a8b0)
0x70a4a8b0:   7450bdf0 b6ff8968 00000100 00000000
0x70a4a8c0:   0113c800 70a4a900 70a4a9f0 00000002
0x70a4a8d0:   0113c800 0113c800 70a4a9ef 74b01340
0x70a4a8e0:   70a4a964 b6a4a1d8 00000001 70a4a9ef
0x70a4a8f0:   0113c800 b3dfd3f0 b3dfd3f0 7b58cbd8
0x70a4a900:   b6d8c49c 00000000 00000050 0000003a
0x70a4a910:   00000000 711818a4 00000000 00000000
0x70a4a920:   00000000 00000000 00000000 00000000 

Instructions: (pc=0x70f3cd28)
0x70f3cc28:   0a000001 e3a01024 ebff89ff e59f368c
0x70f3cc38:   e08f3003 e5930074 e3700001 0a000001
0x70f3cc48:   e3a01028 ebff89f8 e59f3674 e79f0003
0x70f3cc58:   e3700001 0a000001 e3a0101c ebff89f2
0x70f3cc68:   e59f3660 e08f3003 e5930034 e3700001
0x70f3cc78:   0a000001 e3a01018 ebff89eb e59f3648
0x70f3cc88:   e3e02000 e08f3003 e59300c8 e583202c
0x70f3cc98:   e1500002 e583206c e5832064 e58320c4
0x70f3cca8:   e5832030 e5832078 e5832074 e5832000
0x70f3ccb8:   e5832034 0a000006 e59f2610 e3a030d4
0x70f3ccc8:   e08f2002 e5922004 e0030293 e2831e35
0x70f3ccd8:   ebff89d5 e59f35f8 e3e02000 e08f3003
0x70f3cce8:   e59370cc e58320c8 e1570002 0a000015
0x70f3ccf8:   e59f35e0 e08f3003 e5936004 e0863086
0x70f3cd08:   e0863103 e0863103 e37300d4 0a000008
0x70f3cd18:   e3a050d4 e2873fd3 e0253695 e2474004
0x70f3cd28:   e5b40004 e3a01a01 ebff89bf e1540005
0x70f3cd38:   1afffffa e3a010d4 e1a00007 e0010691
0x70f3cd48:   e2811e35 ebff89b8 e59f358c e3e02000
0x70f3cd58:   e08f3003 e59370d0 e58320cc e1570002
0x70f3cd68:   0a000010 e59f3574 e08f3003 e5933004
0x70f3cd78:   e3730004 0a000137 e1a06103 e0875006
0x70f3cd88:   e285500c e2474004 e5b40004 e3a01a35
0x70f3cd98:   ebff89a5 e1540005 1afffffa e2861010
0x70f3cda8:   e1a00007 ebff89a0 e59f3534 e3e01000
0x70f3cdb8:   e08f3003 e59320d4 e58310d0 e1520001
0x70f3cdc8:   0a000048 e59f051c e3a01000 e08f0000
0x70f3cdd8:   ebff88db e2507000 ba00010d e59f3508
0x70f3cde8:   e59f2508 e08f3003 e08f2002 e5934004
0x70f3cdf8:   e58270d8 e3740004 0a00002f e59250d4
0x70f3ce08:   e59fb4ec e0854204 e2455040 ea000002
0x70f3ce18:   e2444010 e1550004 0a000027 e5943030 


Stack slot to memory mapping:
stack at sp + 0 slots: 0x7450bdf0 points into unknown readable memory: f8 be 50 74
stack at sp + 1 slots: 0xb6ff8968: __stack_chk_guard+0x00000000 in /lib/ld-linux-armhf.so.3 at 0xb6fc8000
stack at sp + 2 slots: 0x00000100 is an unknown value
stack at sp + 3 slots: 0x0 is NULL
stack at sp + 4 slots: 0x0113c800 is a thread
stack at sp + 5 slots: 0x70a4a900 is pointing into the stack for thread: 0x0113c800
stack at sp + 6 slots: 0x70a4a9f0 is pointing into the stack for thread: 0x0113c800
stack at sp + 7 slots: 0x00000002 is an unknown value


---------------  P R O C E S S  ---------------

Threads class SMR info:
_java_thread_list=0x743ee220, length=20, elements={
0x74d61800, 0x74d63800, 0x74d72000, 0x74d73800,
0x74d75000, 0x74def400, 0x74588800, 0x74589800,
0x75300c00, 0x73c7e400, 0x73c80000, 0x73c82800,
0x73c83800, 0xb6013000, 0x0113c000, 0x0113c800,
0x01128800, 0x0112b800, 0x0112ec00, 0x00fca000
}

Java Threads: ( => current thread )
  0x74d61800 JavaThread "Reference Handler" daemon [_thread_blocked, id=1911, stack(0x7562e000,0x7567e000)]
  0x74d63800 JavaThread "Finalizer" daemon [_thread_blocked, id=1912, stack(0x7542e000,0x7547e000)]
  0x74d72000 JavaThread "Signal Dispatcher" daemon [_thread_blocked, id=1916, stack(0x74cb0000,0x74d00000)]
  0x74d73800 JavaThread "C2 CompilerThread0" daemon [_thread_blocked, id=1917, stack(0x74c30000,0x74cb0000)]
  0x74d75000 JavaThread "Sweeper thread" daemon [_thread_blocked, id=1918, stack(0x74636000,0x74686000)]
  0x74def400 JavaThread "Common-Cleaner" daemon [_thread_blocked, id=1922, stack(0x744b0000,0x74500000)]
  0x74588800 JavaThread "Monitor Ctrl-Break" daemon [_thread_in_native, id=1924, stack(0x74460000,0x744b0000)]
  0x74589800 JavaThread "Service Thread" daemon [_thread_blocked, id=1925, stack(0x74410000,0x74460000)]
  0x75300c00 JavaThread "Attach Listener" daemon [_thread_blocked, id=1927, stack(0x73eeb000,0x73f3b000)]
  0x73c7e400 JavaThread "Java2D Disposer" daemon [_thread_blocked, id=1932, stack(0x71969000,0x719b9000)]
  0x73c80000 JavaThread "AWT-XAWT" daemon [_thread_in_native, id=1933, stack(0x71919000,0x71969000)]
  0x73c82800 JavaThread "AWT-Shutdown" [_thread_blocked, id=1934, stack(0x718c9000,0x71919000)]
  0x73c83800 JavaThread "AWT-EventQueue-0" [_thread_blocked, id=1935, stack(0x71879000,0x718c9000)]
  0xb6013000 JavaThread "DestroyJavaVM" [_thread_blocked, id=1901, stack(0xb6197000,0xb61e7000)]
  0x0113c000 JavaThread "pi4j-shutdown" [_thread_in_native, id=2014, stack(0x714f9000,0x71579000)]
=>0x0113c800 JavaThread "pi4j-shutdown" [_thread_in_native, id=2015, stack(0x709fc000,0x70a4c000)]
  0x01128800 JavaThread "pi4j-shutdown" [_thread_in_native, id=2016, stack(0x709ac000,0x709fc000)]
  0x0112b800 JavaThread "pi4j-shutdown" [_thread_in_native, id=2018, stack(0x7090c000,0x7095c000)]
  0x0112ec00 JavaThread "pi4j-shutdown" [_thread_in_native, id=2020, stack(0x7086c000,0x708bc000)]
  0x00fca000 JavaThread "pi4j-shutdown" [_thread_in_native, id=2022, stack(0x707cc000,0x7081c000)]

Other Threads:
  0x74d5b800 VMThread "VM Thread" [stack: 0x74e34000,0x74eb4000] [id=1910]
  0x7458b800 WatcherThread [stack: 0x74180000,0x74200000] [id=1926]
  0xb607d400 GCTaskThread "GC Thread#0" [stack: 0xb3d39000,0xb3db9000] [id=1902]
  0x74b38c00 GCTaskThread "GC Thread#1" [stack: 0x71479000,0x714f9000] [id=1948]
  0x74b39400 GCTaskThread "GC Thread#2" [stack: 0x71080000,0x71100000] [id=1949]
  0x74b3a800 GCTaskThread "GC Thread#3" [stack: 0x70ffe000,0x7107e000] [id=1950]
  0xb6082c00 ConcurrentGCThread "G1 Main Marker" [stack: 0xb3cb7000,0xb3d37000] [id=1903]
  0xb6084000 ConcurrentGCThread "G1 Conc#0" [stack: 0xb3c35000,0xb3cb5000] [id=1904]
  0xb60ea800 ConcurrentGCThread "G1 Refine#0" [stack: 0x75680000,0x75700000] [id=1905]
  0xb60ebc00 ConcurrentGCThread "G1 Young RemSet Sampling" [stack: 0x75480000,0x75500000] [id=1906]

Threads with active compile tasks:

VM state:not at safepoint (normal execution)

VM Mutex/Monitor currently owned by a thread:  ([mutex/lock_event])
[0xb600f8a8] Service_lock - owner thread: 0x74589800

Heap:
 garbage-first heap   total 61440K, used 8823K [0x77e00000, 0xb3c00000)
  region size 1024K, 9 young (9216K), 2 survivors (2048K)
 Metaspace       used 12102K, capacity 12245K, committed 12312K, reserved 12592K
Heap Regions: E=young(eden), S=young(survivor), O=old, HS=humongous(starts), HC=humongous(continues), CS=collection set, F=free, A=archive, TAMS=top-at-mark-start (previous, next)
|   0|0x77e00000, 0x77e9dc00, 0x77f00000| 61%| O|  |TAMS 0x77e00000, 0x77e00000| Untracked 
|   1|0x77f00000, 0x77f00000, 0x78000000|  0%| F|  |TAMS 0x77f00000, 0x77f00000| Untracked 
|   2|0x78000000, 0x78000000, 0x78100000|  0%| F|  |TAMS 0x78000000, 0x78000000| Untracked 
|   3|0x78100000, 0x78100000, 0x78200000|  0%| F|  |TAMS 0x78100000, 0x78100000| Untracked 
|   4|0x78200000, 0x78200000, 0x78300000|  0%| F|  |TAMS 0x78200000, 0x78200000| Untracked 
|   5|0x78300000, 0x78300000, 0x78400000|  0%| F|  |TAMS 0x78300000, 0x78300000| Untracked 
|   6|0x78400000, 0x78400000, 0x78500000|  0%| F|  |TAMS 0x78400000, 0x78400000| Untracked 
|   7|0x78500000, 0x78500000, 0x78600000|  0%| F|  |TAMS 0x78500000, 0x78500000| Untracked 
|   8|0x78600000, 0x78600000, 0x78700000|  0%| F|  |TAMS 0x78600000, 0x78600000| Untracked 
|   9|0x78700000, 0x78700000, 0x78800000|  0%| F|  |TAMS 0x78700000, 0x78700000| Untracked 
|  10|0x78800000, 0x78800000, 0x78900000|  0%| F|  |TAMS 0x78800000, 0x78800000| Untracked 
|  11|0x78900000, 0x78900000, 0x78a00000|  0%| F|  |TAMS 0x78900000, 0x78900000| Untracked 
|  12|0x78a00000, 0x78a00000, 0x78b00000|  0%| F|  |TAMS 0x78a00000, 0x78a00000| Untracked 
|  13|0x78b00000, 0x78b00000, 0x78c00000|  0%| F|  |TAMS 0x78b00000, 0x78b00000| Untracked 
|  14|0x78c00000, 0x78c00000, 0x78d00000|  0%| F|  |TAMS 0x78c00000, 0x78c00000| Untracked 
|  15|0x78d00000, 0x78d00000, 0x78e00000|  0%| F|  |TAMS 0x78d00000, 0x78d00000| Untracked 
|  16|0x78e00000, 0x78e00000, 0x78f00000|  0%| F|  |TAMS 0x78e00000, 0x78e00000| Untracked 
|  17|0x78f00000, 0x78f00000, 0x79000000|  0%| F|  |TAMS 0x78f00000, 0x78f00000| Untracked 
|  18|0x79000000, 0x79000000, 0x79100000|  0%| F|  |TAMS 0x79000000, 0x79000000| Untracked 
|  19|0x79100000, 0x79100000, 0x79200000|  0%| F|  |TAMS 0x79100000, 0x79100000| Untracked 
|  20|0x79200000, 0x79200000, 0x79300000|  0%| F|  |TAMS 0x79200000, 0x79200000| Untracked 
|  21|0x79300000, 0x79300000, 0x79400000|  0%| F|  |TAMS 0x79300000, 0x79300000| Untracked 
|  22|0x79400000, 0x79400000, 0x79500000|  0%| F|  |TAMS 0x79400000, 0x79400000| Untracked 
|  23|0x79500000, 0x79500000, 0x79600000|  0%| F|  |TAMS 0x79500000, 0x79500000| Untracked 
|  24|0x79600000, 0x79600000, 0x79700000|  0%| F|  |TAMS 0x79600000, 0x79600000| Untracked 
|  25|0x79700000, 0x79700000, 0x79800000|  0%| F|  |TAMS 0x79700000, 0x79700000| Untracked 
|  26|0x79800000, 0x79800000, 0x79900000|  0%| F|  |TAMS 0x79800000, 0x79800000| Untracked 
|  27|0x79900000, 0x79900000, 0x79a00000|  0%| F|  |TAMS 0x79900000, 0x79900000| Untracked 
|  28|0x79a00000, 0x79a00000, 0x79b00000|  0%| F|  |TAMS 0x79a00000, 0x79a00000| Untracked 
|  29|0x79b00000, 0x79b00000, 0x79c00000|  0%| F|  |TAMS 0x79b00000, 0x79b00000| Untracked 
|  30|0x79c00000, 0x79c00000, 0x79d00000|  0%| F|  |TAMS 0x79c00000, 0x79c00000| Untracked 
|  31|0x79d00000, 0x79d00000, 0x79e00000|  0%| F|  |TAMS 0x79d00000, 0x79d00000| Untracked 
|  32|0x79e00000, 0x79e00000, 0x79f00000|  0%| F|  |TAMS 0x79e00000, 0x79e00000| Untracked 
|  33|0x79f00000, 0x79f00000, 0x7a000000|  0%| F|  |TAMS 0x79f00000, 0x79f00000| Untracked 
|  34|0x7a000000, 0x7a000000, 0x7a100000|  0%| F|  |TAMS 0x7a000000, 0x7a000000| Untracked 
|  35|0x7a100000, 0x7a100000, 0x7a200000|  0%| F|  |TAMS 0x7a100000, 0x7a100000| Untracked 
|  36|0x7a200000, 0x7a200000, 0x7a300000|  0%| F|  |TAMS 0x7a200000, 0x7a200000| Untracked 
|  37|0x7a300000, 0x7a300000, 0x7a400000|  0%| F|  |TAMS 0x7a300000, 0x7a300000| Untracked 
|  38|0x7a400000, 0x7a400000, 0x7a500000|  0%| F|  |TAMS 0x7a400000, 0x7a400000| Untracked 
|  39|0x7a500000, 0x7a500000, 0x7a600000|  0%| F|  |TAMS 0x7a500000, 0x7a500000| Untracked 
|  40|0x7a600000, 0x7a600000, 0x7a700000|  0%| F|  |TAMS 0x7a600000, 0x7a600000| Untracked 
|  41|0x7a700000, 0x7a700000, 0x7a800000|  0%| F|  |TAMS 0x7a700000, 0x7a700000| Untracked 
|  42|0x7a800000, 0x7a800000, 0x7a900000|  0%| F|  |TAMS 0x7a800000, 0x7a800000| Untracked 
|  43|0x7a900000, 0x7a900000, 0x7aa00000|  0%| F|  |TAMS 0x7a900000, 0x7a900000| Untracked 
|  44|0x7aa00000, 0x7ab00000, 0x7ab00000|100%| S|CS|TAMS 0x7aa00000, 0x7aa00000| Complete 
|  45|0x7ab00000, 0x7ac00000, 0x7ac00000|100%| S|CS|TAMS 0x7ab00000, 0x7ab00000| Complete 
|  46|0x7ac00000, 0x7ac00000, 0x7ad00000|  0%| F|  |TAMS 0x7ac00000, 0x7ac00000| Untracked 
|  47|0x7ad00000, 0x7ad00000, 0x7ae00000|  0%| F|  |TAMS 0x7ad00000, 0x7ad00000| Untracked 
|  48|0x7ae00000, 0x7ae00000, 0x7af00000|  0%| F|  |TAMS 0x7ae00000, 0x7ae00000| Untracked 
|  49|0x7af00000, 0x7af00000, 0x7b000000|  0%| F|  |TAMS 0x7af00000, 0x7af00000| Untracked 
|  50|0x7b000000, 0x7b000000, 0x7b100000|  0%| F|  |TAMS 0x7b000000, 0x7b000000| Untracked 
|  51|0x7b100000, 0x7b100000, 0x7b200000|  0%| F|  |TAMS 0x7b100000, 0x7b100000| Untracked 
|  52|0x7b200000, 0x7b200000, 0x7b300000|  0%| F|  |TAMS 0x7b200000, 0x7b200000| Untracked 
|  53|0x7b300000, 0x7b3ae9b8, 0x7b400000| 68%| E|  |TAMS 0x7b300000, 0x7b300000| Complete 
|  54|0x7b400000, 0x7b500000, 0x7b500000|100%| E|CS|TAMS 0x7b400000, 0x7b400000| Complete 
|  55|0x7b500000, 0x7b600000, 0x7b600000|100%| E|CS|TAMS 0x7b500000, 0x7b500000| Complete 
|  56|0x7b600000, 0x7b700000, 0x7b700000|100%| E|CS|TAMS 0x7b600000, 0x7b600000| Complete 
|  57|0x7b700000, 0x7b800000, 0x7b800000|100%| E|CS|TAMS 0x7b700000, 0x7b700000| Complete 
|  58|0x7b800000, 0x7b900000, 0x7b900000|100%| E|CS|TAMS 0x7b800000, 0x7b800000| Complete 
|  59|0x7b900000, 0x7ba00000, 0x7ba00000|100%| E|CS|TAMS 0x7b900000, 0x7b900000| Complete 

Card table byte_map: [0x77a42000,0x77c21000] _byte_map_base: 0x77683000

Marking Bits (Prev, Next): (CMBitMap*) 0xb607e5c4, (CMBitMap*) 0xb607e5e4
 Prev Bits: [0x7696b000, 0x77863000)
 Next Bits: [0x75a73000, 0x7696b000)

Polling page: 0xb6ff2000

Metaspace:

Usage:
   11,96 MB capacity,    11,82 MB ( 99%) used,    92,78 KB ( <1%) free+waste,    50,20 KB ( <1%) overhead. 

Virtual space:
     12,30 MB reserved,      12,02 MB ( 98%) committed 

Chunk freelists:
0 bytes

MaxMetaspaceSize: unlimited


CodeCache: size=32768Kb used=691Kb max_used=702Kb free=32076Kb
 bounds [0xb3df9000, 0xb3f79000, 0xb5df9000]
 total_blobs=834 nmethods=258 adapters=215
 compilation: enabled
              stopped_count=0, restarted_count=0
 full_count=0

Compilation events (20 events):
Event: 53,338 Thread 0x74d73800  248             java.lang.invoke.VarForm::getMemberName (21 bytes)
Event: 53,339 Thread 0x74d73800 nmethod 248 0xb3ea4b88 code [0xb3ea4c80, 0xb3ea4d2c]
Event: 53,384 Thread 0x74d73800  249             java.awt.Component::inside (30 bytes)
Event: 53,386 Thread 0x74d73800 nmethod 249 0xb3ea4888 code [0xb3ea4980, 0xb3ea4a2c]
Event: 53,485 Thread 0x74d73800  250             java.util.AbstractCollection::<init> (5 bytes)
Event: 53,486 Thread 0x74d73800 nmethod 250 0xb3ea4588 code [0xb3ea4680, 0xb3ea46cc]
Event: 53,486 Thread 0x74d73800  251             java.lang.Class::reflectionData (43 bytes)
Event: 53,490 Thread 0x74d73800 nmethod 251 0xb3ea7288 code [0xb3ea7390, 0xb3ea753c]
Event: 59,313 Thread 0x74d73800  252             javax.swing.JComponent::contains (27 bytes)
Event: 59,316 Thread 0x74d73800 nmethod 252 0xb3ea7688 code [0xb3ea7780, 0xb3ea789c]
Event: 59,465 Thread 0x74d73800  253             java.awt.Component::getParent_NoClientCode (5 bytes)
Event: 59,465 Thread 0x74d73800 nmethod 253 0xb3ea7988 code [0xb3ea7a80, 0xb3ea7adc]
Event: 59,488 Thread 0x74d73800  254             sun.awt.AWTAccessor::getComponentAccessor (18 bytes)
Event: 59,489 Thread 0x74d73800 nmethod 254 0xb3ea7c88 code [0xb3ea7d80, 0xb3ea7dec]
Event: 59,595 Thread 0x74d73800  255             java.util.ArrayList::size (5 bytes)
Event: 59,595 Thread 0x74d73800 nmethod 255 0xb3ea7f88 code [0xb3ea8080, 0xb3ea80dc]
Event: 60,194 Thread 0x74d73800  257             jdk.internal.reflect.ByteVectorImpl::add (38 bytes)
Event: 60,198 Thread 0x74d73800 nmethod 257 0xb3ea5988 code [0xb3ea5a90, 0xb3ea5b88]
Event: 60,198 Thread 0x74d73800  258             jdk.internal.reflect.ClassFileAssembler::emitByte (11 bytes)
Event: 60,201 Thread 0x74d73800 nmethod 258 0xb3ea3c08 code [0xb3ea3d10, 0xb3ea3e58]

GC Heap History (2 events):
Event: 8,991 GC heap before
{Heap before GC invocations=0 (full 0):
 garbage-first heap   total 61440K, used 14336K [0x77e00000, 0xb3c00000)
  region size 1024K, 14 young (14336K), 0 survivors (0K)
 Metaspace       used 11513K, capacity 11621K, committed 11672K, reserved 12592K
}
Event: 9,011 GC heap after
{Heap after GC invocations=1 (full 0):
 garbage-first heap   total 61440K, used 2679K [0x77e00000, 0xb3c00000)
  region size 1024K, 2 young (2048K), 2 survivors (2048K)
 Metaspace       used 11513K, capacity 11621K, committed 11672K, reserved 12592K
}

Deoptimization events (20 events):
Event: 9,137 Thread 0x73c83800 Uncommon trap: trap_request=0xffffffc6 fr.pc=0xb3e8a25c relative=0x0000016c
Event: 9,137 Thread 0x73c83800 Uncommon trap: reason=bimorphic action=maybe_recompile pc=0xb3e8a25c method=java.util.HashMap.putVal(ILjava/lang/Object;Ljava/lang/Object;ZZ)Ljava/lang/Object; @ 253 c2
Event: 9,137 Thread 0x73c83800 DEOPT PACKING pc=0xb3e8a25c sp=0x718c5f58
Event: 9,137 Thread 0x73c83800 DEOPT UNPACKING pc=0xb3e28bfc sp=0x718c5f20 mode 2
Event: 9,137 Thread 0x73c83800 Uncommon trap: trap_request=0xffffffc6 fr.pc=0xb3e8a25c relative=0x0000016c
Event: 9,137 Thread 0x73c83800 Uncommon trap: reason=bimorphic action=maybe_recompile pc=0xb3e8a25c method=java.util.HashMap.putVal(ILjava/lang/Object;Ljava/lang/Object;ZZ)Ljava/lang/Object; @ 253 c2
Event: 9,137 Thread 0x73c83800 DEOPT PACKING pc=0xb3e8a25c sp=0x718c5f58
Event: 9,137 Thread 0x73c83800 DEOPT UNPACKING pc=0xb3e28bfc sp=0x718c5f20 mode 2
Event: 59,681 Thread 0x73c83800 Uncommon trap: trap_request=0xffffff45 fr.pc=0xb3ea7838 relative=0x000000b8
Event: 59,681 Thread 0x73c83800 Uncommon trap: reason=unstable_if action=reinterpret pc=0xb3ea7838 method=java.awt.Component.inside(II)Z @ 13 c2
Event: 59,681 Thread 0x73c83800 DEOPT PACKING pc=0xb3ea7838 sp=0x718c7290
Event: 59,681 Thread 0x73c83800 DEOPT UNPACKING pc=0xb3e28bfc sp=0x718c71fc mode 2
Event: 59,681 Thread 0x73c83800 Uncommon trap: trap_request=0xffffff45 fr.pc=0xb3ea49fc relative=0x0000007c
Event: 59,681 Thread 0x73c83800 Uncommon trap: reason=unstable_if action=reinterpret pc=0xb3ea49fc method=java.awt.Component.inside(II)Z @ 13 c2
Event: 59,681 Thread 0x73c83800 DEOPT PACKING pc=0xb3ea49fc sp=0x718c71f0
Event: 59,681 Thread 0x73c83800 DEOPT UNPACKING pc=0xb3e28bfc sp=0x718c71d0 mode 2
Event: 60,180 Thread 0x0112b800 Uncommon trap: trap_request=0xffffff45 fr.pc=0xb3ea74fc relative=0x0000016c
Event: 60,180 Thread 0x0112b800 Uncommon trap: reason=unstable_if action=reinterpret pc=0xb3ea74fc method=java.lang.Class.reflectionData()Ljava/lang/Class$ReflectionData; @ 11 c2
Event: 60,180 Thread 0x0112b800 DEOPT PACKING pc=0xb3ea74fc sp=0x7095a698
Event: 60,180 Thread 0x0112b800 DEOPT UNPACKING pc=0xb3e28bfc sp=0x7095a67c mode 2

Classes unloaded (0 events):
No events

Classes redefined (0 events):
No events

Internal exceptions (20 events):
Event: 2,248 Thread 0x73c83800 Exception <a 'java/lang/NoSuchMethodError'{0x7b305330}: 'java.lang.Object java.lang.invoke.DirectMethodHandle$Holder.invokeSpecial(java.lang.Object, java.lang.Object, int, java.lang.Object, java.lang.Object, java.lang.Object)'> (0x7b305330) 
thrown [/ws/workspace/jdk-13/label/linux-arm/type/b11/src/hotspot/share/interpreter/linkResolver.cpp, line 767]
Event: 2,259 Thread 0x73c83800 Exception <a 'java/lang/NoSuchMethodError'{0x7b31b638}: 'java.lang.Object java.lang.invoke.DirectMethodHandle$Holder.invokeStatic(java.lang.Object, int, java.lang.Object)'> (0x7b31b638) 
thrown [/ws/workspace/jdk-13/label/linux-arm/type/b11/src/hotspot/share/interpreter/linkResolver.cpp, line 767]
Event: 2,261 Thread 0x73c83800 Exception <a 'java/lang/NoSuchMethodError'{0x7b3207f8}: 'java.lang.Object java.lang.invoke.DirectMethodHandle$Holder.invokeStatic(java.lang.Object, int)'> (0x7b3207f8) 
thrown [/ws/workspace/jdk-13/label/linux-arm/type/b11/src/hotspot/share/interpreter/linkResolver.cpp, line 767]
Event: 2,417 Thread 0x73c83800 Exception <a 'java/lang/NoSuchMethodError'{0x7b3dab20}: 'java.lang.Object java.lang.invoke.Invokers$Holder.linkToTargetMethod(java.lang.Object, int, java.lang.Object)'> (0x7b3dab20) 
thrown [/ws/workspace/jdk-13/label/linux-arm/type/b11/src/hotspot/share/interpreter/linkResolver.cpp, line 767]
Event: 2,448 Thread 0x73c83800 Exception <a 'java/lang/ClassNotFoundException'{0x7b3e8c28}: com/sun/swing/internal/plaf/metal/resources/spi/metalProvider> (0x7b3e8c28) 
thrown [/ws/workspace/jdk-13/label/linux-arm/type/b11/src/hotspot/share/classfile/systemDictionary.cpp, line 232]
Event: 2,452 Thread 0x73c83800 Exception <a 'java/lang/ClassNotFoundException'{0x7b3ed670}: com/sun/swing/internal/plaf/basic/resources/spi/basicProvider> (0x7b3ed670) 
thrown [/ws/workspace/jdk-13/label/linux-arm/type/b11/src/hotspot/share/classfile/systemDictionary.cpp, line 232]
Event: 2,497 Thread 0x73c83800 Implicit null exception at 0xb3e5deac to 0xb3e5e024
Event: 2,590 Thread 0x73c83800 Exception <a 'java/lang/NoSuchMethodError'{0x7b210c08}: 'void java.lang.invoke.DirectMethodHandle$Holder.invokeStaticInit(java.lang.Object)'> (0x7b210c08) 
thrown [/ws/workspace/jdk-13/label/linux-arm/type/b11/src/hotspot/share/interpreter/linkResolver.cpp, line 767]
Event: 2,737 Thread 0x73c83800 Exception <a 'java/lang/NoSuchMethodError'{0x7b27dfe8}: 'java.lang.Object java.lang.invoke.DirectMethodHandle$Holder.invokeStatic(java.lang.Object, java.lang.Object, java.lang.Object, java.lang.Object, java.lang.Object, java.lang.Object, java.lang.Object, java.lang.Object, java.lang.Object, java.lang.Object, java.lang.Object, java.lang.Object, java.lang.Object, java.lang.Object, java.lang.Object)'> (0x7b27dfe8) 
thrown [/ws/workspace/jdk-13/label/linux-arm/type/b11/src/hotspot/share/interpreter/linkResolve
Event: 2,756 Thread 0x73c83800 Exception <a 'java/lang/NoSuchMethodError'{0x7b28ac50}: 'java.lang.Object java.lang.invoke.DirectMethodHandle$Holder.invokeStatic(java.lang.Object, java.lang.Object, java.lang.Object, java.lang.Object, java.lang.Object, java.lang.Object, java.lang.Object, java.lang.Object, java.lang.Object, java.lang.Object, java.lang.Object, java.lang.Object, java.lang.Object, java.lang.Object, java.lang.Object, java.lang.Object)'> (0x7b28ac50) 
thrown [/ws/workspace/jdk-13/label/linux-arm/type/b11/src/hotspot/share/inter
Event: 2,762 Thread 0x73c83800 Exception <a 'java/lang/NoSuchMethodError'{0x7b298518}: 'java.lang.Object java.lang.invoke.Invokers$Holder.linkToTargetMethod(java.lang.Object, java.lang.Object, java.lang.Object, java.lang.Object, java.lang.Object, java.lang.Object)'> (0x7b298518) 
thrown [/ws/workspace/jdk-13/label/linux-arm/type/b11/src/hotspot/share/interpreter/linkResolver.cpp, line 767]
Event: 3,069 Thread 0x73c83800 Exception <a 'sun/nio/fs/UnixException'{0x7b2ed3d0}> (0x7b2ed3d0) 
thrown [/ws/workspace/jdk-13/label/linux-arm/type/b11/src/hotspot/share/prims/jni.cpp, line 598]
Event: 8,310 Thread 0x73c83800 Exception <a 'sun/nio/fs/UnixException'{0x7b16a5c0}> (0x7b16a5c0) 
thrown [/ws/workspace/jdk-13/label/linux-arm/type/b11/src/hotspot/share/prims/jni.cpp, line 598]
Event: 8,342 Thread 0x73c83800 Exception <a 'sun/nio/fs/UnixException'{0x7b1a6580}> (0x7b1a6580) 
thrown [/ws/workspace/jdk-13/label/linux-arm/type/b11/src/hotspot/share/prims/jni.cpp, line 598]
Event: 8,406 Thread 0x73c83800 Exception <a 'sun/nio/fs/UnixException'{0x7b066748}> (0x7b066748) 
thrown [/ws/workspace/jdk-13/label/linux-arm/type/b11/src/hotspot/share/prims/jni.cpp, line 598]
Event: 8,414 Thread 0x73c83800 Exception <a 'java/lang/NoSuchMethodError'{0x7b06ebd8}: 'void java.lang.invoke.DirectMethodHandle$Holder.invokeStatic(java.lang.Object, java.lang.Object, java.lang.Object, java.lang.Object, java.lang.Object)'> (0x7b06ebd8) 
thrown [/ws/workspace/jdk-13/label/linux-arm/type/b11/src/hotspot/share/interpreter/linkResolver.cpp, line 767]
Event: 8,755 Thread 0x73c83800 Exception <a 'sun/nio/fs/UnixException'{0x7ad2b768}> (0x7ad2b768) 
thrown [/ws/workspace/jdk-13/label/linux-arm/type/b11/src/hotspot/share/prims/jni.cpp, line 598]
Event: 60,161 Thread 0x0113c800 Exception <a 'java/lang/NoSuchMethodError'{0x7b406ec8}: 'void java.lang.invoke.DirectMethodHandle$Holder.invokeStatic(java.lang.Object, java.lang.Object, java.lang.Object, java.lang.Object)'> (0x7b406ec8) 
thrown [/ws/workspace/jdk-13/label/linux-arm/type/b11/src/hotspot/share/interpreter/linkResolver.cpp, line 767]
Event: 60,162 Thread 0x0113c000 Exception <a 'java/lang/NoSuchMethodError'{0x7b434b88}: 'void java.lang.invoke.DirectMethodHandle$Holder.invokeStatic(java.lang.Object, java.lang.Object, java.lang.Object, java.lang.Object)'> (0x7b434b88) 
thrown [/ws/workspace/jdk-13/label/linux-arm/type/b11/src/hotspot/share/interpreter/linkResolver.cpp, line 767]
Event: 60,180 Thread 0x0112b800 Implicit null exception at 0xb3ea73d0 to 0xb3ea74e8

Events (20 events):
Event: 60,203 loading class com/pi4j/library/pigpio/impl/PiGpioBase
Event: 60,203 loading class com/pi4j/library/pigpio/impl/PiGpioBase done
Event: 60,204 loading class com/pi4j/library/pigpio/impl/PiGpioBase
Event: 60,204 loading class com/pi4j/library/pigpio/impl/PiGpioBase done
Event: 60,204 loading class com/pi4j/library/pigpio/impl/PiGpioBase
Event: 60,204 loading class com/pi4j/library/pigpio/impl/PiGpioBase done
Event: 60,204 loading class com/pi4j/library/pigpio/impl/PiGpioBase
Event: 60,204 loading class com/pi4j/library/pigpio/impl/PiGpioBase done
Event: 60,204 loading class com/pi4j/library/pigpio/impl/PiGpioBase
Event: 60,204 loading class com/pi4j/library/pigpio/impl/PiGpioBase done
Event: 60,205 loading class com/pi4j/library/pigpio/impl/PiGpioBase
Event: 60,205 loading class com/pi4j/library/pigpio/impl/PiGpioBase done
Event: 60,205 loading class com/pi4j/library/pigpio/impl/PiGpioBase
Event: 60,205 loading class com/pi4j/library/pigpio/impl/PiGpioBase done
Event: 60,205 loading class com/pi4j/library/pigpio/impl/PiGpioBase
Event: 60,205 loading class com/pi4j/library/pigpio/impl/PiGpioBase done
Event: 60,206 loading class com/pi4j/library/pigpio/impl/PiGpioBase
Event: 60,206 loading class com/pi4j/library/pigpio/impl/PiGpioBase done
Event: 60,206 loading class com/pi4j/library/pigpio/impl/PiGpioBase
Event: 60,206 loading class com/pi4j/library/pigpio/impl/PiGpioBase done


Dynamic libraries:
00010000-00011000 r-xp 00000000 b3:02 904082     /usr/lib/jvm/bellsoft-java13-arm32-vfp-hflt/bin/java
00020000-00021000 r--p 00000000 b3:02 904082     /usr/lib/jvm/bellsoft-java13-arm32-vfp-hflt/bin/java
00021000-00022000 rw-p 00001000 b3:02 904082     /usr/lib/jvm/bellsoft-java13-arm32-vfp-hflt/bin/java
00f3b000-01159000 rw-p 00000000 00:00 0          [heap]
7077c000-7077f000 ---p 00000000 00:00 0 
7077f000-707cc000 rw-p 00000000 00:00 0 
707cc000-707cf000 ---p 00000000 00:00 0 
707cf000-7081c000 rw-p 00000000 00:00 0 
7081c000-7081f000 ---p 00000000 00:00 0 
7081f000-7086c000 rw-p 00000000 00:00 0 
7086c000-7086f000 ---p 00000000 00:00 0 
7086f000-708bc000 rw-p 00000000 00:00 0 
708bc000-708bf000 ---p 00000000 00:00 0 
708bf000-7090c000 rw-p 00000000 00:00 0 
7090c000-7090f000 ---p 00000000 00:00 0 
7090f000-7095c000 rw-p 00000000 00:00 0 
7095c000-7095f000 ---p 00000000 00:00 0 
7095f000-709ac000 rw-p 00000000 00:00 0 
709ac000-709af000 ---p 00000000 00:00 0 
709af000-709fc000 rw-p 00000000 00:00 0 
709fc000-709ff000 ---p 00000000 00:00 0 
709ff000-70a4c000 rw-p 00000000 00:00 0 
70a4c000-70a4d000 ---p 00000000 00:00 0 
70a4d000-70a8d000 rw-p 00000000 00:00 0 
70f1b000-70f57000 r-xp 00000000 b3:02 10718      /usr/lib/libpigpio.so.1
70f57000-70f67000 ---p 0003c000 b3:02 10718      /usr/lib/libpigpio.so.1
70f67000-70f68000 r--p 0003c000 b3:02 10718      /usr/lib/libpigpio.so.1
70f68000-70f6a000 rw-p 0003d000 b3:02 10718      /usr/lib/libpigpio.so.1
70f6a000-70ffc000 rw-p 00000000 00:00 0 
70ffc000-70ffd000 ---p 00000000 00:00 0 
70ffd000-7107e000 rw-p 00000000 00:00 0 
7107e000-7107f000 ---p 00000000 00:00 0 
7107f000-711c0000 rw-p 00000000 00:00 0 
711c0000-71200000 ---p 00000000 00:00 0 
71200000-71300000 rw-p 00000000 00:00 0 
71300000-713c5000 rw-p 00000000 00:00 0 
713c5000-71400000 ---p 00000000 00:00 0 
71477000-71478000 ---p 00000000 00:00 0 
71478000-714f9000 rw-p 00000000 00:00 0 
714f9000-714fc000 ---p 00000000 00:00 0 
714fc000-71679000 rw-p 00000000 00:00 0 
71679000-71779000 rw-p 00000000 00:00 0 
71779000-71879000 rw-p 00000000 00:00 0 
71879000-7187c000 ---p 00000000 00:00 0 
7187c000-718c9000 rw-p 00000000 00:00 0 
718c9000-718cc000 ---p 00000000 00:00 0 
718cc000-71919000 rw-p 00000000 00:00 0 
71919000-7191c000 ---p 00000000 00:00 0 
7191c000-71969000 rw-p 00000000 00:00 0 
71969000-7196c000 ---p 00000000 00:00 0 
7196c000-719b9000 rw-p 00000000 00:00 0 
719b9000-719c1000 r-xp 00000000 b3:02 10841      /usr/lib/arm-linux-gnueabihf/libXcursor.so.1.0.2
719c1000-719d0000 ---p 00008000 b3:02 10841      /usr/lib/arm-linux-gnueabihf/libXcursor.so.1.0.2
719d0000-719d1000 r--p 00007000 b3:02 10841      /usr/lib/arm-linux-gnueabihf/libXcursor.so.1.0.2
719d1000-719d2000 rw-p 00008000 b3:02 10841      /usr/lib/arm-linux-gnueabihf/libXcursor.so.1.0.2
719d2000-719d3000 ---p 00000000 00:00 0 
719d3000-721d3000 rw-p 00000000 00:00 0 
721d3000-72301000 r-xp 00000000 b3:02 11340      /usr/lib/arm-linux-gnueabihf/libstdc++.so.6.0.25
72301000-72311000 ---p 0012e000 b3:02 11340      /usr/lib/arm-linux-gnueabihf/libstdc++.so.6.0.25
72311000-72316000 r--p 0012e000 b3:02 11340      /usr/lib/arm-linux-gnueabihf/libstdc++.so.6.0.25
72316000-72318000 rw-p 00133000 b3:02 11340      /usr/lib/arm-linux-gnueabihf/libstdc++.so.6.0.25
72318000-7231a000 rw-p 00000000 00:00 0 
7231a000-72332000 r-xp 00000000 b3:02 1587       /usr/lib/arm-linux-gnueabihf/libproxy.so.1.0.0
72332000-72341000 ---p 00018000 b3:02 1587       /usr/lib/arm-linux-gnueabihf/libproxy.so.1.0.0
72341000-72342000 r--p 00017000 b3:02 1587       /usr/lib/arm-linux-gnueabihf/libproxy.so.1.0.0
72342000-72343000 rw-p 00018000 b3:02 1587       /usr/lib/arm-linux-gnueabihf/libproxy.so.1.0.0
72343000-72347000 r-xp 00000000 b3:02 10845      /usr/lib/arm-linux-gnueabihf/libXfixes.so.3.1.0
72347000-72356000 ---p 00004000 b3:02 10845      /usr/lib/arm-linux-gnueabihf/libXfixes.so.3.1.0
72356000-72357000 r--p 00003000 b3:02 10845      /usr/lib/arm-linux-gnueabihf/libXfixes.so.3.1.0
72357000-72358000 rw-p 00004000 b3:02 10845      /usr/lib/arm-linux-gnueabihf/libXfixes.so.3.1.0
72358000-72362000 r-xp 00000000 b3:02 11777      /usr/lib/arm-linux-gnueabihf/gio/modules/libdconfsettings.so
72362000-72372000 ---p 0000a000 b3:02 11777      /usr/lib/arm-linux-gnueabihf/gio/modules/libdconfsettings.so
72372000-72373000 r--p 0000a000 b3:02 11777      /usr/lib/arm-linux-gnueabihf/gio/modules/libdconfsettings.so
72373000-72374000 rw-p 0000b000 b3:02 11777      /usr/lib/arm-linux-gnueabihf/gio/modules/libdconfsettings.so
72374000-72375000 ---p 00000000 00:00 0 
72375000-72b75000 rw-p 00000000 00:00 0 
72b75000-72b76000 ---p 00000000 00:00 0 
72b76000-73376000 rw-p 00000000 00:00 0 
73376000-73389000 r-xp 00000000 b3:02 11781      /usr/lib/arm-linux-gnueabihf/gio/modules/libgioremote-volume-monitor.so
73389000-73398000 ---p 00013000 b3:02 11781      /usr/lib/arm-linux-gnueabihf/gio/modules/libgioremote-volume-monitor.so
73398000-7339a000 r--p 00012000 b3:02 11781      /usr/lib/arm-linux-gnueabihf/gio/modules/libgioremote-volume-monitor.so
7339a000-7339b000 rw-p 00014000 b3:02 11781      /usr/lib/arm-linux-gnueabihf/gio/modules/libgioremote-volume-monitor.so
7339b000-733c4000 r-xp 00000000 b3:02 134222     /usr/lib/arm-linux-gnueabihf/gvfs/libgvfscommon.so
733c4000-733d3000 ---p 00029000 b3:02 134222     /usr/lib/arm-linux-gnueabihf/gvfs/libgvfscommon.so
733d3000-733d6000 r--p 00028000 b3:02 134222     /usr/lib/arm-linux-gnueabihf/gvfs/libgvfscommon.so
733d6000-733d7000 rw-p 0002b000 b3:02 134222     /usr/lib/arm-linux-gnueabihf/gvfs/libgvfscommon.so
733d7000-733fe000 r-xp 00000000 b3:02 11782      /usr/lib/arm-linux-gnueabihf/gio/modules/libgvfsdbus.so
733fe000-7340e000 ---p 00027000 b3:02 11782      /usr/lib/arm-linux-gnueabihf/gio/modules/libgvfsdbus.so
7340e000-7340f000 r--p 00027000 b3:02 11782      /usr/lib/arm-linux-gnueabihf/gio/modules/libgvfsdbus.so
7340f000-73410000 rw-p 00028000 b3:02 11782      /usr/lib/arm-linux-gnueabihf/gio/modules/libgvfsdbus.so
73410000-73431000 r--p 00000000 b3:02 37548      /usr/share/locale/pl/LC_MESSAGES/glib20.mo
73431000-73437000 r-xp 00000000 b3:02 2104       /lib/arm-linux-gnueabihf/libuuid.so.1.3.0
73437000-73446000 ---p 00006000 b3:02 2104       /lib/arm-linux-gnueabihf/libuuid.so.1.3.0
73446000-73447000 r--p 00005000 b3:02 2104       /lib/arm-linux-gnueabihf/libuuid.so.1.3.0
73447000-73448000 rw-p 00006000 b3:02 2104       /lib/arm-linux-gnueabihf/libuuid.so.1.3.0
73448000-73464000 r-xp 00000000 b3:02 2036       /lib/arm-linux-gnueabihf/libgcc_s.so.1
73464000-73473000 ---p 0001c000 b3:02 2036       /lib/arm-linux-gnueabihf/libgcc_s.so.1
73473000-73474000 r--p 0001b000 b3:02 2036       /lib/arm-linux-gnueabihf/libgcc_s.so.1
73474000-73475000 rw-p 0001c000 b3:02 2036       /lib/arm-linux-gnueabihf/libgcc_s.so.1
73475000-734b9000 r-xp 00000000 b3:02 1995       /lib/arm-linux-gnueabihf/libblkid.so.1.1.0
734b9000-734c9000 ---p 00044000 b3:02 1995       /lib/arm-linux-gnueabihf/libblkid.so.1.1.0
734c9000-734cc000 r--p 00044000 b3:02 1995       /lib/arm-linux-gnueabihf/libblkid.so.1.1.0
734cc000-734cd000 rw-p 00047000 b3:02 1995       /lib/arm-linux-gnueabihf/libblkid.so.1.1.0
734cd000-734d3000 r-xp 00000000 b3:02 10999      /usr/lib/arm-linux-gnueabihf/libffi.so.6.0.4
734d3000-734e3000 ---p 00006000 b3:02 10999      /usr/lib/arm-linux-gnueabihf/libffi.so.6.0.4
734e3000-734e4000 r--p 00006000 b3:02 10999      /usr/lib/arm-linux-gnueabihf/libffi.so.6.0.4
734e4000-734e5000 rw-p 00007000 b3:02 10999      /usr/lib/arm-linux-gnueabihf/libffi.so.6.0.4
734e5000-7354b000 r-xp 00000000 b3:02 2077       /lib/arm-linux-gnueabihf/libpcre.so.3.13.3
7354b000-7355a000 ---p 00066000 b3:02 2077       /lib/arm-linux-gnueabihf/libpcre.so.3.13.3
7355a000-7355b000 r--p 00065000 b3:02 2077       /lib/arm-linux-gnueabihf/libpcre.so.3.13.3
7355b000-7355c000 rw-p 00066000 b3:02 2077       /lib/arm-linux-gnueabihf/libpcre.so.3.13.3
7355c000-7356d000 r-xp 00000000 b3:02 2086       /lib/arm-linux-gnueabihf/libresolv-2.28.so
7356d000-7357c000 ---p 00011000 b3:02 2086       /lib/arm-linux-gnueabihf/libresolv-2.28.so
7357c000-7357d000 r--p 00010000 b3:02 2086       /lib/arm-linux-gnueabihf/libresolv-2.28.so
7357d000-7357e000 rw-p 00011000 b3:02 2086       /lib/arm-linux-gnueabihf/libresolv-2.28.so
7357e000-73580000 rw-p 00000000 00:00 0 
73580000-735a0000 r-xp 00000000 b3:02 2088       /lib/arm-linux-gnueabihf/libselinux.so.1
735a0000-735af000 ---p 00020000 b3:02 2088       /lib/arm-linux-gnueabihf/libselinux.so.1
735af000-735b0000 r--p 0001f000 b3:02 2088       /lib/arm-linux-gnueabihf/libselinux.so.1
735b0000-735b1000 rw-p 00020000 b3:02 2088       /lib/arm-linux-gnueabihf/libselinux.so.1
735b1000-735b2000 rw-p 00000000 00:00 0 
735b2000-73600000 r-xp 00000000 b3:02 2049       /lib/arm-linux-gnueabihf/libmount.so.1.1.0
73600000-73610000 ---p 0004e000 b3:02 2049       /lib/arm-linux-gnueabihf/libmount.so.1.1.0
73610000-73612000 r--p 0004e000 b3:02 2049       /lib/arm-linux-gnueabihf/libmount.so.1.1.0
73612000-73613000 rw-p 00050000 b3:02 2049       /lib/arm-linux-gnueabihf/libmount.so.1.1.0
73613000-7365f000 r-xp 00000000 b3:02 11065      /usr/lib/arm-linux-gnueabihf/libgobject-2.0.so.0.5800.3
7365f000-7366e000 ---p 0004c000 b3:02 11065      /usr/lib/arm-linux-gnueabihf/libgobject-2.0.so.0.5800.3
7366e000-7366f000 r--p 0004b000 b3:02 11065      /usr/lib/arm-linux-gnueabihf/libgobject-2.0.so.0.5800.3
7366f000-73670000 rw-p 0004c000 b3:02 11065      /usr/lib/arm-linux-gnueabihf/libgobject-2.0.so.0.5800.3
73670000-7376f000 r-xp 00000000 b3:02 11057      /usr/lib/arm-linux-gnueabihf/libglib-2.0.so.0.5800.3
7376f000-7377e000 ---p 000ff000 b3:02 11057      /usr/lib/arm-linux-gnueabihf/libglib-2.0.so.0.5800.3
7377e000-7377f000 r--p 000fe000 b3:02 11057      /usr/lib/arm-linux-gnueabihf/libglib-2.0.so.0.5800.3
7377f000-73780000 rw-p 000ff000 b3:02 11057      /usr/lib/arm-linux-gnueabihf/libglib-2.0.so.0.5800.3
73780000-738e6000 r-xp 00000000 b3:02 11054      /usr/lib/arm-linux-gnueabihf/libgio-2.0.so.0.5800.3
738e6000-738f6000 ---p 00166000 b3:02 11054      /usr/lib/arm-linux-gnueabihf/libgio-2.0.so.0.5800.3
738f6000-738fa000 r--p 00166000 b3:02 11054      /usr/lib/arm-linux-gnueabihf/libgio-2.0.so.0.5800.3
738fa000-738fb000 rw-p 0016a000 b3:02 11054      /usr/lib/arm-linux-gnueabihf/libgio-2.0.so.0.5800.3
738fb000-738fc000 rw-p 00000000 00:00 0 
738fc000-73904000 r-xp 00000000 b3:02 10854      /usr/lib/arm-linux-gnueabihf/libXrender.so.1.3.0
73904000-73913000 ---p 00008000 b3:02 10854      /usr/lib/arm-linux-gnueabihf/libXrender.so.1.3.0
73913000-73914000 r--p 00007000 b3:02 10854      /usr/lib/arm-linux-gnueabihf/libXrender.so.1.3.0
73914000-73915000 rw-p 00008000 b3:02 10854      /usr/lib/arm-linux-gnueabihf/libXrender.so.1.3.0
73915000-739a4000 r-xp 00000000 b3:02 2501       /usr/lib/arm-linux-gnueabihf/libfreetype.so.6.16.1
739a4000-739b3000 ---p 0008f000 b3:02 2501       /usr/lib/arm-linux-gnueabihf/libfreetype.so.6.16.1
739b3000-739b7000 r--p 0008e000 b3:02 2501       /usr/lib/arm-linux-gnueabihf/libfreetype.so.6.16.1
739b7000-739b8000 rw-p 00092000 b3:02 2501       /usr/lib/arm-linux-gnueabihf/libfreetype.so.6.16.1
739b8000-73aeb000 r-xp 00000000 b3:02 903915     /usr/lib/jvm/bellsoft-java13-arm32-vfp-hflt/lib/libfontmanager.so
73aeb000-73afb000 ---p 00133000 b3:02 903915     /usr/lib/jvm/bellsoft-java13-arm32-vfp-hflt/lib/libfontmanager.so
73afb000-73afc000 r--p 00133000 b3:02 903915     /usr/lib/jvm/bellsoft-java13-arm32-vfp-hflt/lib/libfontmanager.so
73afc000-73afd000 rw-p 00134000 b3:02 903915     /usr/lib/jvm/bellsoft-java13-arm32-vfp-hflt/lib/libfontmanager.so
73afd000-73c00000 rw-p 00000000 00:00 0 
73c00000-73ca1000 rw-p 00000000 00:00 0 
73ca1000-73d00000 ---p 00000000 00:00 0 
73d00000-73d02000 r-xp 00000000 b3:02 11060      /usr/lib/arm-linux-gnueabihf/libgmodule-2.0.so.0.5800.3
73d02000-73d12000 ---p 00002000 b3:02 11060      /usr/lib/arm-linux-gnueabihf/libgmodule-2.0.so.0.5800.3
73d12000-73d13000 r--p 00002000 b3:02 11060      /usr/lib/arm-linux-gnueabihf/libgmodule-2.0.so.0.5800.3
73d13000-73d14000 rw-p 00003000 b3:02 11060      /usr/lib/arm-linux-gnueabihf/libgmodule-2.0.so.0.5800.3
73d14000-73d1c000 r-xp 00000000 b3:02 10853      /usr/lib/arm-linux-gnueabihf/libXrandr.so.2.2.0
73d1c000-73d2b000 ---p 00008000 b3:02 10853      /usr/lib/arm-linux-gnueabihf/libXrandr.so.2.2.0
73d2b000-73d2c000 r--p 00007000 b3:02 10853      /usr/lib/arm-linux-gnueabihf/libXrandr.so.2.2.0
73d2c000-73d2d000 rw-p 00008000 b3:02 10853      /usr/lib/arm-linux-gnueabihf/libXrandr.so.2.2.0
73d2d000-73d47000 r-xp 00000000 b3:02 2106       /lib/arm-linux-gnueabihf/libz.so.1.2.11
73d47000-73d56000 ---p 0001a000 b3:02 2106       /lib/arm-linux-gnueabihf/libz.so.1.2.11
73d56000-73d57000 r--p 00019000 b3:02 2106       /lib/arm-linux-gnueabihf/libz.so.1.2.11
73d57000-73d58000 rw-p 0001a000 b3:02 2106       /lib/arm-linux-gnueabihf/libz.so.1.2.11
73d58000-73d83000 r-xp 00000000 b3:02 11265      /usr/lib/arm-linux-gnueabihf/libpng16.so.16.36.0
73d83000-73d92000 ---p 0002b000 b3:02 11265      /usr/lib/arm-linux-gnueabihf/libpng16.so.16.36.0
73d92000-73d93000 r--p 0002a000 b3:02 11265      /usr/lib/arm-linux-gnueabihf/libpng16.so.16.36.0
73d93000-73d94000 rw-p 0002b000 b3:02 11265      /usr/lib/arm-linux-gnueabihf/libpng16.so.16.36.0
73d94000-73da2000 r-xp 00000000 b3:02 10844      /usr/lib/arm-linux-gnueabihf/libXext.so.6.4.0
73da2000-73db1000 ---p 0000e000 b3:02 10844      /usr/lib/arm-linux-gnueabihf/libXext.so.6.4.0
73db1000-73db2000 r--p 0000d000 b3:02 10844      /usr/lib/arm-linux-gnueabihf/libXext.so.6.4.0
73db2000-73db3000 rw-p 0000e000 b3:02 10844      /usr/lib/arm-linux-gnueabihf/libXext.so.6.4.0
73db3000-73db5000 r-xp 00000000 b3:02 10849      /usr/lib/arm-linux-gnueabihf/libXinerama.so.1.0.0
73db5000-73dc4000 ---p 00002000 b3:02 10849      /usr/lib/arm-linux-gnueabihf/libXinerama.so.1.0.0
73dc4000-73dc5000 r--p 00001000 b3:02 10849      /usr/lib/arm-linux-gnueabihf/libXinerama.so.1.0.0
73dc5000-73dc6000 rw-p 00002000 b3:02 10849      /usr/lib/arm-linux-gnueabihf/libXinerama.so.1.0.0
73dc6000-73ec6000 rw-p 00000000 00:00 0 
73ec6000-73eeb000 r--p 00000000 b3:02 37579      /usr/share/locale/pl/LC_MESSAGES/libc.mo
73eeb000-73eee000 ---p 00000000 00:00 0 
73eee000-73f3b000 rw-p 00000000 00:00 0 
73f3b000-74049000 r-xp 00000000 b3:02 24100      /usr/lib/arm-linux-gnueabihf/libX11.so.6.3.0
74049000-74059000 ---p 0010e000 b3:02 24100      /usr/lib/arm-linux-gnueabihf/libX11.so.6.3.0
74059000-7405a000 r--p 0010e000 b3:02 24100      /usr/lib/arm-linux-gnueabihf/libX11.so.6.3.0
7405a000-7405d000 rw-p 0010f000 b3:02 24100      /usr/lib/arm-linux-gnueabihf/libX11.so.6.3.0
7405d000-740b9000 r-xp 00000000 b3:02 903842     /usr/lib/jvm/bellsoft-java13-arm32-vfp-hflt/lib/libawt_xawt.so
740b9000-740c8000 ---p 0005c000 b3:02 903842     /usr/lib/jvm/bellsoft-java13-arm32-vfp-hflt/lib/libawt_xawt.so
740c8000-740c9000 r--p 0005b000 b3:02 903842     /usr/lib/jvm/bellsoft-java13-arm32-vfp-hflt/lib/libawt_xawt.so
740c9000-740cb000 rw-p 0005c000 b3:02 903842     /usr/lib/jvm/bellsoft-java13-arm32-vfp-hflt/lib/libawt_xawt.so
740cb000-740cd000 rw-p 00000000 00:00 0 
740cd000-74143000 r-xp 00000000 b3:02 903866     /usr/lib/jvm/bellsoft-java13-arm32-vfp-hflt/lib/libawt.so
74143000-74152000 ---p 00076000 b3:02 903866     /usr/lib/jvm/bellsoft-java13-arm32-vfp-hflt/lib/libawt.so
74152000-74153000 r--p 00075000 b3:02 903866     /usr/lib/jvm/bellsoft-java13-arm32-vfp-hflt/lib/libawt.so
74153000-7415a000 rw-p 00076000 b3:02 903866     /usr/lib/jvm/bellsoft-java13-arm32-vfp-hflt/lib/libawt.so
7415a000-7417e000 rw-p 00000000 00:00 0 
7417e000-7417f000 ---p 00000000 00:00 0 
7417f000-74300000 rw-p 00000000 00:00 0 
74300000-743ef000 rw-p 00000000 00:00 0 
743ef000-74400000 ---p 00000000 00:00 0 
74410000-74413000 ---p 00000000 00:00 0 
74413000-74460000 rw-p 00000000 00:00 0 
74460000-74463000 ---p 00000000 00:00 0 
74463000-744b0000 rw-p 00000000 00:00 0 
744b0000-744b3000 ---p 00000000 00:00 0 
744b3000-74500000 rw-p 00000000 00:00 0 
74500000-74600000 rw-p 00000000 00:00 0 
7460e000-74625000 r-xp 00000000 b3:02 10926      /usr/lib/arm-linux-gnueabihf/libbsd.so.0.9.1
74625000-74634000 ---p 00017000 b3:02 10926      /usr/lib/arm-linux-gnueabihf/libbsd.so.0.9.1
74634000-74635000 r--p 00016000 b3:02 10926      /usr/lib/arm-linux-gnueabihf/libbsd.so.0.9.1
74635000-74636000 rw-p 00017000 b3:02 10926      /usr/lib/arm-linux-gnueabihf/libbsd.so.0.9.1
74636000-74639000 ---p 00000000 00:00 0 
74639000-74686000 rw-p 00000000 00:00 0 
74686000-74900000 r--p 0006b000 b3:02 51535      /usr/lib/locale/locale-archive
74900000-74b00000 r--p 00000000 b3:02 51535      /usr/lib/locale/locale-archive
74b00000-74b95000 rw-p 00000000 00:00 0 
74b95000-74c00000 ---p 00000000 00:00 0 
74c04000-74c0a000 r-xp 00000000 b3:02 2087       /lib/arm-linux-gnueabihf/librt-2.28.so
74c0a000-74c19000 ---p 00006000 b3:02 2087       /lib/arm-linux-gnueabihf/librt-2.28.so
74c19000-74c1a000 r--p 00005000 b3:02 2087       /lib/arm-linux-gnueabihf/librt-2.28.so
74c1a000-74c1b000 rw-p 00006000 b3:02 2087       /lib/arm-linux-gnueabihf/librt-2.28.so
74c1b000-74c1f000 r-xp 00000000 b3:02 10843      /usr/lib/arm-linux-gnueabihf/libXdmcp.so.6.0.0
74c1f000-74c2e000 ---p 00004000 b3:02 10843      /usr/lib/arm-linux-gnueabihf/libXdmcp.so.6.0.0
74c2e000-74c2f000 r--p 00003000 b3:02 10843      /usr/lib/arm-linux-gnueabihf/libXdmcp.so.6.0.0
74c2f000-74c30000 rw-p 00004000 b3:02 10843      /usr/lib/arm-linux-gnueabihf/libXdmcp.so.6.0.0
74c30000-74c33000 ---p 00000000 00:00 0 
74c33000-74cb0000 rw-p 00000000 00:00 0 
74cb0000-74cb3000 ---p 00000000 00:00 0 
74cb3000-74d00000 rw-p 00000000 00:00 0 
74d00000-74dfd000 rw-p 00000000 00:00 0 
74dfd000-74e00000 ---p 00000000 00:00 0 
74e03000-74e21000 r-xp 00000000 b3:02 11429      /usr/lib/arm-linux-gnueabihf/libxcb.so.1.1.0
74e21000-74e30000 ---p 0001e000 b3:02 11429      /usr/lib/arm-linux-gnueabihf/libxcb.so.1.1.0
74e30000-74e31000 r--p 0001d000 b3:02 11429      /usr/lib/arm-linux-gnueabihf/libxcb.so.1.1.0
74e31000-74e32000 rw-p 0001e000 b3:02 11429      /usr/lib/arm-linux-gnueabihf/libxcb.so.1.1.0
74e32000-74e33000 ---p 00000000 00:00 0 
74e33000-752fa000 rw-p 00000000 00:00 0 
752fa000-75300000 ---p 00000000 00:00 0 
75300000-753fb000 rw-p 00000000 00:00 0 
753fb000-75400000 ---p 00000000 00:00 0 
7540a000-7541d000 r-xp 00000000 b3:02 903849     /usr/lib/jvm/bellsoft-java13-arm32-vfp-hflt/lib/libnet.so
7541d000-7542c000 ---p 00013000 b3:02 903849     /usr/lib/jvm/bellsoft-java13-arm32-vfp-hflt/lib/libnet.so
7542c000-7542d000 r--p 00012000 b3:02 903849     /usr/lib/jvm/bellsoft-java13-arm32-vfp-hflt/lib/libnet.so
7542d000-7542e000 rw-p 00013000 b3:02 903849     /usr/lib/jvm/bellsoft-java13-arm32-vfp-hflt/lib/libnet.so
7542e000-75431000 ---p 00000000 00:00 0 
75431000-7547e000 rw-p 00000000 00:00 0 
7547e000-7547f000 ---p 00000000 00:00 0 
7547f000-75500000 rw-p 00000000 00:00 0 
75500000-755fa000 rw-p 00000000 00:00 0 
755fa000-75600000 ---p 00000000 00:00 0 
7560f000-7561c000 r-xp 00000000 b3:02 903840     /usr/lib/jvm/bellsoft-java13-arm32-vfp-hflt/lib/libnio.so
7561c000-7562c000 ---p 0000d000 b3:02 903840     /usr/lib/jvm/bellsoft-java13-arm32-vfp-hflt/lib/libnio.so
7562c000-7562d000 r--p 0000d000 b3:02 903840     /usr/lib/jvm/bellsoft-java13-arm32-vfp-hflt/lib/libnio.so
7562d000-7562e000 rw-p 0000e000 b3:02 903840     /usr/lib/jvm/bellsoft-java13-arm32-vfp-hflt/lib/libnio.so
7562e000-75631000 ---p 00000000 00:00 0 
75631000-7567e000 rw-p 00000000 00:00 0 
7567e000-7567f000 ---p 00000000 00:00 0 
7567f000-75700000 rw-p 00000000 00:00 0 
75700000-75721000 rw-p 00000000 00:00 0 
75721000-75800000 ---p 00000000 00:00 0 
75800000-75821000 rw-p 00000000 00:00 0 
75821000-75900000 ---p 00000000 00:00 0 
75900000-75921000 rw-p 00000000 00:00 0 
75921000-75a00000 ---p 00000000 00:00 0 
75a06000-75a07000 rwxs fe100000 00:05 5          /dev/mem
75a09000-75a0f000 r-xp 00000000 b3:02 4478       /tmp/libpi4j-pigpio1157580684806213779.so
75a0f000-75a17000 ---p 00006000 b3:02 4478       /tmp/libpi4j-pigpio1157580684806213779.so
75a17000-75a18000 rw-p 00006000 b3:02 4478       /tmp/libpi4j-pigpio1157580684806213779.so
75a18000-75b63000 rw-p 00000000 00:00 0 
75b63000-7696b000 ---p 00000000 00:00 0 
7696b000-76a5b000 rw-p 00000000 00:00 0 
76a5b000-77863000 ---p 00000000 00:00 0 
77863000-77881000 rw-p 00000000 00:00 0 
77881000-77a42000 ---p 00000000 00:00 0 
77a42000-77a60000 rw-p 00000000 00:00 0 
77a60000-77c21000 ---p 00000000 00:00 0 
77c21000-77c3f000 rw-p 00000000 00:00 0 
77c3f000-77e00000 ---p 00000000 00:00 0 
77e00000-7ba00000 rw-p 00000000 00:00 0 
7ba00000-b3c00000 ---p 00000000 00:00 0 
b3c01000-b3c0c000 r--p 00000000 b3:02 131400     /usr/share/glib-2.0/schemas/gschemas.compiled
b3c0c000-b3c13000 r--s 00000000 b3:02 11747      /usr/lib/arm-linux-gnueabihf/gconv/gconv-modules.cache
b3c13000-b3c33000 rw-p 00000000 00:00 0 
b3c33000-b3c34000 ---p 00000000 00:00 0 
b3c34000-b3cb5000 rw-p 00000000 00:00 0 
b3cb5000-b3cb6000 ---p 00000000 00:00 0 
b3cb6000-b3d37000 rw-p 00000000 00:00 0 
b3d37000-b3d38000 ---p 00000000 00:00 0 
b3d38000-b3dbc000 rw-p 00000000 00:00 0 
b3dbc000-b3df9000 ---p 00000000 00:00 0 
b3df9000-b3f79000 rwxp 00000000 00:00 0 
b3f79000-b5df9000 ---p 00000000 00:00 0 
b5df9000-b5fbd000 r--s 00000000 b3:02 903900     /usr/lib/jvm/bellsoft-java13-arm32-vfp-hflt/lib/modules
b5fbd000-b5fcb000 r-xp 00000000 b3:02 903921     /usr/lib/jvm/bellsoft-java13-arm32-vfp-hflt/lib/libjimage.so
b5fcb000-b5fdb000 ---p 0000e000 b3:02 903921     /usr/lib/jvm/bellsoft-java13-arm32-vfp-hflt/lib/libjimage.so
b5fdb000-b5fdc000 r--p 0000e000 b3:02 903921     /usr/lib/jvm/bellsoft-java13-arm32-vfp-hflt/lib/libjimage.so
b5fdc000-b5fdd000 rw-p 0000f000 b3:02 903921     /usr/lib/jvm/bellsoft-java13-arm32-vfp-hflt/lib/libjimage.so
b5fdd000-b5fef000 r-xp 00000000 b3:02 903913     /usr/lib/jvm/bellsoft-java13-arm32-vfp-hflt/lib/libzip.so
b5fef000-b5ffe000 ---p 00012000 b3:02 903913     /usr/lib/jvm/bellsoft-java13-arm32-vfp-hflt/lib/libzip.so
b5ffe000-b5fff000 r--p 00011000 b3:02 903913     /usr/lib/jvm/bellsoft-java13-arm32-vfp-hflt/lib/libzip.so
b5fff000-b6000000 rw-p 00012000 b3:02 903913     /usr/lib/jvm/bellsoft-java13-arm32-vfp-hflt/lib/libzip.so
b6000000-b60f3000 rw-p 00000000 00:00 0 
b60f3000-b6100000 ---p 00000000 00:00 0 
b6100000-b6102000 r-xp 00000000 b3:02 10838      /usr/lib/arm-linux-gnueabihf/libXau.so.6.0.0
b6102000-b6111000 ---p 00002000 b3:02 10838      /usr/lib/arm-linux-gnueabihf/libXau.so.6.0.0
b6111000-b6112000 r--p 00001000 b3:02 10838      /usr/lib/arm-linux-gnueabihf/libXau.so.6.0.0
b6112000-b6113000 rw-p 00002000 b3:02 10838      /usr/lib/arm-linux-gnueabihf/libXau.so.6.0.0
b6113000-b611c000 r-xp 00000000 b3:02 2059       /lib/arm-linux-gnueabihf/libnss_files-2.28.so
b611c000-b612c000 ---p 00009000 b3:02 2059       /lib/arm-linux-gnueabihf/libnss_files-2.28.so
b612c000-b612d000 r--p 00009000 b3:02 2059       /lib/arm-linux-gnueabihf/libnss_files-2.28.so
b612d000-b612e000 rw-p 0000a000 b3:02 2059       /lib/arm-linux-gnueabihf/libnss_files-2.28.so
b612e000-b6134000 rw-p 00000000 00:00 0 
b6134000-b613d000 r-xp 00000000 b3:02 903841     /usr/lib/jvm/bellsoft-java13-arm32-vfp-hflt/lib/libinstrument.so
b613d000-b614c000 ---p 00009000 b3:02 903841     /usr/lib/jvm/bellsoft-java13-arm32-vfp-hflt/lib/libinstrument.so
b614c000-b614d000 r--p 00008000 b3:02 903841     /usr/lib/jvm/bellsoft-java13-arm32-vfp-hflt/lib/libinstrument.so
b614d000-b614e000 rw-p 00009000 b3:02 903841     /usr/lib/jvm/bellsoft-java13-arm32-vfp-hflt/lib/libinstrument.so
b614e000-b616b000 r-xp 00000000 b3:02 903874     /usr/lib/jvm/bellsoft-java13-arm32-vfp-hflt/lib/libjava.so
b616b000-b617a000 ---p 0001d000 b3:02 903874     /usr/lib/jvm/bellsoft-java13-arm32-vfp-hflt/lib/libjava.so
b617a000-b617b000 r--p 0001c000 b3:02 903874     /usr/lib/jvm/bellsoft-java13-arm32-vfp-hflt/lib/libjava.so
b617b000-b617c000 rw-p 0001d000 b3:02 903874     /usr/lib/jvm/bellsoft-java13-arm32-vfp-hflt/lib/libjava.so
b617c000-b6186000 r-xp 00000000 b3:02 903909     /usr/lib/jvm/bellsoft-java13-arm32-vfp-hflt/lib/libverify.so
b6186000-b6195000 ---p 0000a000 b3:02 903909     /usr/lib/jvm/bellsoft-java13-arm32-vfp-hflt/lib/libverify.so
b6195000-b6196000 r--p 00009000 b3:02 903909     /usr/lib/jvm/bellsoft-java13-arm32-vfp-hflt/lib/libverify.so
b6196000-b6197000 rw-p 0000a000 b3:02 903909     /usr/lib/jvm/bellsoft-java13-arm32-vfp-hflt/lib/libverify.so
b6197000-b619a000 ---p 00000000 00:00 0 
b619a000-b61e7000 rw-p 00000000 00:00 0 
b61e7000-b6258000 r-xp 00000000 b3:02 2046       /lib/arm-linux-gnueabihf/libm-2.28.so
b6258000-b6267000 ---p 00071000 b3:02 2046       /lib/arm-linux-gnueabihf/libm-2.28.so
b6267000-b6268000 r--p 00070000 b3:02 2046       /lib/arm-linux-gnueabihf/libm-2.28.so
b6268000-b6269000 rw-p 00071000 b3:02 2046       /lib/arm-linux-gnueabihf/libm-2.28.so
b6269000-b6d47000 r-xp 00000000 b3:02 903912     /usr/lib/jvm/bellsoft-java13-arm32-vfp-hflt/lib/server/libjvm.so
b6d47000-b6d57000 ---p 00ade000 b3:02 903912     /usr/lib/jvm/bellsoft-java13-arm32-vfp-hflt/lib/server/libjvm.so
b6d57000-b6d92000 r--p 00ade000 b3:02 903912     /usr/lib/jvm/bellsoft-java13-arm32-vfp-hflt/lib/server/libjvm.so
b6d92000-b6db2000 rw-p 00b19000 b3:02 903912     /usr/lib/jvm/bellsoft-java13-arm32-vfp-hflt/lib/server/libjvm.so
b6db2000-b6dec000 rw-p 00000000 00:00 0 
b6dec000-b6f24000 r-xp 00000000 b3:02 2020       /lib/arm-linux-gnueabihf/libc-2.28.so
b6f24000-b6f34000 ---p 00138000 b3:02 2020       /lib/arm-linux-gnueabihf/libc-2.28.so
b6f34000-b6f36000 r--p 00138000 b3:02 2020       /lib/arm-linux-gnueabihf/libc-2.28.so
b6f36000-b6f37000 rw-p 0013a000 b3:02 2020       /lib/arm-linux-gnueabihf/libc-2.28.so
b6f37000-b6f3a000 rw-p 00000000 00:00 0 
b6f3a000-b6f3c000 r-xp 00000000 b3:02 2029       /lib/arm-linux-gnueabihf/libdl-2.28.so
b6f3c000-b6f4b000 ---p 00002000 b3:02 2029       /lib/arm-linux-gnueabihf/libdl-2.28.so
b6f4b000-b6f4c000 r--p 00001000 b3:02 2029       /lib/arm-linux-gnueabihf/libdl-2.28.so
b6f4c000-b6f4d000 rw-p 00002000 b3:02 2029       /lib/arm-linux-gnueabihf/libdl-2.28.so
b6f4d000-b6f64000 r-xp 00000000 b3:02 2083       /lib/arm-linux-gnueabihf/libpthread-2.28.so
b6f64000-b6f73000 ---p 00017000 b3:02 2083       /lib/arm-linux-gnueabihf/libpthread-2.28.so
b6f73000-b6f74000 r--p 00016000 b3:02 2083       /lib/arm-linux-gnueabihf/libpthread-2.28.so
b6f74000-b6f75000 rw-p 00017000 b3:02 2083       /lib/arm-linux-gnueabihf/libpthread-2.28.so
b6f75000-b6f77000 rw-p 00000000 00:00 0 
b6f7c000-b6f8c000 rw-p 00000000 00:00 0 
b6f8c000-b6fa1000 r-xp 00000000 b3:02 903894     /usr/lib/jvm/bellsoft-java13-arm32-vfp-hflt/lib/libjli.so
b6fa1000-b6fb1000 ---p 00015000 b3:02 903894     /usr/lib/jvm/bellsoft-java13-arm32-vfp-hflt/lib/libjli.so
b6fb1000-b6fb2000 r--p 00015000 b3:02 903894     /usr/lib/jvm/bellsoft-java13-arm32-vfp-hflt/lib/libjli.so
b6fb2000-b6fb3000 rw-p 00016000 b3:02 903894     /usr/lib/jvm/bellsoft-java13-arm32-vfp-hflt/lib/libjli.so
b6fb3000-b6fb7000 r-xp 00000000 b3:02 10875      /usr/lib/arm-linux-gnueabihf/libarmmem-v7l.so
b6fb7000-b6fc6000 ---p 00004000 b3:02 10875      /usr/lib/arm-linux-gnueabihf/libarmmem-v7l.so
b6fc6000-b6fc7000 r--p 00003000 b3:02 10875      /usr/lib/arm-linux-gnueabihf/libarmmem-v7l.so
b6fc7000-b6fc8000 rw-p 00004000 b3:02 10875      /usr/lib/arm-linux-gnueabihf/libarmmem-v7l.so
b6fc8000-b6fe8000 r-xp 00000000 b3:02 1944       /lib/arm-linux-gnueabihf/ld-2.28.so
b6fe8000-b6fe9000 r--p 00000000 b3:02 515364     /home/pi/.config/dconf/user
b6fe9000-b6fea000 r--s 00000000 00:28 26         /run/user/1000/dconf/user
b6fea000-b6ff2000 rw-s 00000000 b3:02 901566     /tmp/hsperfdata_root/1900
b6ff2000-b6ff3000 r--p 00000000 00:00 0 
b6ff3000-b6ff4000 ---p 00000000 00:00 0 
b6ff4000-b6ff8000 rw-p 00000000 00:00 0 
b6ff8000-b6ff9000 r--p 00020000 b3:02 1944       /lib/arm-linux-gnueabihf/ld-2.28.so
b6ff9000-b6ffa000 rw-p 00021000 b3:02 1944       /lib/arm-linux-gnueabihf/ld-2.28.so
be9ce000-be9ef000 rw-p 00000000 00:00 0          [stack]
bec2f000-bec30000 r-xp 00000000 00:00 0          [sigpage]
bec30000-bec31000 r--p 00000000 00:00 0          [vvar]
bec31000-bec32000 r-xp 00000000 00:00 0          [vdso]
ffff0000-ffff1000 r-xp 00000000 00:00 0          [vectors]


VM Arguments:
jvm_args: -javaagent:/home/pi/Desktop/idea-IC-202.7660.26/lib/idea_rt.jar=34107:/home/pi/Desktop/idea-IC-202.7660.26/bin -Dfile.encoding=UTF-8 --module-path=/root/IdeaProjects/pi4j-example-minimal/target/classes:/root/.m2/repository/org/slf4j/slf4j-api/2.0.0-alpha0/slf4j-api-2.0.0-alpha0.jar:/root/.m2/repository/org/slf4j/slf4j-simple/2.0.0-alpha0/slf4j-simple-2.0.0-alpha0.jar:/root/.m2/repository/com/pi4j/pi4j-core/2.0-SNAPSHOT/pi4j-core-2.0-20210326.183037-28.jar:/root/.m2/repository/com/pi4j/pi4j-plugin-raspberrypi/2.0-SNAPSHOT/pi4j-plugin-raspberrypi-2.0-20210326.183059-37.jar:/root/.m2/repository/com/pi4j/pi4j-plugin-pigpio/2.0-SNAPSHOT/pi4j-plugin-pigpio-2.0-20210326.183053-37.jar:/root/.m2/repository/com/pi4j/pi4j-library-pigpio/2.0-SNAPSHOT/pi4j-library-pigpio-2.0-20210326.183020-46.jar -Djdk.module.main=com.pi4j.example 
java_command: com.pi4j.example/com.pi4j.example.Test
java_class_path (initial): <not set>
Launcher Type: SUN_STANDARD

[Global flags]
     uint ConcGCThreads                            = 1                                         {product} {ergonomic}
     uint G1ConcRefinementThreads                  = 4                                         {product} {ergonomic}
   size_t G1HeapRegionSize                         = 1048576                                   {product} {ergonomic}
    uintx GCDrainStackTargetSize                   = 64                                        {product} {ergonomic}
   size_t InitialHeapSize                          = 62914560                                  {product} {ergonomic}
   size_t MarkStackSize                            = 32768                                     {product} {ergonomic}
   size_t MaxHeapSize                              = 1004535808                                {product} {ergonomic}
   size_t MaxNewSize                               = 601882624                                 {product} {ergonomic}
   size_t MinHeapDeltaBytes                        = 1048576                                   {product} {ergonomic}
   size_t MinHeapSize                              = 6291456                                   {product} {ergonomic}
    uintx NonProfiledCodeHeapSize                  = 0                                      {pd product} {ergonomic}
    uintx ProfiledCodeHeapSize                     = 0                                      {pd product} {ergonomic}
   size_t SoftMaxHeapSize                          = 1004535808                             {manageable} {ergonomic}
     bool UseAOT                                   = false                                     {product} {ergonomic}
     bool UseG1GC                                  = true                                      {product} {ergonomic}

Logging:
Log output configuration:
 #0: stdout all=warning uptime,level,tags
 #1: stderr all=off uptime,level,tags

Environment Variables:
PATH=/usr/local/sbin:/usr/local/bin:/usr/sbin:/usr/bin:/sbin:/bin:/usr/local/games:/usr/games:/opt/apache-maven-3.6.3/bin
SHELL=/bin/bash
DISPLAY=:0.0

Signal Handlers:
SIGSEGV: [libjvm.so+0xa2a368], sa_mask[0]=11111111011111111101111111111110, sa_flags=SA_RESTART|SA_SIGINFO
SIGBUS: [libjvm.so+0xa2a368], sa_mask[0]=11111111011111111101111111111110, sa_flags=SA_RESTART|SA_SIGINFO
SIGFPE: [libjvm.so+0xa2a368], sa_mask[0]=11111111011111111101111111111110, sa_flags=SA_RESTART|SA_SIGINFO
SIGPIPE: SIG_IGN, sa_mask[0]=00000000000010000000000000000000, sa_flags=SA_RESTART
SIGXFSZ: [libjvm.so+0x823ebc], sa_mask[0]=11111111011111111101111111111110, sa_flags=SA_RESTART|SA_SIGINFO
SIGILL: [libjvm.so+0xa2a368], sa_mask[0]=11111111011111111101111111111110, sa_flags=SA_RESTART|SA_SIGINFO
SIGUSR2: [libjvm.so+0x823d50], sa_mask[0]=00100000000000000000000000000000, sa_flags=SA_RESTART|SA_SIGINFO
SIGHUP: [libjvm.so+0x824600], sa_mask[0]=11111111011111111101111111111110, sa_flags=SA_RESTART|SA_SIGINFO
SIGINT: [libjvm.so+0x824600], sa_mask[0]=11111111011111111101111111111110, sa_flags=SA_RESTART|SA_SIGINFO
SIGTERM: [libjvm.so+0x824600], sa_mask[0]=11111111011111111101111111111110, sa_flags=SA_RESTART|SA_SIGINFO
SIGQUIT: [libjvm.so+0x824600], sa_mask[0]=11111111011111111101111111111110, sa_flags=SA_RESTART|SA_SIGINFO


---------------  S Y S T E M  ---------------

OS:PRETTY_NAME="Raspbian GNU/Linux 10 (buster)"
NAME="Raspbian GNU/Linux"
VERSION_ID="10"
VERSION="10 (buster)"
VERSION_CODENAME=buster
ID=raspbian
ID_LIKE=debian
HOME_URL="http://www.raspbian.org/"
SUPPORT_URL="http://www.raspbian.org/RaspbianForums"
BUG_REPORT_URL="http://www.raspbian.org/RaspbianBugs"
uname:Linux 5.10.17-v7l+ #1403 SMP Mon Feb 22 11:33:35 GMT 2021 armv7l
libc:glibc 2.28 NPTL 2.28 
rlimit: STACK 8192k, CORE 0k, NPROC 28554, NOFILE 1048576, AS infinity, DATA infinity, FSIZE infinity
load average:2,38 2,38 1,42

/proc/meminfo:
MemTotal:        3919128 kB
MemFree:         1971752 kB
MemAvailable:    2646032 kB
Buffers:           36848 kB
Cached:           800348 kB
SwapCached:            0 kB
Active:           308044 kB
Inactive:        1522592 kB
Active(anon):        932 kB
Inactive(anon):  1046680 kB
Active(file):     307112 kB
Inactive(file):   475912 kB
Unevictable:       37916 kB
Mlocked:              36 kB
HighTotal:       3264512 kB
HighFree:        1417352 kB
LowTotal:         654616 kB
LowFree:          554400 kB
SwapTotal:        102396 kB
SwapFree:         102396 kB
Dirty:                56 kB
Writeback:             0 kB
AnonPages:       1031408 kB
Mapped:           158988 kB
Shmem:             54176 kB
KReclaimable:      22976 kB
Slab:              42484 kB
SReclaimable:      22976 kB
SUnreclaim:        19508 kB
KernelStack:        2744 kB
PageTables:         7596 kB
NFS_Unstable:          0 kB
Bounce:                0 kB
WritebackTmp:          0 kB
CommitLimit:     2061960 kB
Committed_AS:    2165260 kB
VmallocTotal:     245760 kB
VmallocUsed:        5320 kB
VmallocChunk:          0 kB
Percpu:              512 kB
CmaTotal:         262144 kB
CmaFree:          249648 kB


/proc/sys/kernel/threads-max (system-wide limit on the number of threads):
57108


/proc/sys/vm/max_map_count (maximum number of memory map areas a process may have):
65530


/proc/sys/kernel/pid_max (system-wide limit on number of process identifiers):
32768



/etc/ld.so.preload:
/usr/lib/arm-linux-gnueabihf/libarmmem-${PLATFORM}.so

Steal ticks since vm start: 0
Steal ticks percentage since vm start:  0,000

CPU:total 4 (initial active 4) (ARMv7), vfp, vfp3-32, simd, mp_ext

/proc/cpuinfo:
processor	: 0
model name	: ARMv7 Processor rev 3 (v7l)
BogoMIPS	: 270.00
Features	: half thumb fastmult vfp edsp neon vfpv3 tls vfpv4 idiva idivt vfpd32 lpae evtstrm crc32 
CPU implementer	: 0x41
CPU architecture: 7
CPU variant	: 0x0
CPU part	: 0xd08
CPU revision	: 3

processor	: 1
model name	: ARMv7 Processor rev 3 (v7l)
BogoMIPS	: 270.00
Features	: half thumb fastmult vfp edsp neon vfpv3 tls vfpv4 idiva idivt vfpd32 lpae evtstrm crc32 
CPU implementer	: 0x41
CPU architecture: 7
CPU variant	: 0x0
CPU part	: 0xd08
CPU revision	: 3

processor	: 2
model name	: ARMv7 Processor rev 3 (v7l)
BogoMIPS	: 270.00
Features	: half thumb fastmult vfp edsp neon vfpv3 tls vfpv4 idiva idivt vfpd32 lpae evtstrm crc32 
CPU implementer	: 0x41
CPU architecture: 7
CPU variant	: 0x0
CPU part	: 0xd08
CPU revision	: 3

processor	: 3
model name	: ARMv7 Processor rev 3 (v7l)
BogoMIPS	: 270.00
Features	: half thumb fastmult vfp edsp neon vfpv3 tls vfpv4 idiva idivt vfpd32 lpae evtstrm crc32 
CPU implementer	: 0x41
CPU architecture: 7
CPU variant	: 0x0
CPU part	: 0xd08
CPU revision	: 3

Hardware	: BCM2711
Revision	: c03112
Serial		: 1000000022737370
Model		: Raspberry Pi 4 Model B Rev 1.2

Memory: 4k page, physical 3919128k(1971752k free), swap 102396k(102396k free)

vm_info: OpenJDK Server VM (13-BellSoft+33) for linux-arm-vfp-hflt JRE (13-BellSoft+33), built on Sep 19 2019 13:58:59 by "bellsoft" with gcc 7.3.1 20180425 [linaro-7.3-2018.05 revision d29120a424ecfbc167ef90065c0eeb7f91977701]

END.
