#
# A fatal error has been detected by the Java Runtime Environment:
#
#  SIGSEGV (0xb) at pc=0x70e2e364, pid=4311, tid=6095
#
# JRE version: OpenJDK Runtime Environment (13.0+33) (build 13-BellSoft+33)
# Java VM: OpenJDK Server VM (13-BellSoft+33, mixed mode, g1 gc, linux-arm)
# Problematic frame:
# C  [libpigpio.so.1+0x13364]  gpioWrite+0x138
#
# No core dump will be written. Core dumps have been disabled. To enable core dumping, try "ulimit -c unlimited" before starting Java again
#
# If you would like to submit a bug report, please visit:
#   http://bugreport.java.com/bugreport/crash.jsp
# The crash happened outside the Java Virtual Machine in native code.
# See problematic frame for where to report the bug.
#

---------------  S U M M A R Y ------------

Command Line: -javaagent:/home/pi/Desktop/idea-IC-202.7660.26/lib/idea_rt.jar=42027:/home/pi/Desktop/idea-IC-202.7660.26/bin -Dfile.encoding=UTF-8 --module-path=/root/IdeaProjects/pi4j-example-minimal/target/classes:/root/.m2/repository/org/slf4j/slf4j-api/2.0.0-alpha0/slf4j-api-2.0.0-alpha0.jar:/root/.m2/repository/org/slf4j/slf4j-simple/2.0.0-alpha0/slf4j-simple-2.0.0-alpha0.jar:/root/.m2/repository/com/pi4j/pi4j-core/2.0-SNAPSHOT/pi4j-core-2.0-20210326.183037-28.jar:/root/.m2/repository/com/pi4j/pi4j-plugin-raspberrypi/2.0-SNAPSHOT/pi4j-plugin-raspberrypi-2.0-20210326.183059-37.jar:/root/.m2/repository/com/pi4j/pi4j-plugin-pigpio/2.0-SNAPSHOT/pi4j-plugin-pigpio-2.0-20210326.183053-37.jar:/root/.m2/repository/com/pi4j/pi4j-library-pigpio/2.0-SNAPSHOT/pi4j-library-pigpio-2.0-20210326.183020-46.jar -Djdk.module.main=com.pi4j.example com.pi4j.example/com.pi4j.example.Test

Host: rev 3 (v7l), 4 cores, 3G, Raspbian GNU/Linux 10 (buster)
Time: Wed Apr  7 22:14:05 2021 CEST elapsed time: 5441 seconds (0d 1h 30m 41s)

---------------  T H R E A D  ---------------

Current thread (0x75307000):  JavaThread "pi4j-shutdown" [_thread_in_native, id=6095, stack(0x70660000,0x706b0000)]

Stack: [0x70660000,0x706b0000],  sp=0x706ae7b8,  free space=313k
Native frames: (J=compiled Java code, A=aot compiled Java code, j=interpreted, Vv=VM code, C=native code)
C  [libpigpio.so.1+0x13364]  gpioWrite+0x138
C  0x706ae8d4

Java frames: (J=compiled Java code, j=interpreted, Vv=VM code)
j  com.pi4j.library.pigpio.internal.PIGPIO.gpioWrite(II)I+0 com.pi4j.library.pigpio@2.0-SNAPSHOT
j  com.pi4j.library.pigpio.impl.PiGpioNativeImpl.gpioWrite(ILcom/pi4j/library/pigpio/PiGpioState;)V+53 com.pi4j.library.pigpio@2.0-SNAPSHOT
j  com.pi4j.plugin.pigpio.provider.gpio.digital.PiGpioDigitalOutput.state(Lcom/pi4j/io/gpio/digital/DigitalState;)Lcom/pi4j/io/gpio/digital/DigitalOutput;+15 com.pi4j.plugin.pigpio@2.0-SNAPSHOT
j  com.pi4j.io.gpio.digital.DigitalOutputBase.shutdown(Lcom/pi4j/context/Context;)Lcom/pi4j/io/gpio/digital/DigitalOutput;+46 com.pi4j@2.0-SNAPSHOT
j  com.pi4j.io.gpio.digital.DigitalOutputBase.shutdown(Lcom/pi4j/context/Context;)Ljava/lang/Object;+2 com.pi4j@2.0-SNAPSHOT
j  com.pi4j.registry.impl.DefaultRuntimeRegistry.remove(Ljava/lang/String;)Lcom/pi4j/io/IO;+49 com.pi4j@2.0-SNAPSHOT
j  com.pi4j.registry.impl.DefaultRuntimeRegistry.lambda$shutdown$0(Lcom/pi4j/io/IO;)V+7 com.pi4j@2.0-SNAPSHOT
j  com.pi4j.registry.impl.DefaultRuntimeRegistry$$Lambda$185.accept(Ljava/lang/Object;)V+8 com.pi4j@2.0-SNAPSHOT
j  java.util.concurrent.ConcurrentHashMap$ValuesView.forEach(Ljava/util/function/Consumer;)V+54 java.base@13-BellSoft
j  java.util.Collections$UnmodifiableCollection.forEach(Ljava/util/function/Consumer;)V+5 java.base@13-BellSoft
j  com.pi4j.registry.impl.DefaultRuntimeRegistry.shutdown()Lcom/pi4j/registry/impl/RuntimeRegistry;+15 com.pi4j@2.0-SNAPSHOT
j  com.pi4j.runtime.impl.DefaultRuntime.shutdown()Lcom/pi4j/runtime/Runtime;+27 com.pi4j@2.0-SNAPSHOT
j  com.pi4j.runtime.impl.DefaultRuntime.lambda$new$2()V+8 com.pi4j@2.0-SNAPSHOT
j  com.pi4j.runtime.impl.DefaultRuntime$$Lambda$172.run()V+4 com.pi4j@2.0-SNAPSHOT
j  java.lang.Thread.run()V+11 java.base@13-BellSoft
v  ~StubRoutines::call_stub

siginfo: si_signo: 11 (SIGSEGV), si_code: 1 (SEGV_MAPERR), si_addr: 0x00000007

Register to memory mapping:

  r0  = 0x00000001
0x00000001 is an unknown value

  r1  = 0xffffffff
0xffffffff is an unknown value

  r2  = 0x0000000a
0x0000000a is an unknown value

  r3  = 0x00000002
0x00000002 is an unknown value

  r4  = 0x00000002
0x00000002 is an unknown value

  r5  = 0x00000000
0x0 is NULL

  r6  = 0xb6fe6968
0xb6fe6968: __stack_chk_guard+0x00000000 in /lib/ld-linux-armhf.so.3 at 0xb6fb6000

  r7  = 0x00400000
0x00400000 is an unknown value

  r8  = 0x0000000a
0x0000000a is an unknown value

  r9  = 0x0000002c
0x0000002c is an unknown value

  r10 = 0x75307000
0x75307000 is a thread

  fp  = 0x706ae89c
0x706ae89c is pointing into the stack for thread: 0x75307000

  r12 = 0x00000007
0x00000007 is an unknown value

  sp  = 0x706ae7b8
0x706ae7b8 is pointing into the stack for thread: 0x75307000

  lr  = 0xb3e00460
0xb3e00460 is at code_begin+576 in an Interpreter codelet
method entry point (kind = native)  [0xb3e00220, 0xb3e005f0]  976 bytes

  pc  = 0x70e2e364
0x70e2e364: gpioWrite+0x00000138 in /usr/lib/libpigpio.so.1 at 0x70e1b000



Registers:
  r0  = 0x00000001
  r1  = 0xffffffff
  r2  = 0x0000000a
  r3  = 0x00000002
  r4  = 0x00000002
  r5  = 0x00000000
  r6  = 0xb6fe6968
  r7  = 0x00400000
  r8  = 0x0000000a
  r9  = 0x0000002c
  r10 = 0x75307000
  fp  = 0x706ae89c
  r12 = 0x00000007
  sp  = 0x706ae7b8
  lr  = 0xb3e00460
  pc  = 0x70e2e364
  cpsr = 0x60000010

Top of Stack: (sp=0x706ae7b8)
0x706ae7b8:   00000000 b63a1c80 00000003 706ae838
0x706ae7c8:   00000000 b6d80000 00000003 00000006
0x706ae7d8:   706ae824 b69cffbc b6d9e8cc 00000001
0x706ae7e8:   706ae824 7b0866e0 706ae838 85057200
0x706ae7f8:   b3e2a420 7560395c b3dfe9f8 00000000
0x706ae808:   706ae8ac 7102c050 75307000 b3e00460
0x706ae818:   7aa30338 712214c0 00000000 706ae830
0x706ae828:   706ae85c b3dfcb70 00000000 7abaa798 

Instructions: (pc=0x70e2e364)
0x70e2e264:   9a000002 e5921060 e2111b01 0a000049
0x70e2e274:   e59f3344 e08f3003 e513377c e3530000
0x70e2e284:   0a00009e e3540035 8a0000b1 e3550001
0x70e2e294:   8a000084 e1a09084 e59f3320 e0891004
0x70e2e2a4:   e08f3003 e0833101 e59f2314 e5d336c4
0x70e2e2b4:   e3a07001 e08f2002 e204001f e1530007
0x70e2e2c4:   e5921030 e1a07017 e1a082a4 0a000019
0x70e2e2d4:   e3550000 0288200a 12882007 e2433002
0x70e2e2e4:   e7817102 e3530003 908ff103 ea00000b
0x70e2e2f4:   ea00005c ea00004b ea000000 eaffffff
0x70e2e304:   e59f22c0 e0890004 e08f2002 e2823d1b
0x70e2e314:   e2833004 e0833100 e3a02000 e1c320b2
0x70e2e324:   e59f32a4 e0899004 e08f3003 e0839109
0x70e2e334:   e3a02001 e5c926c4 e59f3290 e3a00001
0x70e2e344:   e3a0c007 e0832493 e3550000 e1a031a3
0x70e2e354:   0288800a e0832103 12888007 e0444012
0x70e2e364:   e7912103 e0844014 e1c2241c e1824410
0x70e2e374:   01a00005 13a00000 e7814103 e7817108
0x70e2e384:   e59d203c e5963000 e1520003 1a000086
0x70e2e394:   e28dd040 e8bd87f0 e59f3234 e59f8234
0x70e2e3a4:   e28da008 e7973003 e08f8008 e1a0000a
0x70e2e3b4:   e5939000 ebffc318 e5983108 e59d2008
0x70e2e3c4:   e1520003 0a00000b e1a0000a e28da010
0x70e2e3d4:   e1a0100a ebffc2d4 e59f21fc e1a0300a
0x70e2e3e4:   e08f2002 e3a01020 e2880e11 ebffc346
0x70e2e3f4:   e59d3008 e5883108 e59f31e0 e59f21e0
0x70e2e404:   e59f11e0 e08f3003 e08f2002 e1cd40f0
0x70e2e414:   e1a00009 e2833fda e2822e11 e08f1001
0x70e2e424:   ebffc38d eaffff91 e59f21bc e089a004
0x70e2e434:   e08f2002 e2823d1b e2833004 e083a10a
0x70e2e444:   e3a02000 e1da10b2 e1a00004 ebffd008
0x70e2e454:   e59f3198 e3a02000 e08f3003 e1ca20b2 


Stack slot to memory mapping:
stack at sp + 0 slots: 0x0 is NULL
stack at sp + 1 slots: 0xb63a1c80: <offset 0x0014ac80> in /usr/lib/jvm/bellsoft-java13-arm32-vfp-hflt/lib/server/libjvm.so at 0xb6257000
stack at sp + 2 slots: 0x00000003 is an unknown value
stack at sp + 3 slots: 0x706ae838 is pointing into the stack for thread: 0x75307000
stack at sp + 4 slots: 0x0 is NULL
stack at sp + 5 slots: 0xb6d80000: <offset 0x00b29000> in /usr/lib/jvm/bellsoft-java13-arm32-vfp-hflt/lib/server/libjvm.so at 0xb6257000
stack at sp + 6 slots: 0x00000003 is an unknown value
stack at sp + 7 slots: 0x00000006 is an unknown value


---------------  P R O C E S S  ---------------

Threads class SMR info:
_java_thread_list=0x75313b78, length=20, elements={
0x74d61800, 0x74d63800, 0x74d72000, 0x74d73800,
0x74d75000, 0x74dd8400, 0x74442400, 0x74443800,
0x75300c00, 0x7333f400, 0x73340800, 0x73343c00,
0x73344c00, 0xb6013000, 0x75305000, 0x75306000,
0x75307000, 0x75308000, 0x75309400, 0x75312800
}

Java Threads: ( => current thread )
  0x74d61800 JavaThread "Reference Handler" daemon [_thread_blocked, id=4326, stack(0x7562e000,0x7567e000)]
  0x74d63800 JavaThread "Finalizer" daemon [_thread_blocked, id=4328, stack(0x7542e000,0x7547e000)]
  0x74d72000 JavaThread "Signal Dispatcher" daemon [_thread_blocked, id=4330, stack(0x74cb0000,0x74d00000)]
  0x74d73800 JavaThread "C2 CompilerThread0" daemon [_thread_blocked, id=4331, stack(0x74c30000,0x74cb0000)]
  0x74d75000 JavaThread "Sweeper thread" daemon [_thread_blocked, id=4332, stack(0x74636000,0x74686000)]
  0x74dd8400 JavaThread "Common-Cleaner" daemon [_thread_blocked, id=4338, stack(0x745e6000,0x74636000)]
  0x74442400 JavaThread "Monitor Ctrl-Break" daemon [_thread_in_native, id=4341, stack(0x74596000,0x745e6000)]
  0x74443800 JavaThread "Service Thread" daemon [_thread_blocked, id=4342, stack(0x74546000,0x74596000)]
  0x75300c00 JavaThread "Attach Listener" daemon [_thread_blocked, id=4344, stack(0x73eeb000,0x73f3b000)]
  0x7333f400 JavaThread "Java2D Disposer" daemon [_thread_blocked, id=4350, stack(0x73d46000,0x73dc6000)]
  0x73340800 JavaThread "AWT-XAWT" daemon [_thread_in_native, id=4351, stack(0x718ea000,0x7193a000)]
  0x73343c00 JavaThread "AWT-Shutdown" [_thread_blocked, id=4352, stack(0x7189a000,0x718ea000)]
  0x73344c00 JavaThread "AWT-EventQueue-0" [_thread_blocked, id=4353, stack(0x7184a000,0x7189a000)]
  0xb6013000 JavaThread "DestroyJavaVM" [_thread_blocked, id=4313, stack(0xb6185000,0xb61d5000)]
  0x75305000 JavaThread "SIGHUP handler" daemon [_thread_blocked, id=6087, stack(0x714ca000,0x7154a000)]
  0x75306000 JavaThread "SIGTERM handler" daemon [_thread_in_vm, id=6090, stack(0x706b0000,0x70700000)]
=>0x75307000 JavaThread "pi4j-shutdown" [_thread_in_native, id=6095, stack(0x70660000,0x706b0000)]
  0x75308000 JavaThread "XToolkt-Shutdown-Thread" [_thread_blocked, id=6104, stack(0x70dcb000,0x70e1b000)]
  0x75309400 JavaThread "pi4j-shutdown" [_thread_in_native, id=6109, stack(0x70d7b000,0x70dcb000)]
  0x75312800 JavaThread "pi4j-shutdown" [_thread_in_native, id=6111, stack(0x70d2b000,0x70d7b000)]

Other Threads:
  0x74d5b800 VMThread "VM Thread" [stack: 0x74e34000,0x74eb4000] [id=4325]
  0x74445800 WatcherThread [stack: 0x74180000,0x74200000] [id=4343]
  0xb607d400 GCTaskThread "GC Thread#0" [stack: 0xb3d39000,0xb3db9000] [id=4319]
  0x711b7800 GCTaskThread "GC Thread#1" [stack: 0x7144a000,0x714ca000] [id=4366]
  0x711b6000 GCTaskThread "GC Thread#2" [stack: 0x70f80000,0x71000000] [id=4367]
  0x711b8000 GCTaskThread "GC Thread#3" [stack: 0x70efe000,0x70f7e000] [id=4368]
  0xb6082c00 ConcurrentGCThread "G1 Main Marker" [stack: 0xb3cb7000,0xb3d37000] [id=4320]
  0xb6084000 ConcurrentGCThread "G1 Conc#0" [stack: 0xb3c35000,0xb3cb5000] [id=4321]
  0xb60ea800 ConcurrentGCThread "G1 Refine#0" [stack: 0x75680000,0x75700000] [id=4322]
  0xb60ebc00 ConcurrentGCThread "G1 Young RemSet Sampling" [stack: 0x75480000,0x75500000] [id=4323]

Threads with active compile tasks:

VM state:not at safepoint (normal execution)

VM Mutex/Monitor currently owned by a thread:  ([mutex/lock_event])
[0xb600f8a8] Service_lock - owner thread: 0x74443800
[0xb60105b8] Threads_lock - owner thread: 0x75306000

Heap:
 garbage-first heap   total 61440K, used 12954K [0x77e00000, 0xb3c00000)
  region size 1024K, 13 young (13312K), 2 survivors (2048K)
 Metaspace       used 12153K, capacity 12281K, committed 12312K, reserved 12592K
Heap Regions: E=young(eden), S=young(survivor), O=old, HS=humongous(starts), HC=humongous(continues), CS=collection set, F=free, A=archive, TAMS=top-at-mark-start (previous, next)
|   0|0x77e00000, 0x77ea6a00, 0x77f00000| 65%| O|  |TAMS 0x77e00000, 0x77e00000| Untracked 
|   1|0x77f00000, 0x77f00000, 0x78000000|  0%| F|  |TAMS 0x77f00000, 0x77f00000| Untracked 
|   2|0x78000000, 0x78000000, 0x78100000|  0%| F|  |TAMS 0x78000000, 0x78000000| Untracked 
|   3|0x78100000, 0x78100000, 0x78200000|  0%| F|  |TAMS 0x78100000, 0x78100000| Untracked 
|   4|0x78200000, 0x78200000, 0x78300000|  0%| F|  |TAMS 0x78200000, 0x78200000| Untracked 
|   5|0x78300000, 0x78300000, 0x78400000|  0%| F|  |TAMS 0x78300000, 0x78300000| Untracked 
|   6|0x78400000, 0x78400000, 0x78500000|  0%| F|  |TAMS 0x78400000, 0x78400000| Untracked 
|   7|0x78500000, 0x78500000, 0x78600000|  0%| F|  |TAMS 0x78500000, 0x78500000| Untracked 
|   8|0x78600000, 0x78600000, 0x78700000|  0%| F|  |TAMS 0x78600000, 0x78600000| Untracked 
|   9|0x78700000, 0x78700000, 0x78800000|  0%| F|  |TAMS 0x78700000, 0x78700000| Untracked 
|  10|0x78800000, 0x78800000, 0x78900000|  0%| F|  |TAMS 0x78800000, 0x78800000| Untracked 
|  11|0x78900000, 0x78900000, 0x78a00000|  0%| F|  |TAMS 0x78900000, 0x78900000| Untracked 
|  12|0x78a00000, 0x78a00000, 0x78b00000|  0%| F|  |TAMS 0x78a00000, 0x78a00000| Untracked 
|  13|0x78b00000, 0x78b00000, 0x78c00000|  0%| F|  |TAMS 0x78b00000, 0x78b00000| Untracked 
|  14|0x78c00000, 0x78c00000, 0x78d00000|  0%| F|  |TAMS 0x78c00000, 0x78c00000| Untracked 
|  15|0x78d00000, 0x78d00000, 0x78e00000|  0%| F|  |TAMS 0x78d00000, 0x78d00000| Untracked 
|  16|0x78e00000, 0x78e00000, 0x78f00000|  0%| F|  |TAMS 0x78e00000, 0x78e00000| Untracked 
|  17|0x78f00000, 0x78f00000, 0x79000000|  0%| F|  |TAMS 0x78f00000, 0x78f00000| Untracked 
|  18|0x79000000, 0x79000000, 0x79100000|  0%| F|  |TAMS 0x79000000, 0x79000000| Untracked 
|  19|0x79100000, 0x79100000, 0x79200000|  0%| F|  |TAMS 0x79100000, 0x79100000| Untracked 
|  20|0x79200000, 0x79200000, 0x79300000|  0%| F|  |TAMS 0x79200000, 0x79200000| Untracked 
|  21|0x79300000, 0x79300000, 0x79400000|  0%| F|  |TAMS 0x79300000, 0x79300000| Untracked 
|  22|0x79400000, 0x79400000, 0x79500000|  0%| F|  |TAMS 0x79400000, 0x79400000| Untracked 
|  23|0x79500000, 0x79500000, 0x79600000|  0%| F|  |TAMS 0x79500000, 0x79500000| Untracked 
|  24|0x79600000, 0x79600000, 0x79700000|  0%| F|  |TAMS 0x79600000, 0x79600000| Untracked 
|  25|0x79700000, 0x79700000, 0x79800000|  0%| F|  |TAMS 0x79700000, 0x79700000| Untracked 
|  26|0x79800000, 0x79800000, 0x79900000|  0%| F|  |TAMS 0x79800000, 0x79800000| Untracked 
|  27|0x79900000, 0x79900000, 0x79a00000|  0%| F|  |TAMS 0x79900000, 0x79900000| Untracked 
|  28|0x79a00000, 0x79a00000, 0x79b00000|  0%| F|  |TAMS 0x79a00000, 0x79a00000| Untracked 
|  29|0x79b00000, 0x79b00000, 0x79c00000|  0%| F|  |TAMS 0x79b00000, 0x79b00000| Untracked 
|  30|0x79c00000, 0x79c00000, 0x79d00000|  0%| F|  |TAMS 0x79c00000, 0x79c00000| Untracked 
|  31|0x79d00000, 0x79d00000, 0x79e00000|  0%| F|  |TAMS 0x79d00000, 0x79d00000| Untracked 
|  32|0x79e00000, 0x79e00000, 0x79f00000|  0%| F|  |TAMS 0x79e00000, 0x79e00000| Untracked 
|  33|0x79f00000, 0x79f00000, 0x7a000000|  0%| F|  |TAMS 0x79f00000, 0x79f00000| Untracked 
|  34|0x7a000000, 0x7a000000, 0x7a100000|  0%| F|  |TAMS 0x7a000000, 0x7a000000| Untracked 
|  35|0x7a100000, 0x7a100000, 0x7a200000|  0%| F|  |TAMS 0x7a100000, 0x7a100000| Untracked 
|  36|0x7a200000, 0x7a200000, 0x7a300000|  0%| F|  |TAMS 0x7a200000, 0x7a200000| Untracked 
|  37|0x7a300000, 0x7a300000, 0x7a400000|  0%| F|  |TAMS 0x7a300000, 0x7a300000| Untracked 
|  38|0x7a400000, 0x7a400000, 0x7a500000|  0%| F|  |TAMS 0x7a400000, 0x7a400000| Untracked 
|  39|0x7a500000, 0x7a500000, 0x7a600000|  0%| F|  |TAMS 0x7a500000, 0x7a500000| Untracked 
|  40|0x7a600000, 0x7a600000, 0x7a700000|  0%| F|  |TAMS 0x7a600000, 0x7a600000| Untracked 
|  41|0x7a700000, 0x7a700000, 0x7a800000|  0%| F|  |TAMS 0x7a700000, 0x7a700000| Untracked 
|  42|0x7a800000, 0x7a800000, 0x7a900000|  0%| F|  |TAMS 0x7a800000, 0x7a800000| Untracked 
|  43|0x7a900000, 0x7a900000, 0x7aa00000|  0%| F|  |TAMS 0x7a900000, 0x7a900000| Untracked 
|  44|0x7aa00000, 0x7ab00000, 0x7ab00000|100%| S|CS|TAMS 0x7aa00000, 0x7aa00000| Complete 
|  45|0x7ab00000, 0x7ac00000, 0x7ac00000|100%| S|CS|TAMS 0x7ab00000, 0x7ab00000| Complete 
|  46|0x7ac00000, 0x7ac00000, 0x7ad00000|  0%| F|  |TAMS 0x7ac00000, 0x7ac00000| Untracked 
|  47|0x7ad00000, 0x7ad00000, 0x7ae00000|  0%| F|  |TAMS 0x7ad00000, 0x7ad00000| Untracked 
|  48|0x7ae00000, 0x7ae00000, 0x7af00000|  0%| F|  |TAMS 0x7ae00000, 0x7ae00000| Untracked 
|  49|0x7af00000, 0x7af00800, 0x7b000000|  0%| E|  |TAMS 0x7af00000, 0x7af00000| Complete 
|  50|0x7b000000, 0x7b100000, 0x7b100000|100%| E|CS|TAMS 0x7b000000, 0x7b000000| Complete 
|  51|0x7b100000, 0x7b200000, 0x7b200000|100%| E|CS|TAMS 0x7b100000, 0x7b100000| Complete 
|  52|0x7b200000, 0x7b300000, 0x7b300000|100%| E|CS|TAMS 0x7b200000, 0x7b200000| Complete 
|  53|0x7b300000, 0x7b400000, 0x7b400000|100%| E|CS|TAMS 0x7b300000, 0x7b300000| Complete 
|  54|0x7b400000, 0x7b500000, 0x7b500000|100%| E|CS|TAMS 0x7b400000, 0x7b400000| Complete 
|  55|0x7b500000, 0x7b600000, 0x7b600000|100%| E|CS|TAMS 0x7b500000, 0x7b500000| Complete 
|  56|0x7b600000, 0x7b700000, 0x7b700000|100%| E|CS|TAMS 0x7b600000, 0x7b600000| Complete 
|  57|0x7b700000, 0x7b800000, 0x7b800000|100%| E|CS|TAMS 0x7b700000, 0x7b700000| Complete 
|  58|0x7b800000, 0x7b900000, 0x7b900000|100%| E|CS|TAMS 0x7b800000, 0x7b800000| Complete 
|  59|0x7b900000, 0x7ba00000, 0x7ba00000|100%| E|CS|TAMS 0x7b900000, 0x7b900000| Complete 

Card table byte_map: [0x77a42000,0x77c21000] _byte_map_base: 0x77683000

Marking Bits (Prev, Next): (CMBitMap*) 0xb607e5c4, (CMBitMap*) 0xb607e5e4
 Prev Bits: [0x7696b000, 0x77863000)
 Next Bits: [0x75a73000, 0x7696b000)

Polling page: 0xb6fe0000

Metaspace:

Usage:
   11,99 MB capacity,    11,87 MB ( 99%) used,    80,94 KB ( <1%) free+waste,    46,41 KB ( <1%) overhead. 

Virtual space:
     12,30 MB reserved,      12,02 MB ( 98%) committed 

Chunk freelists:
0 bytes

MaxMetaspaceSize: unlimited


CodeCache: size=32768Kb used=852Kb max_used=872Kb free=31915Kb
 bounds [0xb3df9000, 0xb3f79000, 0xb5df9000]
 total_blobs=1083 nmethods=345 adapters=215
 compilation: enabled
              stopped_count=0, restarted_count=0
 full_count=0

Compilation events (20 events):
Event: 51,700 Thread 0x74d73800  331             sun.awt.AppContext::getAppContext (51 bytes)
Event: 51,701 Thread 0x74d73800 nmethod 331 0xb3ebba08 code [0xb3ebbb00, 0xb3ebbb9c]
Event: 51,825 Thread 0x74d73800  332             jdk.internal.misc.Unsafe::getFloat (7 bytes)
Event: 51,826 Thread 0x74d73800 nmethod 332 0xb3ebb408 code [0xb3ebb500, 0xb3ebb55c]
Event: 52,562 Thread 0x74d73800  334             java.awt.LightweightDispatcher::retargetMouseEvent (372 bytes)
Event: 52,587 Thread 0x74d73800 nmethod 334 0xb3ec8508 code [0xb3ec8670, 0xb3ec8c30]
Event: 52,587 Thread 0x74d73800  335             java.lang.Long::<init> (10 bytes)
Event: 52,588 Thread 0x74d73800 nmethod 335 0xb3ec8088 code [0xb3ec8180, 0xb3ec81dc]
Event: 52,588 Thread 0x74d73800  336             java.awt.EventQueue::noEvents (29 bytes)
Event: 52,592 Thread 0x74d73800 nmethod 336 0xb3ec9208 code [0xb3ec9300, 0xb3ec940c]
Event: 52,592 Thread 0x74d73800  337             sun.awt.X11.XWrapperBase::<init> (5 bytes)
Event: 52,593 Thread 0x74d73800 nmethod 337 0xb3ebb108 code [0xb3ebb200, 0xb3ebb24c]
Event: 52,593 Thread 0x74d73800  338             java.awt.Component::getCursor_NoClientCode (30 bytes)
Event: 52,595 Thread 0x74d73800 nmethod 338 0xb3ebac08 code [0xb3ebad10, 0xb3ebadd8]
Event: 3131,068 Thread 0x74d73800  340   !         sun.awt.X11.XToolkit::callTimeoutTasks (220 bytes)
Event: 3131,072 Thread 0x74d73800 nmethod 340 0xb3ebfe08 code [0xb3ebff30, 0xb3ec0088]
Event: 3798,728 Thread 0x74d73800  341   !         sun.awt.X11.XToolkit::getNextTaskTime (55 bytes)
Event: 3798,743 Thread 0x74d73800 nmethod 341 0xb3ebef88 code [0xb3ebf0c0, 0xb3ebf53c]
Event: 4502,444 Thread 0x74d73800  343 % !         sun.awt.X11.XToolkit::run @ 59 (385 bytes)
Event: 4502,568 Thread 0x74d73800 nmethod 343% 0xb3ed1d08 code [0xb3ed21c0, 0xb3ed42ec]

GC Heap History (2 events):
Event: 12,072 GC heap before
{Heap before GC invocations=0 (full 0):
 garbage-first heap   total 61440K, used 14336K [0x77e00000, 0xb3c00000)
  region size 1024K, 14 young (14336K), 0 survivors (0K)
 Metaspace       used 11505K, capacity 11621K, committed 11672K, reserved 12592K
}
Event: 12,087 GC heap after
{Heap after GC invocations=1 (full 0):
 garbage-first heap   total 61440K, used 2714K [0x77e00000, 0xb3c00000)
  region size 1024K, 2 young (2048K), 2 survivors (2048K)
 Metaspace       used 11505K, capacity 11621K, committed 11672K, reserved 12592K
}

Deoptimization events (20 events):
Event: 36,200 Thread 0x73344c00 Uncommon trap: trap_request=0xffffff45 fr.pc=0xb3e9fec4 relative=0x000000c4
Event: 36,200 Thread 0x73344c00 Uncommon trap: reason=unstable_if action=reinterpret pc=0xb3e9fec4 method=java.awt.Component.inside(II)Z @ 21 c2
Event: 36,200 Thread 0x73344c00 DEOPT PACKING pc=0xb3e9fec4 sp=0x71898290
Event: 36,200 Thread 0x73344c00 DEOPT UNPACKING pc=0xb3e28bfc sp=0x718981f8 mode 2
Event: 36,201 Thread 0x73344c00 Uncommon trap: trap_request=0xffffff45 fr.pc=0xb3ea0178 relative=0x00000078
Event: 36,201 Thread 0x73344c00 Uncommon trap: reason=unstable_if action=reinterpret pc=0xb3ea0178 method=java.awt.Component.inside(II)Z @ 21 c2
Event: 36,201 Thread 0x73344c00 DEOPT PACKING pc=0xb3ea0178 sp=0x718981f0
Event: 36,201 Thread 0x73344c00 DEOPT UNPACKING pc=0xb3e28bfc sp=0x718981cc mode 2
Event: 44,273 Thread 0x73344c00 Uncommon trap: trap_request=0xffffff45 fr.pc=0xb3eaa168 relative=0x000005b8
Event: 44,273 Thread 0x73344c00 Uncommon trap: reason=unstable_if action=reinterpret pc=0xb3eaa168 method=java.awt.Toolkit$SelectiveAWTEventListener.eventDispatched(Ljava/awt/AWTEvent;)V @ 195 c2
Event: 44,273 Thread 0x73344c00 DEOPT PACKING pc=0xb3eaa168 sp=0x718984e8
Event: 44,273 Thread 0x73344c00 DEOPT UNPACKING pc=0xb3e28bfc sp=0x718984c0 mode 2
Event: 48,171 Thread 0x73344c00 Uncommon trap: trap_request=0xffffff45 fr.pc=0xb3ea8dfc relative=0x0000016c
Event: 48,171 Thread 0x73344c00 Uncommon trap: reason=unstable_if action=reinterpret pc=0xb3ea8dfc method=java.lang.Class.reflectionData()Ljava/lang/Class$ReflectionData; @ 11 c2
Event: 48,171 Thread 0x73344c00 DEOPT PACKING pc=0xb3ea8dfc sp=0x71897d90
Event: 48,171 Thread 0x73344c00 DEOPT UNPACKING pc=0xb3e28bfc sp=0x71897d74 mode 2
Event: 52,611 Thread 0x73344c00 Uncommon trap: trap_request=0xffffff45 fr.pc=0xb3ec7368 relative=0x000006b8
Event: 52,611 Thread 0x73344c00 Uncommon trap: reason=unstable_if action=reinterpret pc=0xb3ec7368 method=java.awt.Container.getMouseEventTargetImpl(IIZLjava/awt/Container$EventTargetFilter;ZZ)Ljava/awt/Component; @ 218 c2
Event: 52,611 Thread 0x73344c00 DEOPT PACKING pc=0xb3ec7368 sp=0x71898568
Event: 52,611 Thread 0x73344c00 DEOPT UNPACKING pc=0xb3e28bfc sp=0x71898558 mode 2

Classes unloaded (0 events):
No events

Classes redefined (0 events):
No events

Internal exceptions (20 events):
Event: 2,231 Thread 0x73344c00 Exception <a 'java/lang/NoSuchMethodError'{0x7b4fba48}: 'java.lang.Object java.lang.invoke.DirectMethodHandle$Holder.invokeStatic(java.lang.Object, int, java.lang.Object, java.lang.Object, java.lang.Object, java.lang.Object)'> (0x7b4fba48) 
thrown [/ws/workspace/jdk-13/label/linux-arm/type/b11/src/hotspot/share/interpreter/linkResolver.cpp, line 767]
Event: 2,233 Thread 0x73344c00 Exception <a 'java/lang/NoSuchMethodError'{0x7b302a30}: 'java.lang.Object java.lang.invoke.DirectMethodHandle$Holder.invokeStatic(java.lang.Object, int, java.lang.Object, java.lang.Object, java.lang.Object)'> (0x7b302a30) 
thrown [/ws/workspace/jdk-13/label/linux-arm/type/b11/src/hotspot/share/interpreter/linkResolver.cpp, line 767]
Event: 2,235 Thread 0x73344c00 Exception <a 'java/lang/NoSuchMethodError'{0x7b306320}: 'java.lang.Object java.lang.invoke.DirectMethodHandle$Holder.invokeSpecial(java.lang.Object, java.lang.Object, int, java.lang.Object, java.lang.Object, java.lang.Object)'> (0x7b306320) 
thrown [/ws/workspace/jdk-13/label/linux-arm/type/b11/src/hotspot/share/interpreter/linkResolver.cpp, line 767]
Event: 2,257 Thread 0x73344c00 Exception <a 'java/lang/NoSuchMethodError'{0x7b31c628}: 'java.lang.Object java.lang.invoke.DirectMethodHandle$Holder.invokeStatic(java.lang.Object, int, java.lang.Object)'> (0x7b31c628) 
thrown [/ws/workspace/jdk-13/label/linux-arm/type/b11/src/hotspot/share/interpreter/linkResolver.cpp, line 767]
Event: 2,259 Thread 0x73344c00 Exception <a 'java/lang/NoSuchMethodError'{0x7b3217e8}: 'java.lang.Object java.lang.invoke.DirectMethodHandle$Holder.invokeStatic(java.lang.Object, int)'> (0x7b3217e8) 
thrown [/ws/workspace/jdk-13/label/linux-arm/type/b11/src/hotspot/share/interpreter/linkResolver.cpp, line 767]
Event: 2,441 Thread 0x73344c00 Exception <a 'java/lang/NoSuchMethodError'{0x7b3dbd48}: 'java.lang.Object java.lang.invoke.Invokers$Holder.linkToTargetMethod(java.lang.Object, int, java.lang.Object)'> (0x7b3dbd48) 
thrown [/ws/workspace/jdk-13/label/linux-arm/type/b11/src/hotspot/share/interpreter/linkResolver.cpp, line 767]
Event: 2,472 Thread 0x73344c00 Exception <a 'java/lang/ClassNotFoundException'{0x7b3e9e50}: com/sun/swing/internal/plaf/metal/resources/spi/metalProvider> (0x7b3e9e50) 
thrown [/ws/workspace/jdk-13/label/linux-arm/type/b11/src/hotspot/share/classfile/systemDictionary.cpp, line 232]
Event: 2,476 Thread 0x73344c00 Exception <a 'java/lang/ClassNotFoundException'{0x7b3ee898}: com/sun/swing/internal/plaf/basic/resources/spi/basicProvider> (0x7b3ee898) 
thrown [/ws/workspace/jdk-13/label/linux-arm/type/b11/src/hotspot/share/classfile/systemDictionary.cpp, line 232]
Event: 2,511 Thread 0x73344c00 Implicit null exception at 0xb3e535ac to 0xb3e53724
Event: 2,553 Thread 0x73344c00 Exception <a 'java/lang/NoSuchMethodError'{0x7b211e28}: 'void java.lang.invoke.DirectMethodHandle$Holder.invokeStaticInit(java.lang.Object)'> (0x7b211e28) 
thrown [/ws/workspace/jdk-13/label/linux-arm/type/b11/src/hotspot/share/interpreter/linkResolver.cpp, line 767]
Event: 2,730 Thread 0x73344c00 Exception <a 'java/lang/NoSuchMethodError'{0x7b27f1e8}: 'java.lang.Object java.lang.invoke.DirectMethodHandle$Holder.invokeStatic(java.lang.Object, java.lang.Object, java.lang.Object, java.lang.Object, java.lang.Object, java.lang.Object, java.lang.Object, java.lang.Object, java.lang.Object, java.lang.Object, java.lang.Object, java.lang.Object, java.lang.Object, java.lang.Object, java.lang.Object)'> (0x7b27f1e8) 
thrown [/ws/workspace/jdk-13/label/linux-arm/type/b11/src/hotspot/share/interpreter/linkResolve
Event: 2,737 Thread 0x73344c00 Exception <a 'java/lang/NoSuchMethodError'{0x7b28be50}: 'java.lang.Object java.lang.invoke.DirectMethodHandle$Holder.invokeStatic(java.lang.Object, java.lang.Object, java.lang.Object, java.lang.Object, java.lang.Object, java.lang.Object, java.lang.Object, java.lang.Object, java.lang.Object, java.lang.Object, java.lang.Object, java.lang.Object, java.lang.Object, java.lang.Object, java.lang.Object, java.lang.Object)'> (0x7b28be50) 
thrown [/ws/workspace/jdk-13/label/linux-arm/type/b11/src/hotspot/share/inter
Event: 2,745 Thread 0x73344c00 Exception <a 'java/lang/NoSuchMethodError'{0x7b2996b0}: 'java.lang.Object java.lang.invoke.Invokers$Holder.linkToTargetMethod(java.lang.Object, java.lang.Object, java.lang.Object, java.lang.Object, java.lang.Object, java.lang.Object)'> (0x7b2996b0) 
thrown [/ws/workspace/jdk-13/label/linux-arm/type/b11/src/hotspot/share/interpreter/linkResolver.cpp, line 767]
Event: 2,992 Thread 0x73344c00 Exception <a 'sun/nio/fs/UnixException'{0x7b2ee5e0}> (0x7b2ee5e0) 
thrown [/ws/workspace/jdk-13/label/linux-arm/type/b11/src/hotspot/share/prims/jni.cpp, line 598]
Event: 11,588 Thread 0x73344c00 Exception <a 'sun/nio/fs/UnixException'{0x7b166b48}> (0x7b166b48) 
thrown [/ws/workspace/jdk-13/label/linux-arm/type/b11/src/hotspot/share/prims/jni.cpp, line 598]
Event: 11,608 Thread 0x73344c00 Exception <a 'sun/nio/fs/UnixException'{0x7b1a2b48}> (0x7b1a2b48) 
thrown [/ws/workspace/jdk-13/label/linux-arm/type/b11/src/hotspot/share/prims/jni.cpp, line 598]
Event: 11,660 Thread 0x73344c00 Exception <a 'sun/nio/fs/UnixException'{0x7b063078}> (0x7b063078) 
thrown [/ws/workspace/jdk-13/label/linux-arm/type/b11/src/hotspot/share/prims/jni.cpp, line 598]
Event: 11,667 Thread 0x73344c00 Exception <a 'java/lang/NoSuchMethodError'{0x7b06b508}: 'void java.lang.invoke.DirectMethodHandle$Holder.invokeStatic(java.lang.Object, java.lang.Object, java.lang.Object, java.lang.Object, java.lang.Object)'> (0x7b06b508) 
thrown [/ws/workspace/jdk-13/label/linux-arm/type/b11/src/hotspot/share/interpreter/linkResolver.cpp, line 767]
Event: 11,893 Thread 0x73344c00 Exception <a 'sun/nio/fs/UnixException'{0x7ad27d10}> (0x7ad27d10) 
thrown [/ws/workspace/jdk-13/label/linux-arm/type/b11/src/hotspot/share/prims/jni.cpp, line 598]
Event: 48,171 Thread 0x73344c00 Implicit null exception at 0xb3ea8cd0 to 0xb3ea8de8

Events (20 events):
Event: 5440,981 Thread 0x75305000 Thread added: 0x75305000
Event: 5440,981 Executing VM operation: RevokeBias
Event: 5440,989 Thread 0x75306000 Thread added: 0x75306000
Event: 5440,989 Protecting memory [0xb6fe0000,0xb6fe1000] with protection modes 0
Event: 5440,989 Protecting memory [0x706b0000,0x706b3000] with protection modes 0
Event: 5440,991 Protecting memory [0x714ca000,0x714cd000] with protection modes 0
Event: 5440,999 Protecting memory [0xb6fe0000,0xb6fe1000] with protection modes 1
Event: 5440,999 Executing VM operation: RevokeBias done
Event: 5440,999 Executing VM operation: RevokeBias
Event: 5440,999 Protecting memory [0xb6fe0000,0xb6fe1000] with protection modes 0
Event: 5441,012 Protecting memory [0xb6fe0000,0xb6fe1000] with protection modes 1
Event: 5441,012 Executing VM operation: RevokeBias done
Event: 5441,060 Thread 0x75307000 Thread added: 0x75307000
Event: 5441,061 Protecting memory [0x70660000,0x70663000] with protection modes 0
Event: 5441,061 loading class com/pi4j/registry/impl/DefaultRuntimeRegistry
Event: 5441,061 loading class com/pi4j/registry/impl/DefaultRuntimeRegistry done
Event: 5441,061 loading class com/pi4j/io/IO
Event: 5441,061 loading class com/pi4j/io/IO done
Event: 5441,062 loading class com/pi4j/io/IO
Event: 5441,062 loading class com/pi4j/io/IO done


Dynamic libraries:
00010000-00011000 r-xp 00000000 b3:02 904082     /usr/lib/jvm/bellsoft-java13-arm32-vfp-hflt/bin/java
00020000-00021000 r--p 00000000 b3:02 904082     /usr/lib/jvm/bellsoft-java13-arm32-vfp-hflt/bin/java
00021000-00022000 rw-p 00001000 b3:02 904082     /usr/lib/jvm/bellsoft-java13-arm32-vfp-hflt/bin/java
006da000-006fb000 rw-p 00000000 00:00 0          [heap]
70660000-70663000 ---p 00000000 00:00 0 
70663000-706b0000 rw-p 00000000 00:00 0 
706b0000-706b3000 ---p 00000000 00:00 0 
706b3000-70700000 rw-p 00000000 00:00 0 
70700000-70796000 rw-p 00000000 00:00 0 
70796000-70800000 ---p 00000000 00:00 0 
70817000-70818000 ---p 00000000 00:00 0 
70818000-70858000 rw-p 00000000 00:00 0 
70a00000-70af3000 rw-p 00000000 00:00 0 
70af3000-70b00000 ---p 00000000 00:00 0 
70beb000-70c3b000 rw-p 00000000 00:00 0 
70c3b000-70c3e000 ---p 00000000 00:00 0 
70c3e000-70c8b000 rw-p 00000000 00:00 0 
70c8b000-70c8e000 ---p 00000000 00:00 0 
70c8e000-70cdb000 rw-p 00000000 00:00 0 
70cdb000-70cde000 ---p 00000000 00:00 0 
70cde000-70d2b000 rw-p 00000000 00:00 0 
70d2b000-70d2e000 ---p 00000000 00:00 0 
70d2e000-70d7b000 rw-p 00000000 00:00 0 
70d7b000-70d7e000 ---p 00000000 00:00 0 
70d7e000-70dcb000 rw-p 00000000 00:00 0 
70dcb000-70dce000 ---p 00000000 00:00 0 
70dce000-70e1b000 rw-p 00000000 00:00 0 
70e1b000-70e57000 r-xp 00000000 b3:02 10718      /usr/lib/libpigpio.so.1
70e57000-70e67000 ---p 0003c000 b3:02 10718      /usr/lib/libpigpio.so.1
70e67000-70e68000 r--p 0003c000 b3:02 10718      /usr/lib/libpigpio.so.1
70e68000-70e6a000 rw-p 0003d000 b3:02 10718      /usr/lib/libpigpio.so.1
70e6a000-70efc000 rw-p 00000000 00:00 0 
70efc000-70efd000 ---p 00000000 00:00 0 
70efd000-70f7e000 rw-p 00000000 00:00 0 
70f7e000-70f7f000 ---p 00000000 00:00 0 
70f7f000-710c0000 rw-p 00000000 00:00 0 
710c0000-71100000 ---p 00000000 00:00 0 
71100000-711e3000 rw-p 00000000 00:00 0 
711e3000-71200000 ---p 00000000 00:00 0 
71200000-71300000 rw-p 00000000 00:00 0 
71300000-713f8000 rw-p 00000000 00:00 0 
713f8000-71400000 ---p 00000000 00:00 0 
71448000-71449000 ---p 00000000 00:00 0 
71449000-714ca000 rw-p 00000000 00:00 0 
714ca000-714cd000 ---p 00000000 00:00 0 
714cd000-7164a000 rw-p 00000000 00:00 0 
7164a000-7174a000 rw-p 00000000 00:00 0 
7174a000-7184a000 rw-p 00000000 00:00 0 
7184a000-7184d000 ---p 00000000 00:00 0 
7184d000-7189a000 rw-p 00000000 00:00 0 
7189a000-7189d000 ---p 00000000 00:00 0 
7189d000-718ea000 rw-p 00000000 00:00 0 
718ea000-718ed000 ---p 00000000 00:00 0 
718ed000-7193a000 rw-p 00000000 00:00 0 
7193a000-71942000 r-xp 00000000 b3:02 10841      /usr/lib/arm-linux-gnueabihf/libXcursor.so.1.0.2
71942000-71951000 ---p 00008000 b3:02 10841      /usr/lib/arm-linux-gnueabihf/libXcursor.so.1.0.2
71951000-71952000 r--p 00007000 b3:02 10841      /usr/lib/arm-linux-gnueabihf/libXcursor.so.1.0.2
71952000-71953000 rw-p 00008000 b3:02 10841      /usr/lib/arm-linux-gnueabihf/libXcursor.so.1.0.2
71953000-71954000 ---p 00000000 00:00 0 
71954000-72154000 rw-p 00000000 00:00 0 
72154000-72282000 r-xp 00000000 b3:02 11340      /usr/lib/arm-linux-gnueabihf/libstdc++.so.6.0.25
72282000-72292000 ---p 0012e000 b3:02 11340      /usr/lib/arm-linux-gnueabihf/libstdc++.so.6.0.25
72292000-72297000 r--p 0012e000 b3:02 11340      /usr/lib/arm-linux-gnueabihf/libstdc++.so.6.0.25
72297000-72299000 rw-p 00133000 b3:02 11340      /usr/lib/arm-linux-gnueabihf/libstdc++.so.6.0.25
72299000-7229b000 rw-p 00000000 00:00 0 
7229b000-722b3000 r-xp 00000000 b3:02 1587       /usr/lib/arm-linux-gnueabihf/libproxy.so.1.0.0
722b3000-722c2000 ---p 00018000 b3:02 1587       /usr/lib/arm-linux-gnueabihf/libproxy.so.1.0.0
722c2000-722c3000 r--p 00017000 b3:02 1587       /usr/lib/arm-linux-gnueabihf/libproxy.so.1.0.0
722c3000-722c4000 rw-p 00018000 b3:02 1587       /usr/lib/arm-linux-gnueabihf/libproxy.so.1.0.0
722c4000-722c8000 r-xp 00000000 b3:02 10845      /usr/lib/arm-linux-gnueabihf/libXfixes.so.3.1.0
722c8000-722d7000 ---p 00004000 b3:02 10845      /usr/lib/arm-linux-gnueabihf/libXfixes.so.3.1.0
722d7000-722d8000 r--p 00003000 b3:02 10845      /usr/lib/arm-linux-gnueabihf/libXfixes.so.3.1.0
722d8000-722d9000 rw-p 00004000 b3:02 10845      /usr/lib/arm-linux-gnueabihf/libXfixes.so.3.1.0
722d9000-722da000 ---p 00000000 00:00 0 
722da000-72ada000 rw-p 00000000 00:00 0 
72ada000-72adb000 ---p 00000000 00:00 0 
72adb000-732db000 rw-p 00000000 00:00 0 
732db000-732ee000 r-xp 00000000 b3:02 11781      /usr/lib/arm-linux-gnueabihf/gio/modules/libgioremote-volume-monitor.so
732ee000-732fd000 ---p 00013000 b3:02 11781      /usr/lib/arm-linux-gnueabihf/gio/modules/libgioremote-volume-monitor.so
732fd000-732ff000 r--p 00012000 b3:02 11781      /usr/lib/arm-linux-gnueabihf/gio/modules/libgioremote-volume-monitor.so
732ff000-73300000 rw-p 00014000 b3:02 11781      /usr/lib/arm-linux-gnueabihf/gio/modules/libgioremote-volume-monitor.so
73300000-73362000 rw-p 00000000 00:00 0 
73362000-73400000 ---p 00000000 00:00 0 
7341b000-73444000 r-xp 00000000 b3:02 134222     /usr/lib/arm-linux-gnueabihf/gvfs/libgvfscommon.so
73444000-73453000 ---p 00029000 b3:02 134222     /usr/lib/arm-linux-gnueabihf/gvfs/libgvfscommon.so
73453000-73456000 r--p 00028000 b3:02 134222     /usr/lib/arm-linux-gnueabihf/gvfs/libgvfscommon.so
73456000-73457000 rw-p 0002b000 b3:02 134222     /usr/lib/arm-linux-gnueabihf/gvfs/libgvfscommon.so
73457000-7347e000 r-xp 00000000 b3:02 11782      /usr/lib/arm-linux-gnueabihf/gio/modules/libgvfsdbus.so
7347e000-7348e000 ---p 00027000 b3:02 11782      /usr/lib/arm-linux-gnueabihf/gio/modules/libgvfsdbus.so
7348e000-7348f000 r--p 00027000 b3:02 11782      /usr/lib/arm-linux-gnueabihf/gio/modules/libgvfsdbus.so
7348f000-73490000 rw-p 00028000 b3:02 11782      /usr/lib/arm-linux-gnueabihf/gio/modules/libgvfsdbus.so
73490000-734b1000 r--p 00000000 b3:02 37548      /usr/share/locale/pl/LC_MESSAGES/glib20.mo
734b1000-734b7000 r-xp 00000000 b3:02 2104       /lib/arm-linux-gnueabihf/libuuid.so.1.3.0
734b7000-734c6000 ---p 00006000 b3:02 2104       /lib/arm-linux-gnueabihf/libuuid.so.1.3.0
734c6000-734c7000 r--p 00005000 b3:02 2104       /lib/arm-linux-gnueabihf/libuuid.so.1.3.0
734c7000-734c8000 rw-p 00006000 b3:02 2104       /lib/arm-linux-gnueabihf/libuuid.so.1.3.0
734c8000-734e4000 r-xp 00000000 b3:02 2036       /lib/arm-linux-gnueabihf/libgcc_s.so.1
734e4000-734f3000 ---p 0001c000 b3:02 2036       /lib/arm-linux-gnueabihf/libgcc_s.so.1
734f3000-734f4000 r--p 0001b000 b3:02 2036       /lib/arm-linux-gnueabihf/libgcc_s.so.1
734f4000-734f5000 rw-p 0001c000 b3:02 2036       /lib/arm-linux-gnueabihf/libgcc_s.so.1
734f5000-73539000 r-xp 00000000 b3:02 1995       /lib/arm-linux-gnueabihf/libblkid.so.1.1.0
73539000-73549000 ---p 00044000 b3:02 1995       /lib/arm-linux-gnueabihf/libblkid.so.1.1.0
73549000-7354c000 r--p 00044000 b3:02 1995       /lib/arm-linux-gnueabihf/libblkid.so.1.1.0
7354c000-7354d000 rw-p 00047000 b3:02 1995       /lib/arm-linux-gnueabihf/libblkid.so.1.1.0
7354d000-73553000 r-xp 00000000 b3:02 10999      /usr/lib/arm-linux-gnueabihf/libffi.so.6.0.4
73553000-73563000 ---p 00006000 b3:02 10999      /usr/lib/arm-linux-gnueabihf/libffi.so.6.0.4
73563000-73564000 r--p 00006000 b3:02 10999      /usr/lib/arm-linux-gnueabihf/libffi.so.6.0.4
73564000-73565000 rw-p 00007000 b3:02 10999      /usr/lib/arm-linux-gnueabihf/libffi.so.6.0.4
73565000-735cb000 r-xp 00000000 b3:02 2077       /lib/arm-linux-gnueabihf/libpcre.so.3.13.3
735cb000-735da000 ---p 00066000 b3:02 2077       /lib/arm-linux-gnueabihf/libpcre.so.3.13.3
735da000-735db000 r--p 00065000 b3:02 2077       /lib/arm-linux-gnueabihf/libpcre.so.3.13.3
735db000-735dc000 rw-p 00066000 b3:02 2077       /lib/arm-linux-gnueabihf/libpcre.so.3.13.3
735dc000-735ed000 r-xp 00000000 b3:02 2086       /lib/arm-linux-gnueabihf/libresolv-2.28.so
735ed000-735fc000 ---p 00011000 b3:02 2086       /lib/arm-linux-gnueabihf/libresolv-2.28.so
735fc000-735fd000 r--p 00010000 b3:02 2086       /lib/arm-linux-gnueabihf/libresolv-2.28.so
735fd000-735fe000 rw-p 00011000 b3:02 2086       /lib/arm-linux-gnueabihf/libresolv-2.28.so
735fe000-73600000 rw-p 00000000 00:00 0 
73600000-73620000 r-xp 00000000 b3:02 2088       /lib/arm-linux-gnueabihf/libselinux.so.1
73620000-7362f000 ---p 00020000 b3:02 2088       /lib/arm-linux-gnueabihf/libselinux.so.1
7362f000-73630000 r--p 0001f000 b3:02 2088       /lib/arm-linux-gnueabihf/libselinux.so.1
73630000-73631000 rw-p 00020000 b3:02 2088       /lib/arm-linux-gnueabihf/libselinux.so.1
73631000-73632000 rw-p 00000000 00:00 0 
73632000-73680000 r-xp 00000000 b3:02 2049       /lib/arm-linux-gnueabihf/libmount.so.1.1.0
73680000-73690000 ---p 0004e000 b3:02 2049       /lib/arm-linux-gnueabihf/libmount.so.1.1.0
73690000-73692000 r--p 0004e000 b3:02 2049       /lib/arm-linux-gnueabihf/libmount.so.1.1.0
73692000-73693000 rw-p 00050000 b3:02 2049       /lib/arm-linux-gnueabihf/libmount.so.1.1.0
73693000-73695000 r-xp 00000000 b3:02 11060      /usr/lib/arm-linux-gnueabihf/libgmodule-2.0.so.0.5800.3
73695000-736a5000 ---p 00002000 b3:02 11060      /usr/lib/arm-linux-gnueabihf/libgmodule-2.0.so.0.5800.3
736a5000-736a6000 r--p 00002000 b3:02 11060      /usr/lib/arm-linux-gnueabihf/libgmodule-2.0.so.0.5800.3
736a6000-736a7000 rw-p 00003000 b3:02 11060      /usr/lib/arm-linux-gnueabihf/libgmodule-2.0.so.0.5800.3
736a7000-736f3000 r-xp 00000000 b3:02 11065      /usr/lib/arm-linux-gnueabihf/libgobject-2.0.so.0.5800.3
736f3000-73702000 ---p 0004c000 b3:02 11065      /usr/lib/arm-linux-gnueabihf/libgobject-2.0.so.0.5800.3
73702000-73703000 r--p 0004b000 b3:02 11065      /usr/lib/arm-linux-gnueabihf/libgobject-2.0.so.0.5800.3
73703000-73704000 rw-p 0004c000 b3:02 11065      /usr/lib/arm-linux-gnueabihf/libgobject-2.0.so.0.5800.3
73704000-73803000 r-xp 00000000 b3:02 11057      /usr/lib/arm-linux-gnueabihf/libglib-2.0.so.0.5800.3
73803000-73812000 ---p 000ff000 b3:02 11057      /usr/lib/arm-linux-gnueabihf/libglib-2.0.so.0.5800.3
73812000-73813000 r--p 000fe000 b3:02 11057      /usr/lib/arm-linux-gnueabihf/libglib-2.0.so.0.5800.3
73813000-73814000 rw-p 000ff000 b3:02 11057      /usr/lib/arm-linux-gnueabihf/libglib-2.0.so.0.5800.3
73814000-7397a000 r-xp 00000000 b3:02 11054      /usr/lib/arm-linux-gnueabihf/libgio-2.0.so.0.5800.3
7397a000-7398a000 ---p 00166000 b3:02 11054      /usr/lib/arm-linux-gnueabihf/libgio-2.0.so.0.5800.3
7398a000-7398e000 r--p 00166000 b3:02 11054      /usr/lib/arm-linux-gnueabihf/libgio-2.0.so.0.5800.3
7398e000-7398f000 rw-p 0016a000 b3:02 11054      /usr/lib/arm-linux-gnueabihf/libgio-2.0.so.0.5800.3
7398f000-73990000 rw-p 00000000 00:00 0 
73990000-73998000 r-xp 00000000 b3:02 10854      /usr/lib/arm-linux-gnueabihf/libXrender.so.1.3.0
73998000-739a7000 ---p 00008000 b3:02 10854      /usr/lib/arm-linux-gnueabihf/libXrender.so.1.3.0
739a7000-739a8000 r--p 00007000 b3:02 10854      /usr/lib/arm-linux-gnueabihf/libXrender.so.1.3.0
739a8000-739a9000 rw-p 00008000 b3:02 10854      /usr/lib/arm-linux-gnueabihf/libXrender.so.1.3.0
739a9000-739b1000 r-xp 00000000 b3:02 10853      /usr/lib/arm-linux-gnueabihf/libXrandr.so.2.2.0
739b1000-739c0000 ---p 00008000 b3:02 10853      /usr/lib/arm-linux-gnueabihf/libXrandr.so.2.2.0
739c0000-739c1000 r--p 00007000 b3:02 10853      /usr/lib/arm-linux-gnueabihf/libXrandr.so.2.2.0
739c1000-739c2000 rw-p 00008000 b3:02 10853      /usr/lib/arm-linux-gnueabihf/libXrandr.so.2.2.0
739c2000-739dc000 r-xp 00000000 b3:02 2106       /lib/arm-linux-gnueabihf/libz.so.1.2.11
739dc000-739eb000 ---p 0001a000 b3:02 2106       /lib/arm-linux-gnueabihf/libz.so.1.2.11
739eb000-739ec000 r--p 00019000 b3:02 2106       /lib/arm-linux-gnueabihf/libz.so.1.2.11
739ec000-739ed000 rw-p 0001a000 b3:02 2106       /lib/arm-linux-gnueabihf/libz.so.1.2.11
739ed000-73a18000 r-xp 00000000 b3:02 11265      /usr/lib/arm-linux-gnueabihf/libpng16.so.16.36.0
73a18000-73a27000 ---p 0002b000 b3:02 11265      /usr/lib/arm-linux-gnueabihf/libpng16.so.16.36.0
73a27000-73a28000 r--p 0002a000 b3:02 11265      /usr/lib/arm-linux-gnueabihf/libpng16.so.16.36.0
73a28000-73a29000 rw-p 0002b000 b3:02 11265      /usr/lib/arm-linux-gnueabihf/libpng16.so.16.36.0
73a29000-73ab8000 r-xp 00000000 b3:02 2501       /usr/lib/arm-linux-gnueabihf/libfreetype.so.6.16.1
73ab8000-73ac7000 ---p 0008f000 b3:02 2501       /usr/lib/arm-linux-gnueabihf/libfreetype.so.6.16.1
73ac7000-73acb000 r--p 0008e000 b3:02 2501       /usr/lib/arm-linux-gnueabihf/libfreetype.so.6.16.1
73acb000-73acc000 rw-p 00092000 b3:02 2501       /usr/lib/arm-linux-gnueabihf/libfreetype.so.6.16.1
73acc000-73bff000 r-xp 00000000 b3:02 903915     /usr/lib/jvm/bellsoft-java13-arm32-vfp-hflt/lib/libfontmanager.so
73bff000-73c0f000 ---p 00133000 b3:02 903915     /usr/lib/jvm/bellsoft-java13-arm32-vfp-hflt/lib/libfontmanager.so
73c0f000-73c10000 r--p 00133000 b3:02 903915     /usr/lib/jvm/bellsoft-java13-arm32-vfp-hflt/lib/libfontmanager.so
73c10000-73c11000 rw-p 00134000 b3:02 903915     /usr/lib/jvm/bellsoft-java13-arm32-vfp-hflt/lib/libfontmanager.so
73c11000-73d14000 rw-p 00000000 00:00 0 
73d14000-73d22000 r-xp 00000000 b3:02 10844      /usr/lib/arm-linux-gnueabihf/libXext.so.6.4.0
73d22000-73d31000 ---p 0000e000 b3:02 10844      /usr/lib/arm-linux-gnueabihf/libXext.so.6.4.0
73d31000-73d32000 r--p 0000d000 b3:02 10844      /usr/lib/arm-linux-gnueabihf/libXext.so.6.4.0
73d32000-73d33000 rw-p 0000e000 b3:02 10844      /usr/lib/arm-linux-gnueabihf/libXext.so.6.4.0
73d33000-73d35000 r-xp 00000000 b3:02 10849      /usr/lib/arm-linux-gnueabihf/libXinerama.so.1.0.0
73d35000-73d44000 ---p 00002000 b3:02 10849      /usr/lib/arm-linux-gnueabihf/libXinerama.so.1.0.0
73d44000-73d45000 r--p 00001000 b3:02 10849      /usr/lib/arm-linux-gnueabihf/libXinerama.so.1.0.0
73d45000-73d46000 rw-p 00002000 b3:02 10849      /usr/lib/arm-linux-gnueabihf/libXinerama.so.1.0.0
73d46000-73d49000 ---p 00000000 00:00 0 
73d49000-73dc6000 rw-p 00000000 00:00 0 
73dc6000-73deb000 r--p 00000000 b3:02 37579      /usr/share/locale/pl/LC_MESSAGES/libc.mo
73deb000-73eeb000 rw-p 00000000 00:00 0 
73eeb000-73eee000 ---p 00000000 00:00 0 
73eee000-73f3b000 rw-p 00000000 00:00 0 
73f3b000-74049000 r-xp 00000000 b3:02 24100      /usr/lib/arm-linux-gnueabihf/libX11.so.6.3.0
74049000-74059000 ---p 0010e000 b3:02 24100      /usr/lib/arm-linux-gnueabihf/libX11.so.6.3.0
74059000-7405a000 r--p 0010e000 b3:02 24100      /usr/lib/arm-linux-gnueabihf/libX11.so.6.3.0
7405a000-7405d000 rw-p 0010f000 b3:02 24100      /usr/lib/arm-linux-gnueabihf/libX11.so.6.3.0
7405d000-740b9000 r-xp 00000000 b3:02 903842     /usr/lib/jvm/bellsoft-java13-arm32-vfp-hflt/lib/libawt_xawt.so
740b9000-740c8000 ---p 0005c000 b3:02 903842     /usr/lib/jvm/bellsoft-java13-arm32-vfp-hflt/lib/libawt_xawt.so
740c8000-740c9000 r--p 0005b000 b3:02 903842     /usr/lib/jvm/bellsoft-java13-arm32-vfp-hflt/lib/libawt_xawt.so
740c9000-740cb000 rw-p 0005c000 b3:02 903842     /usr/lib/jvm/bellsoft-java13-arm32-vfp-hflt/lib/libawt_xawt.so
740cb000-740cd000 rw-p 00000000 00:00 0 
740cd000-74143000 r-xp 00000000 b3:02 903866     /usr/lib/jvm/bellsoft-java13-arm32-vfp-hflt/lib/libawt.so
74143000-74152000 ---p 00076000 b3:02 903866     /usr/lib/jvm/bellsoft-java13-arm32-vfp-hflt/lib/libawt.so
74152000-74153000 r--p 00075000 b3:02 903866     /usr/lib/jvm/bellsoft-java13-arm32-vfp-hflt/lib/libawt.so
74153000-7415a000 rw-p 00076000 b3:02 903866     /usr/lib/jvm/bellsoft-java13-arm32-vfp-hflt/lib/libawt.so
7415a000-7417e000 rw-p 00000000 00:00 0 
7417e000-7417f000 ---p 00000000 00:00 0 
7417f000-74200000 rw-p 00000000 00:00 0 
74200000-742ec000 rw-p 00000000 00:00 0 
742ec000-74300000 ---p 00000000 00:00 0 
74300000-74400000 rw-p 00000000 00:00 0 
74400000-74500000 rw-p 00000000 00:00 0 
74502000-7450c000 r-xp 00000000 b3:02 11777      /usr/lib/arm-linux-gnueabihf/gio/modules/libdconfsettings.so
7450c000-7451c000 ---p 0000a000 b3:02 11777      /usr/lib/arm-linux-gnueabihf/gio/modules/libdconfsettings.so
7451c000-7451d000 r--p 0000a000 b3:02 11777      /usr/lib/arm-linux-gnueabihf/gio/modules/libdconfsettings.so
7451d000-7451e000 rw-p 0000b000 b3:02 11777      /usr/lib/arm-linux-gnueabihf/gio/modules/libdconfsettings.so
7451e000-74535000 r-xp 00000000 b3:02 10926      /usr/lib/arm-linux-gnueabihf/libbsd.so.0.9.1
74535000-74544000 ---p 00017000 b3:02 10926      /usr/lib/arm-linux-gnueabihf/libbsd.so.0.9.1
74544000-74545000 r--p 00016000 b3:02 10926      /usr/lib/arm-linux-gnueabihf/libbsd.so.0.9.1
74545000-74546000 rw-p 00017000 b3:02 10926      /usr/lib/arm-linux-gnueabihf/libbsd.so.0.9.1
74546000-74549000 ---p 00000000 00:00 0 
74549000-74596000 rw-p 00000000 00:00 0 
74596000-74599000 ---p 00000000 00:00 0 
74599000-745e6000 rw-p 00000000 00:00 0 
745e6000-745e9000 ---p 00000000 00:00 0 
745e9000-74636000 rw-p 00000000 00:00 0 
74636000-74639000 ---p 00000000 00:00 0 
74639000-74686000 rw-p 00000000 00:00 0 
74686000-74900000 r--p 0006b000 b3:02 51535      /usr/lib/locale/locale-archive
74900000-74b00000 r--p 00000000 b3:02 51535      /usr/lib/locale/locale-archive
74b00000-74bf9000 rw-p 00000000 00:00 0 
74bf9000-74c00000 ---p 00000000 00:00 0 
74c04000-74c0a000 r-xp 00000000 b3:02 2087       /lib/arm-linux-gnueabihf/librt-2.28.so
74c0a000-74c19000 ---p 00006000 b3:02 2087       /lib/arm-linux-gnueabihf/librt-2.28.so
74c19000-74c1a000 r--p 00005000 b3:02 2087       /lib/arm-linux-gnueabihf/librt-2.28.so
74c1a000-74c1b000 rw-p 00006000 b3:02 2087       /lib/arm-linux-gnueabihf/librt-2.28.so
74c1b000-74c1f000 r-xp 00000000 b3:02 10843      /usr/lib/arm-linux-gnueabihf/libXdmcp.so.6.0.0
74c1f000-74c2e000 ---p 00004000 b3:02 10843      /usr/lib/arm-linux-gnueabihf/libXdmcp.so.6.0.0
74c2e000-74c2f000 r--p 00003000 b3:02 10843      /usr/lib/arm-linux-gnueabihf/libXdmcp.so.6.0.0
74c2f000-74c30000 rw-p 00004000 b3:02 10843      /usr/lib/arm-linux-gnueabihf/libXdmcp.so.6.0.0
74c30000-74c33000 ---p 00000000 00:00 0 
74c33000-74cb0000 rw-p 00000000 00:00 0 
74cb0000-74cb3000 ---p 00000000 00:00 0 
74cb3000-74d00000 rw-p 00000000 00:00 0 
74d00000-74dfb000 rw-p 00000000 00:00 0 
74dfb000-74e00000 ---p 00000000 00:00 0 
74e03000-74e21000 r-xp 00000000 b3:02 11429      /usr/lib/arm-linux-gnueabihf/libxcb.so.1.1.0
74e21000-74e30000 ---p 0001e000 b3:02 11429      /usr/lib/arm-linux-gnueabihf/libxcb.so.1.1.0
74e30000-74e31000 r--p 0001d000 b3:02 11429      /usr/lib/arm-linux-gnueabihf/libxcb.so.1.1.0
74e31000-74e32000 rw-p 0001e000 b3:02 11429      /usr/lib/arm-linux-gnueabihf/libxcb.so.1.1.0
74e32000-74e33000 ---p 00000000 00:00 0 
74e33000-752fa000 rw-p 00000000 00:00 0 
752fa000-75300000 ---p 00000000 00:00 0 
75300000-75373000 rw-p 00000000 00:00 0 
75373000-75400000 ---p 00000000 00:00 0 
75407000-75408000 rw-p 00000000 00:00 0 
7540a000-7541d000 r-xp 00000000 b3:02 903849     /usr/lib/jvm/bellsoft-java13-arm32-vfp-hflt/lib/libnet.so
7541d000-7542c000 ---p 00013000 b3:02 903849     /usr/lib/jvm/bellsoft-java13-arm32-vfp-hflt/lib/libnet.so
7542c000-7542d000 r--p 00012000 b3:02 903849     /usr/lib/jvm/bellsoft-java13-arm32-vfp-hflt/lib/libnet.so
7542d000-7542e000 rw-p 00013000 b3:02 903849     /usr/lib/jvm/bellsoft-java13-arm32-vfp-hflt/lib/libnet.so
7542e000-75431000 ---p 00000000 00:00 0 
75431000-7547e000 rw-p 00000000 00:00 0 
7547e000-7547f000 ---p 00000000 00:00 0 
7547f000-75500000 rw-p 00000000 00:00 0 
75500000-755fb000 rw-p 00000000 00:00 0 
755fb000-75600000 ---p 00000000 00:00 0 
75600000-75606000 r-xp 00000000 b3:02 4483       /tmp/libpi4j-pigpio1663965523004444856.so
75606000-7560e000 ---p 00006000 b3:02 4483       /tmp/libpi4j-pigpio1663965523004444856.so
7560e000-7560f000 rw-p 00006000 b3:02 4483       /tmp/libpi4j-pigpio1663965523004444856.so
7560f000-7561c000 r-xp 00000000 b3:02 903840     /usr/lib/jvm/bellsoft-java13-arm32-vfp-hflt/lib/libnio.so
7561c000-7562c000 ---p 0000d000 b3:02 903840     /usr/lib/jvm/bellsoft-java13-arm32-vfp-hflt/lib/libnio.so
7562c000-7562d000 r--p 0000d000 b3:02 903840     /usr/lib/jvm/bellsoft-java13-arm32-vfp-hflt/lib/libnio.so
7562d000-7562e000 rw-p 0000e000 b3:02 903840     /usr/lib/jvm/bellsoft-java13-arm32-vfp-hflt/lib/libnio.so
7562e000-75631000 ---p 00000000 00:00 0 
75631000-7567e000 rw-p 00000000 00:00 0 
7567e000-7567f000 ---p 00000000 00:00 0 
7567f000-75700000 rw-p 00000000 00:00 0 
75700000-75721000 rw-p 00000000 00:00 0 
75721000-75800000 ---p 00000000 00:00 0 
75800000-75821000 rw-p 00000000 00:00 0 
75821000-75900000 ---p 00000000 00:00 0 
75900000-75921000 rw-p 00000000 00:00 0 
75921000-75a00000 ---p 00000000 00:00 0 
75a03000-75a04000 rwxs fe100000 00:05 5          /dev/mem
75a06000-75a11000 r--p 00000000 b3:02 131400     /usr/share/glib-2.0/schemas/gschemas.compiled
75a11000-75a18000 r--s 00000000 b3:02 11747      /usr/lib/arm-linux-gnueabihf/gconv/gconv-modules.cache
75a18000-75b63000 rw-p 00000000 00:00 0 
75b63000-7696b000 ---p 00000000 00:00 0 
7696b000-76a5b000 rw-p 00000000 00:00 0 
76a5b000-77863000 ---p 00000000 00:00 0 
77863000-77881000 rw-p 00000000 00:00 0 
77881000-77a42000 ---p 00000000 00:00 0 
77a42000-77a60000 rw-p 00000000 00:00 0 
77a60000-77c21000 ---p 00000000 00:00 0 
77c21000-77c3f000 rw-p 00000000 00:00 0 
77c3f000-77e00000 ---p 00000000 00:00 0 
77e00000-7ba00000 rw-p 00000000 00:00 0 
7ba00000-b3c00000 ---p 00000000 00:00 0 
b3c00000-b3c02000 r-xp 00000000 b3:02 10838      /usr/lib/arm-linux-gnueabihf/libXau.so.6.0.0
b3c02000-b3c11000 ---p 00002000 b3:02 10838      /usr/lib/arm-linux-gnueabihf/libXau.so.6.0.0
b3c11000-b3c12000 r--p 00001000 b3:02 10838      /usr/lib/arm-linux-gnueabihf/libXau.so.6.0.0
b3c12000-b3c13000 rw-p 00002000 b3:02 10838      /usr/lib/arm-linux-gnueabihf/libXau.so.6.0.0
b3c13000-b3c33000 rw-p 00000000 00:00 0 
b3c33000-b3c34000 ---p 00000000 00:00 0 
b3c34000-b3cb5000 rw-p 00000000 00:00 0 
b3cb5000-b3cb6000 ---p 00000000 00:00 0 
b3cb6000-b3d37000 rw-p 00000000 00:00 0 
b3d37000-b3d38000 ---p 00000000 00:00 0 
b3d38000-b3dbc000 rw-p 00000000 00:00 0 
b3dbc000-b3df9000 ---p 00000000 00:00 0 
b3df9000-b3f79000 rwxp 00000000 00:00 0 
b3f79000-b5df9000 ---p 00000000 00:00 0 
b5df9000-b5fbd000 r--s 00000000 b3:02 903900     /usr/lib/jvm/bellsoft-java13-arm32-vfp-hflt/lib/modules
b5fbd000-b5fcb000 r-xp 00000000 b3:02 903921     /usr/lib/jvm/bellsoft-java13-arm32-vfp-hflt/lib/libjimage.so
b5fcb000-b5fdb000 ---p 0000e000 b3:02 903921     /usr/lib/jvm/bellsoft-java13-arm32-vfp-hflt/lib/libjimage.so
b5fdb000-b5fdc000 r--p 0000e000 b3:02 903921     /usr/lib/jvm/bellsoft-java13-arm32-vfp-hflt/lib/libjimage.so
b5fdc000-b5fdd000 rw-p 0000f000 b3:02 903921     /usr/lib/jvm/bellsoft-java13-arm32-vfp-hflt/lib/libjimage.so
b5fdd000-b5fef000 r-xp 00000000 b3:02 903913     /usr/lib/jvm/bellsoft-java13-arm32-vfp-hflt/lib/libzip.so
b5fef000-b5ffe000 ---p 00012000 b3:02 903913     /usr/lib/jvm/bellsoft-java13-arm32-vfp-hflt/lib/libzip.so
b5ffe000-b5fff000 r--p 00011000 b3:02 903913     /usr/lib/jvm/bellsoft-java13-arm32-vfp-hflt/lib/libzip.so
b5fff000-b6000000 rw-p 00012000 b3:02 903913     /usr/lib/jvm/bellsoft-java13-arm32-vfp-hflt/lib/libzip.so
b6000000-b60f3000 rw-p 00000000 00:00 0 
b60f3000-b6100000 ---p 00000000 00:00 0 
b6101000-b610a000 r-xp 00000000 b3:02 2059       /lib/arm-linux-gnueabihf/libnss_files-2.28.so
b610a000-b611a000 ---p 00009000 b3:02 2059       /lib/arm-linux-gnueabihf/libnss_files-2.28.so
b611a000-b611b000 r--p 00009000 b3:02 2059       /lib/arm-linux-gnueabihf/libnss_files-2.28.so
b611b000-b611c000 rw-p 0000a000 b3:02 2059       /lib/arm-linux-gnueabihf/libnss_files-2.28.so
b611c000-b6122000 rw-p 00000000 00:00 0 
b6122000-b612b000 r-xp 00000000 b3:02 903841     /usr/lib/jvm/bellsoft-java13-arm32-vfp-hflt/lib/libinstrument.so
b612b000-b613a000 ---p 00009000 b3:02 903841     /usr/lib/jvm/bellsoft-java13-arm32-vfp-hflt/lib/libinstrument.so
b613a000-b613b000 r--p 00008000 b3:02 903841     /usr/lib/jvm/bellsoft-java13-arm32-vfp-hflt/lib/libinstrument.so
b613b000-b613c000 rw-p 00009000 b3:02 903841     /usr/lib/jvm/bellsoft-java13-arm32-vfp-hflt/lib/libinstrument.so
b613c000-b6159000 r-xp 00000000 b3:02 903874     /usr/lib/jvm/bellsoft-java13-arm32-vfp-hflt/lib/libjava.so
b6159000-b6168000 ---p 0001d000 b3:02 903874     /usr/lib/jvm/bellsoft-java13-arm32-vfp-hflt/lib/libjava.so
b6168000-b6169000 r--p 0001c000 b3:02 903874     /usr/lib/jvm/bellsoft-java13-arm32-vfp-hflt/lib/libjava.so
b6169000-b616a000 rw-p 0001d000 b3:02 903874     /usr/lib/jvm/bellsoft-java13-arm32-vfp-hflt/lib/libjava.so
b616a000-b6174000 r-xp 00000000 b3:02 903909     /usr/lib/jvm/bellsoft-java13-arm32-vfp-hflt/lib/libverify.so
b6174000-b6183000 ---p 0000a000 b3:02 903909     /usr/lib/jvm/bellsoft-java13-arm32-vfp-hflt/lib/libverify.so
b6183000-b6184000 r--p 00009000 b3:02 903909     /usr/lib/jvm/bellsoft-java13-arm32-vfp-hflt/lib/libverify.so
b6184000-b6185000 rw-p 0000a000 b3:02 903909     /usr/lib/jvm/bellsoft-java13-arm32-vfp-hflt/lib/libverify.so
b6185000-b6188000 ---p 00000000 00:00 0 
b6188000-b61d5000 rw-p 00000000 00:00 0 
b61d5000-b6246000 r-xp 00000000 b3:02 2046       /lib/arm-linux-gnueabihf/libm-2.28.so
b6246000-b6255000 ---p 00071000 b3:02 2046       /lib/arm-linux-gnueabihf/libm-2.28.so
b6255000-b6256000 r--p 00070000 b3:02 2046       /lib/arm-linux-gnueabihf/libm-2.28.so
b6256000-b6257000 rw-p 00071000 b3:02 2046       /lib/arm-linux-gnueabihf/libm-2.28.so
b6257000-b6d35000 r-xp 00000000 b3:02 903912     /usr/lib/jvm/bellsoft-java13-arm32-vfp-hflt/lib/server/libjvm.so
b6d35000-b6d45000 ---p 00ade000 b3:02 903912     /usr/lib/jvm/bellsoft-java13-arm32-vfp-hflt/lib/server/libjvm.so
b6d45000-b6d80000 r--p 00ade000 b3:02 903912     /usr/lib/jvm/bellsoft-java13-arm32-vfp-hflt/lib/server/libjvm.so
b6d80000-b6da0000 rw-p 00b19000 b3:02 903912     /usr/lib/jvm/bellsoft-java13-arm32-vfp-hflt/lib/server/libjvm.so
b6da0000-b6dda000 rw-p 00000000 00:00 0 
b6dda000-b6f12000 r-xp 00000000 b3:02 2020       /lib/arm-linux-gnueabihf/libc-2.28.so
b6f12000-b6f22000 ---p 00138000 b3:02 2020       /lib/arm-linux-gnueabihf/libc-2.28.so
b6f22000-b6f24000 r--p 00138000 b3:02 2020       /lib/arm-linux-gnueabihf/libc-2.28.so
b6f24000-b6f25000 rw-p 0013a000 b3:02 2020       /lib/arm-linux-gnueabihf/libc-2.28.so
b6f25000-b6f28000 rw-p 00000000 00:00 0 
b6f28000-b6f2a000 r-xp 00000000 b3:02 2029       /lib/arm-linux-gnueabihf/libdl-2.28.so
b6f2a000-b6f39000 ---p 00002000 b3:02 2029       /lib/arm-linux-gnueabihf/libdl-2.28.so
b6f39000-b6f3a000 r--p 00001000 b3:02 2029       /lib/arm-linux-gnueabihf/libdl-2.28.so
b6f3a000-b6f3b000 rw-p 00002000 b3:02 2029       /lib/arm-linux-gnueabihf/libdl-2.28.so
b6f3b000-b6f52000 r-xp 00000000 b3:02 2083       /lib/arm-linux-gnueabihf/libpthread-2.28.so
b6f52000-b6f61000 ---p 00017000 b3:02 2083       /lib/arm-linux-gnueabihf/libpthread-2.28.so
b6f61000-b6f62000 r--p 00016000 b3:02 2083       /lib/arm-linux-gnueabihf/libpthread-2.28.so
b6f62000-b6f63000 rw-p 00017000 b3:02 2083       /lib/arm-linux-gnueabihf/libpthread-2.28.so
b6f63000-b6f65000 rw-p 00000000 00:00 0 
b6f6a000-b6f7a000 rw-p 00000000 00:00 0 
b6f7a000-b6f8f000 r-xp 00000000 b3:02 903894     /usr/lib/jvm/bellsoft-java13-arm32-vfp-hflt/lib/libjli.so
b6f8f000-b6f9f000 ---p 00015000 b3:02 903894     /usr/lib/jvm/bellsoft-java13-arm32-vfp-hflt/lib/libjli.so
b6f9f000-b6fa0000 r--p 00015000 b3:02 903894     /usr/lib/jvm/bellsoft-java13-arm32-vfp-hflt/lib/libjli.so
b6fa0000-b6fa1000 rw-p 00016000 b3:02 903894     /usr/lib/jvm/bellsoft-java13-arm32-vfp-hflt/lib/libjli.so
b6fa1000-b6fa5000 r-xp 00000000 b3:02 10875      /usr/lib/arm-linux-gnueabihf/libarmmem-v7l.so
b6fa5000-b6fb4000 ---p 00004000 b3:02 10875      /usr/lib/arm-linux-gnueabihf/libarmmem-v7l.so
b6fb4000-b6fb5000 r--p 00003000 b3:02 10875      /usr/lib/arm-linux-gnueabihf/libarmmem-v7l.so
b6fb5000-b6fb6000 rw-p 00004000 b3:02 10875      /usr/lib/arm-linux-gnueabihf/libarmmem-v7l.so
b6fb6000-b6fd6000 r-xp 00000000 b3:02 1944       /lib/arm-linux-gnueabihf/ld-2.28.so
b6fd6000-b6fd7000 r--p 00000000 b3:02 515364     /home/pi/.config/dconf/user
b6fd7000-b6fd8000 r--s 00000000 00:28 26         /run/user/1000/dconf/user
b6fd8000-b6fe0000 rw-s 00000000 b3:02 901566     /tmp/hsperfdata_root/4311
b6fe0000-b6fe1000 r--p 00000000 00:00 0 
b6fe1000-b6fe2000 ---p 00000000 00:00 0 
b6fe2000-b6fe6000 rw-p 00000000 00:00 0 
b6fe6000-b6fe7000 r--p 00020000 b3:02 1944       /lib/arm-linux-gnueabihf/ld-2.28.so
b6fe7000-b6fe8000 rw-p 00021000 b3:02 1944       /lib/arm-linux-gnueabihf/ld-2.28.so
beb39000-beb5a000 rw-p 00000000 00:00 0          [stack]
bee51000-bee52000 r-xp 00000000 00:00 0          [sigpage]
bee52000-bee53000 r--p 00000000 00:00 0          [vvar]
bee53000-bee54000 r-xp 00000000 00:00 0          [vdso]
ffff0000-ffff1000 r-xp 00000000 00:00 0          [vectors]


VM Arguments:
jvm_args: -javaagent:/home/pi/Desktop/idea-IC-202.7660.26/lib/idea_rt.jar=42027:/home/pi/Desktop/idea-IC-202.7660.26/bin -Dfile.encoding=UTF-8 --module-path=/root/IdeaProjects/pi4j-example-minimal/target/classes:/root/.m2/repository/org/slf4j/slf4j-api/2.0.0-alpha0/slf4j-api-2.0.0-alpha0.jar:/root/.m2/repository/org/slf4j/slf4j-simple/2.0.0-alpha0/slf4j-simple-2.0.0-alpha0.jar:/root/.m2/repository/com/pi4j/pi4j-core/2.0-SNAPSHOT/pi4j-core-2.0-20210326.183037-28.jar:/root/.m2/repository/com/pi4j/pi4j-plugin-raspberrypi/2.0-SNAPSHOT/pi4j-plugin-raspberrypi-2.0-20210326.183059-37.jar:/root/.m2/repository/com/pi4j/pi4j-plugin-pigpio/2.0-SNAPSHOT/pi4j-plugin-pigpio-2.0-20210326.183053-37.jar:/root/.m2/repository/com/pi4j/pi4j-library-pigpio/2.0-SNAPSHOT/pi4j-library-pigpio-2.0-20210326.183020-46.jar -Djdk.module.main=com.pi4j.example 
java_command: com.pi4j.example/com.pi4j.example.Test
java_class_path (initial): <not set>
Launcher Type: SUN_STANDARD

[Global flags]
     uint ConcGCThreads                            = 1                                         {product} {ergonomic}
     uint G1ConcRefinementThreads                  = 4                                         {product} {ergonomic}
   size_t G1HeapRegionSize                         = 1048576                                   {product} {ergonomic}
    uintx GCDrainStackTargetSize                   = 64                                        {product} {ergonomic}
   size_t InitialHeapSize                          = 62914560                                  {product} {ergonomic}
   size_t MarkStackSize                            = 32768                                     {product} {ergonomic}
   size_t MaxHeapSize                              = 1004535808                                {product} {ergonomic}
   size_t MaxNewSize                               = 601882624                                 {product} {ergonomic}
   size_t MinHeapDeltaBytes                        = 1048576                                   {product} {ergonomic}
   size_t MinHeapSize                              = 6291456                                   {product} {ergonomic}
    uintx NonProfiledCodeHeapSize                  = 0                                      {pd product} {ergonomic}
    uintx ProfiledCodeHeapSize                     = 0                                      {pd product} {ergonomic}
   size_t SoftMaxHeapSize                          = 1004535808                             {manageable} {ergonomic}
     bool UseAOT                                   = false                                     {product} {ergonomic}
     bool UseG1GC                                  = true                                      {product} {ergonomic}

Logging:
Log output configuration:
 #0: stdout all=warning uptime,level,tags
 #1: stderr all=off uptime,level,tags

Environment Variables:
PATH=/usr/local/sbin:/usr/local/bin:/usr/sbin:/usr/bin:/sbin:/bin:/usr/local/games:/usr/games:/opt/apache-maven-3.6.3/bin
SHELL=/bin/bash
DISPLAY=:0.0

Signal Handlers:
SIGSEGV: [libjvm.so+0xa2a368], sa_mask[0]=11111111011111111101111111111110, sa_flags=SA_RESTART|SA_SIGINFO
SIGBUS: [libjvm.so+0xa2a368], sa_mask[0]=11111111011111111101111111111110, sa_flags=SA_RESTART|SA_SIGINFO
SIGFPE: [libjvm.so+0xa2a368], sa_mask[0]=11111111011111111101111111111110, sa_flags=SA_RESTART|SA_SIGINFO
SIGPIPE: SIG_IGN, sa_mask[0]=00000000000010000000000000000000, sa_flags=SA_RESTART
SIGXFSZ: [libjvm.so+0x823ebc], sa_mask[0]=11111111011111111101111111111110, sa_flags=SA_RESTART|SA_SIGINFO
SIGILL: [libjvm.so+0xa2a368], sa_mask[0]=11111111011111111101111111111110, sa_flags=SA_RESTART|SA_SIGINFO
SIGUSR2: [libjvm.so+0x823d50], sa_mask[0]=00100000000000000000000000000000, sa_flags=SA_RESTART|SA_SIGINFO
SIGHUP: [libjvm.so+0x824600], sa_mask[0]=11111111011111111101111111111110, sa_flags=SA_RESTART|SA_SIGINFO
SIGINT: [libjvm.so+0x824600], sa_mask[0]=11111111011111111101111111111110, sa_flags=SA_RESTART|SA_SIGINFO
SIGTERM: [libjvm.so+0x824600], sa_mask[0]=11111111011111111101111111111110, sa_flags=SA_RESTART|SA_SIGINFO
SIGQUIT: [libjvm.so+0x824600], sa_mask[0]=11111111011111111101111111111110, sa_flags=SA_RESTART|SA_SIGINFO


---------------  S Y S T E M  ---------------

OS:PRETTY_NAME="Raspbian GNU/Linux 10 (buster)"
NAME="Raspbian GNU/Linux"
VERSION_ID="10"
VERSION="10 (buster)"
VERSION_CODENAME=buster
ID=raspbian
ID_LIKE=debian
HOME_URL="http://www.raspbian.org/"
SUPPORT_URL="http://www.raspbian.org/RaspbianForums"
BUG_REPORT_URL="http://www.raspbian.org/RaspbianBugs"
uname:Linux 5.10.17-v7l+ #1403 SMP Mon Feb 22 11:33:35 GMT 2021 armv7l
libc:glibc 2.28 NPTL 2.28 
rlimit: STACK 8192k, CORE 0k, NPROC 28554, NOFILE 1048576, AS infinity, DATA infinity, FSIZE infinity
load average:2,08 2,03 2,01

/proc/meminfo:
MemTotal:        3919128 kB
MemFree:         2452348 kB
MemAvailable:    3144124 kB
Buffers:           45152 kB
Cached:           802668 kB
SwapCached:            0 kB
Active:           349712 kB
Inactive:        1004760 kB
Active(anon):       4636 kB
Inactive(anon):   549684 kB
Active(file):     345076 kB
Inactive(file):   455076 kB
Unevictable:       32436 kB
Mlocked:              36 kB
HighTotal:       3264512 kB
HighFree:        1907444 kB
LowTotal:         654616 kB
LowFree:          544904 kB
SwapTotal:             0 kB
SwapFree:              0 kB
Dirty:                44 kB
Writeback:             0 kB
AnonPages:        522824 kB
Mapped:           110116 kB
Shmem:             47672 kB
KReclaimable:      23412 kB
Slab:              43524 kB
SReclaimable:      23412 kB
SUnreclaim:        20112 kB
KernelStack:        2096 kB
PageTables:         5460 kB
NFS_Unstable:          0 kB
Bounce:                0 kB
WritebackTmp:          0 kB
CommitLimit:     1959564 kB
Committed_AS:    1662780 kB
VmallocTotal:     245760 kB
VmallocUsed:        5224 kB
VmallocChunk:          0 kB
Percpu:              512 kB
CmaTotal:         262144 kB
CmaFree:          249648 kB


/proc/sys/kernel/threads-max (system-wide limit on the number of threads):
57108


/proc/sys/vm/max_map_count (maximum number of memory map areas a process may have):
65530


/proc/sys/kernel/pid_max (system-wide limit on number of process identifiers):
32768



/etc/ld.so.preload:
/usr/lib/arm-linux-gnueabihf/libarmmem-${PLATFORM}.so

Steal ticks since vm start: 0
Steal ticks percentage since vm start:  0,000

CPU:total 4 (initial active 4) (ARMv7), vfp, vfp3-32, simd, mp_ext

/proc/cpuinfo:
processor	: 0
model name	: ARMv7 Processor rev 3 (v7l)
BogoMIPS	: 270.00
Features	: half thumb fastmult vfp edsp neon vfpv3 tls vfpv4 idiva idivt vfpd32 lpae evtstrm crc32 
CPU implementer	: 0x41
CPU architecture: 7
CPU variant	: 0x0
CPU part	: 0xd08
CPU revision	: 3

processor	: 1
model name	: ARMv7 Processor rev 3 (v7l)
BogoMIPS	: 270.00
Features	: half thumb fastmult vfp edsp neon vfpv3 tls vfpv4 idiva idivt vfpd32 lpae evtstrm crc32 
CPU implementer	: 0x41
CPU architecture: 7
CPU variant	: 0x0
CPU part	: 0xd08
CPU revision	: 3

processor	: 2
model name	: ARMv7 Processor rev 3 (v7l)
BogoMIPS	: 270.00
Features	: half thumb fastmult vfp edsp neon vfpv3 tls vfpv4 idiva idivt vfpd32 lpae evtstrm crc32 
CPU implementer	: 0x41
CPU architecture: 7
CPU variant	: 0x0
CPU part	: 0xd08
CPU revision	: 3

processor	: 3
model name	: ARMv7 Processor rev 3 (v7l)
BogoMIPS	: 270.00
Features	: half thumb fastmult vfp edsp neon vfpv3 tls vfpv4 idiva idivt vfpd32 lpae evtstrm crc32 
CPU implementer	: 0x41
CPU architecture: 7
CPU variant	: 0x0
CPU part	: 0xd08
CPU revision	: 3

Hardware	: BCM2711
Revision	: c03112
Serial		: 1000000022737370
Model		: Raspberry Pi 4 Model B Rev 1.2

Memory: 4k page, physical 3919128k(2469368k free), swap 0k(0k free)

vm_info: OpenJDK Server VM (13-BellSoft+33) for linux-arm-vfp-hflt JRE (13-BellSoft+33), built on Sep 19 2019 13:58:59 by "bellsoft" with gcc 7.3.1 20180425 [linaro-7.3-2018.05 revision d29120a424ecfbc167ef90065c0eeb7f91977701]

END.
